 ===========================
  Output from program Dusty 
  Version: 2.0
 ===========================
  
  INPUT parameters from file:
  aringerOkmh_2600_1000.inp                                             
  
* ----------------------------------------------------------------------
* NOTES:
* This is a simple version of an input file producing a minimal output.
* ----------------------------------------------------------------------
  Stellar spectrum supplied from file:
  aringerO_2600_resampled.dat                                           
  --------------------------------------------
  Abundances for supported grains:
  Sil-Ow Sil-Oc Sil-DL grf-DL amC-Hn SiC-Pg
  1.000  0.000  0.000  0.000  0.000  0.000
  KMH size distribution:
       Power q:  3.5
  Minimal size: 1.00E-02 microns
  Characteristic size: 1.00E+00 microns
  --------------------------------------------
  Dust temperature on the inner boundary: 1000 K
  --------------------------------------------
  Density for radiatively driven winds from
  full dynamic calculation.
  Relative thickness: 1.000E+04
  --------------------------------------------
  Optical depths at 1.0E+01 microns
  ranging from 1.00E-01 to 5.00E+01
  100 models with logarithmic grid           
  Required accuracy: 5%
  --------------------------------------------
  
  ====================================================  
  For compliance with the point-source assumption, the
  following results should only be applied to sources 
  whose effective temperature exceeds 2619 K.
  ====================================================
          
  RESULTS:
  --------
 ###   tau0   F1(W/m2)  r1(cm)    r1/rc   theta1  Td(Y) err   Mdot      Ve       M> 
 ###     1        2        3        4        5      6    7      8        9       10 
 ======================================================================================
   1 1.00E-01 1.47E+05 1.44E+14 6.22E+01 1.08E+00   25   0  1.12E-06 1.67E+01 1.07E+00
   2 1.06E-01 1.45E+05 1.45E+14 6.25E+01 1.08E+00   25   0  1.18E-06 1.69E+01 1.09E+00
   3 1.13E-01 1.44E+05 1.46E+14 6.27E+01 1.09E+00   25   0  1.24E-06 1.70E+01 1.12E+00
   4 1.21E-01 1.43E+05 1.46E+14 6.30E+01 1.09E+00   25   0  1.31E-06 1.71E+01 1.14E+00
   5 1.29E-01 1.42E+05 1.47E+14 6.33E+01 1.10E+00   25   0  1.38E-06 1.72E+01 1.17E+00
   6 1.37E-01 1.41E+05 1.48E+14 6.35E+01 1.10E+00   25   0  1.45E-06 1.73E+01 1.19E+00
   7 1.46E-01 1.39E+05 1.48E+14 6.38E+01 1.11E+00   25   0  1.53E-06 1.74E+01 1.22E+00
   8 1.55E-01 1.38E+05 1.49E+14 6.42E+01 1.11E+00   25   0  1.61E-06 1.75E+01 1.24E+00
   9 1.65E-01 1.36E+05 1.50E+14 6.45E+01 1.12E+00   25   0  1.69E-06 1.76E+01 1.27E+00
  10 1.76E-01 1.35E+05 1.51E+14 6.49E+01 1.12E+00   25   0  1.78E-06 1.77E+01 1.29E+00
  11 1.87E-01 1.33E+05 1.51E+14 6.52E+01 1.13E+00   25   0  1.87E-06 1.77E+01 1.32E+00
  12 1.99E-01 1.32E+05 1.52E+14 6.56E+01 1.14E+00   25   0  1.97E-06 1.78E+01 1.34E+00
  13 2.12E-01 1.30E+05 1.53E+14 6.60E+01 1.14E+00   25   0  2.08E-06 1.79E+01 1.37E+00
  14 2.26E-01 1.29E+05 1.54E+14 6.65E+01 1.15E+00   25   0  2.19E-06 1.79E+01 1.39E+00
  15 2.41E-01 1.27E+05 1.55E+14 6.69E+01 1.16E+00   24   0  2.30E-06 1.79E+01 1.42E+00
  16 2.56E-01 1.25E+05 1.56E+14 6.74E+01 1.17E+00   24   0  2.43E-06 1.80E+01 1.44E+00
  17 2.73E-01 1.23E+05 1.57E+14 6.78E+01 1.17E+00   24   0  2.55E-06 1.80E+01 1.46E+00
  18 2.91E-01 1.22E+05 1.59E+14 6.83E+01 1.18E+00   24   0  2.69E-06 1.80E+01 1.49E+00
  19 3.10E-01 1.20E+05 1.60E+14 6.89E+01 1.19E+00   24   0  2.83E-06 1.80E+01 1.51E+00
  20 3.30E-01 1.17E+05 1.62E+14 6.96E+01 1.21E+00   24   0  3.02E-06 1.80E+01 1.53E+00
  21 3.51E-01 1.15E+05 1.63E+14 7.01E+01 1.21E+00   24   0  3.18E-06 1.80E+01 1.56E+00
  22 3.74E-01 1.13E+05 1.64E+14 7.07E+01 1.23E+00   24   0  3.35E-06 1.80E+01 1.58E+00
  23 3.98E-01 1.12E+05 1.66E+14 7.13E+01 1.24E+00   24   0  3.53E-06 1.79E+01 1.59E+00
  24 4.24E-01 1.10E+05 1.67E+14 7.20E+01 1.25E+00   24   0  3.71E-06 1.78E+01 1.61E+00
  25 4.51E-01 1.08E+05 1.69E+14 7.26E+01 1.26E+00   23   0  3.91E-06 1.78E+01 1.63E+00
  26 4.80E-01 1.06E+05 1.70E+14 7.33E+01 1.27E+00   23   0  4.11E-06 1.77E+01 1.65E+00
  27 5.11E-01 1.04E+05 1.72E+14 7.40E+01 1.28E+00   23   0  4.33E-06 1.76E+01 1.66E+00
  28 5.45E-01 1.02E+05 1.73E+14 7.47E+01 1.29E+00   23   0  4.56E-06 1.75E+01 1.68E+00
  29 5.80E-01 9.97E+04 1.75E+14 7.54E+01 1.31E+00   23   0  4.80E-06 1.74E+01 1.69E+00
  30 6.17E-01 9.77E+04 1.77E+14 7.62E+01 1.32E+00   23   0  5.05E-06 1.72E+01 1.70E+00
  31 6.57E-01 9.58E+04 1.79E+14 7.70E+01 1.33E+00   23   0  5.31E-06 1.71E+01 1.71E+00
  32 7.00E-01 9.38E+04 1.81E+14 7.78E+01 1.35E+00   23   0  5.59E-06 1.69E+01 1.72E+00
  33 7.45E-01 9.18E+04 1.82E+14 7.86E+01 1.36E+00   23   0  5.88E-06 1.68E+01 1.73E+00
  34 7.94E-01 8.99E+04 1.84E+14 7.95E+01 1.38E+00   22   0  6.19E-06 1.66E+01 1.74E+00
  35 8.45E-01 8.80E+04 1.86E+14 8.03E+01 1.39E+00   22   0  6.51E-06 1.64E+01 1.75E+00
  36 9.00E-01 8.60E+04 1.89E+14 8.12E+01 1.41E+00   22   0  6.84E-06 1.62E+01 1.75E+00
  37 9.58E-01 8.41E+04 1.91E+14 8.21E+01 1.42E+00   22   0  7.20E-06 1.60E+01 1.76E+00
  38 1.02E+00 8.22E+04 1.93E+14 8.31E+01 1.44E+00   22   0  7.57E-06 1.58E+01 1.76E+00
  39 1.09E+00 8.04E+04 1.95E+14 8.40E+01 1.46E+00   22   0  7.96E-06 1.56E+01 1.76E+00
  40 1.16E+00 7.85E+04 1.97E+14 8.50E+01 1.47E+00   22   0  8.37E-06 1.54E+01 1.77E+00
  41 1.23E+00 7.66E+04 2.00E+14 8.60E+01 1.49E+00   22   0  8.80E-06 1.52E+01 1.77E+00
  42 1.31E+00 7.48E+04 2.02E+14 8.71E+01 1.51E+00   21   0  9.25E-06 1.50E+01 1.77E+00
  43 1.40E+00 7.30E+04 2.05E+14 8.82E+01 1.53E+00   21   0  9.73E-06 1.47E+01 1.77E+00
  44 1.49E+00 7.12E+04 2.07E+14 8.93E+01 1.55E+00   21   0  1.02E-05 1.45E+01 1.77E+00
  45 1.58E+00 6.94E+04 2.10E+14 9.04E+01 1.57E+00   21   0  1.08E-05 1.43E+01 1.77E+00
  46 1.69E+00 6.77E+04 2.13E+14 9.16E+01 1.59E+00   21   0  1.13E-05 1.41E+01 1.77E+00
  47 1.80E+00 6.59E+04 2.15E+14 9.28E+01 1.61E+00   21   0  1.20E-05 1.40E+01 1.77E+00
  48 1.91E+00 6.42E+04 2.18E+14 9.41E+01 1.63E+00   21   0  1.26E-05 1.38E+01 1.77E+00
  49 2.04E+00 6.24E+04 2.21E+14 9.53E+01 1.65E+00   21   0  1.34E-05 1.37E+01 1.78E+00
  50 2.17E+00 6.07E+04 2.24E+14 9.67E+01 1.67E+00   20   0  1.41E-05 1.36E+01 1.78E+00
  51 2.31E+00 5.90E+04 2.28E+14 9.81E+01 1.70E+00   20   0  1.50E-05 1.35E+01 1.79E+00
  52 2.46E+00 5.73E+04 2.31E+14 9.95E+01 1.72E+00   20   0  1.58E-05 1.34E+01 1.79E+00
  53 2.62E+00 5.56E+04 2.34E+14 1.01E+02 1.75E+00   20   0  1.68E-05 1.33E+01 1.79E+00
  54 2.79E+00 5.40E+04 2.38E+14 1.03E+02 1.78E+00   20   0  1.78E-05 1.32E+01 1.80E+00
  55 2.97E+00 5.24E+04 2.42E+14 1.04E+02 1.80E+00   20   0  1.88E-05 1.31E+01 1.80E+00
  56 3.16E+00 5.07E+04 2.46E+14 1.06E+02 1.83E+00   20   0  2.00E-05 1.29E+01 1.80E+00
  57 3.36E+00 4.91E+04 2.50E+14 1.08E+02 1.86E+00   20   0  2.12E-05 1.28E+01 1.80E+00
  58 3.58E+00 4.75E+04 2.54E+14 1.09E+02 1.89E+00   19   0  2.25E-05 1.27E+01 1.81E+00
  59 3.81E+00 4.64E+04 2.57E+14 1.11E+02 1.92E+00   19   0  2.35E-05 1.26E+01 1.81E+00
  60 4.06E+00 4.48E+04 2.61E+14 1.13E+02 1.95E+00   19   0  2.50E-05 1.25E+01 1.81E+00
  61 4.32E+00 4.33E+04 2.66E+14 1.15E+02 1.98E+00   19   0  2.66E-05 1.24E+01 1.82E+00
  62 4.60E+00 4.17E+04 2.71E+14 1.17E+02 2.02E+00   19   0  2.82E-05 1.22E+01 1.82E+00
  63 4.90E+00 3.99E+04 2.77E+14 1.19E+02 2.07E+00   19   0  3.04E-05 1.21E+01 1.82E+00
  64 5.22E+00 3.84E+04 2.82E+14 1.22E+02 2.11E+00   19   0  3.23E-05 1.20E+01 1.82E+00
  65 5.56E+00 3.70E+04 2.88E+14 1.24E+02 2.15E+00   18   0  3.44E-05 1.19E+01 1.82E+00
  66 5.92E+00 3.55E+04 2.93E+14 1.26E+02 2.19E+00   18   0  3.66E-05 1.17E+01 1.83E+00
  67 6.30E+00 3.41E+04 2.99E+14 1.29E+02 2.23E+00   18   0  3.90E-05 1.16E+01 1.83E+00
  68 6.71E+00 3.27E+04 3.06E+14 1.32E+02 2.28E+00   18   0  4.16E-05 1.15E+01 1.83E+00
  69 7.14E+00 3.14E+04 3.12E+14 1.34E+02 2.33E+00   18   0  4.44E-05 1.13E+01 1.84E+00
  70 7.61E+00 3.01E+04 3.19E+14 1.37E+02 2.38E+00   18   0  4.74E-05 1.12E+01 1.84E+00
  71 8.10E+00 2.91E+04 3.24E+14 1.40E+02 2.42E+00   18   0  4.98E-05 1.11E+01 1.84E+00
  72 8.62E+00 2.78E+04 3.31E+14 1.43E+02 2.47E+00   17   0  5.32E-05 1.10E+01 1.85E+00
  73 9.18E+00 2.66E+04 3.39E+14 1.46E+02 2.53E+00   17   1  5.69E-05 1.08E+01 1.85E+00
  74 9.78E+00 2.54E+04 3.47E+14 1.50E+02 2.59E+00   17   1  6.09E-05 1.07E+01 1.86E+00
  75 1.04E+01 2.42E+04 3.56E+14 1.53E+02 2.65E+00   17   1  6.51E-05 1.05E+01 1.86E+00
  76 1.11E+01 2.28E+04 3.66E+14 1.58E+02 2.73E+00   17   0  7.06E-05 1.04E+01 1.86E+00
  77 1.18E+01 2.17E+04 3.75E+14 1.62E+02 2.80E+00   17   1  7.56E-05 1.03E+01 1.87E+00
  78 1.26E+01 2.05E+04 3.87E+14 1.66E+02 2.88E+00   16   0  8.15E-05 1.03E+01 1.87E+00
  79 1.34E+01 1.94E+04 3.97E+14 1.71E+02 2.96E+00   16   0  8.73E-05 1.01E+01 1.87E+00
  80 1.42E+01 1.85E+04 4.07E+14 1.75E+02 3.04E+00   16   1  9.36E-05 9.98E+00 1.88E+00
  81 1.52E+01 1.75E+04 4.18E+14 1.80E+02 3.12E+00   16   1  1.00E-04 9.83E+00 1.88E+00
  82 1.62E+01 1.66E+04 4.29E+14 1.85E+02 3.20E+00   16   1  1.08E-04 9.69E+00 1.89E+00
  83 1.72E+01 1.57E+04 4.41E+14 1.90E+02 3.29E+00   15   1  1.16E-04 9.55E+00 1.89E+00
  84 1.83E+01 1.49E+04 4.54E+14 1.95E+02 3.38E+00   15   1  1.24E-04 9.40E+00 1.90E+00
  85 1.95E+01 1.41E+04 4.67E+14 2.01E+02 3.48E+00   15   1  1.34E-04 9.26E+00 1.90E+00
  86 2.08E+01 1.33E+04 4.80E+14 2.07E+02 3.58E+00   15   1  1.44E-04 9.12E+00 1.91E+00
  87 2.21E+01 1.27E+04 4.90E+14 2.11E+02 3.66E+00   15   2  1.52E-04 8.97E+00 1.91E+00
  88 2.35E+01 1.20E+04 5.04E+14 2.17E+02 3.76E+00   15   2  1.64E-04 8.82E+00 1.92E+00
  89 2.51E+01 1.13E+04 5.19E+14 2.24E+02 3.88E+00   14   2  1.76E-04 8.68E+00 1.93E+00
  90 2.67E+01 1.07E+04 5.35E+14 2.30E+02 3.99E+00   14   2  1.90E-04 8.54E+00 1.93E+00
  91 2.84E+01 1.01E+04 5.51E+14 2.38E+02 4.11E+00   14   2  2.05E-04 8.40E+00 1.94E+00
  92 3.03E+01 9.46E+03 5.68E+14 2.45E+02 4.24E+00   14   2  2.21E-04 8.26E+00 1.95E+00
  93 3.22E+01 8.90E+03 5.86E+14 2.52E+02 4.37E+00   14   2  2.38E-04 8.12E+00 1.95E+00
  94 3.43E+01 8.37E+03 6.04E+14 2.60E+02 4.51E+00   13   2  2.57E-04 7.98E+00 1.96E+00
  95 3.65E+01 7.87E+03 6.24E+14 2.69E+02 4.65E+00   13   3  2.77E-04 7.85E+00 1.97E+00
  96 3.89E+01 7.39E+03 6.43E+14 2.77E+02 4.80E+00   13   3  2.99E-04 7.72E+00 1.98E+00
  97 4.14E+01 6.93E+03 6.64E+14 2.86E+02 4.95E+00   13   3  3.23E-04 7.59E+00 1.99E+00
  98 4.41E+01 6.50E+03 6.86E+14 2.95E+02 5.12E+00   13   3  3.49E-04 7.47E+00 2.00E+00
  99 4.70E+01 6.10E+03 7.08E+14 3.05E+02 5.28E+00   12   3  3.78E-04 7.35E+00 2.01E+00
 100 5.00E+01 5.71E+03 7.32E+14 3.15E+02 5.46E+00   12   3  4.08E-04 7.23E+00 2.02E+00
 ======================================================================================
   (1) Optical depth at 1.0E+01 microns
   (2) Bolometric flux at the inner radius 
   (3) Inner radius for L=1E4 Lsun
   (4) Ratio of the inner to the stellar radius
   (5) Angular size (in arcsec) when Fbol=1E-6 W/m2
   (6) Dust temperature at the outer edge (in K)
   (7) Maximum error in flux conservation (%)
   (8) Mass-loss rate (in Msun/yr)
   (9) Terminal outflow velocity (in km/s)
   (10) Upper limit of the stellar mass (in Msun)
 =================================================
  Everything is OK for all models
  Spectra are in files *.s##
 ========== THE END ==============================
