 ===========================
  Output from program Dusty 
  Version: 2.0
 ===========================
  
  INPUT parameters from file:
  aringerOkmh_2800_1200.inp                                             
  
* ----------------------------------------------------------------------
* NOTES:
* This is a simple version of an input file producing a minimal output.
* ----------------------------------------------------------------------
  Stellar spectrum supplied from file:
  aringerO_2800_resampled.dat                                           
  --------------------------------------------
  Abundances for supported grains:
  Sil-Ow Sil-Oc Sil-DL grf-DL amC-Hn SiC-Pg
  1.000  0.000  0.000  0.000  0.000  0.000
  KMH size distribution:
       Power q:  3.5
  Minimal size: 1.00E-02 microns
  Characteristic size: 1.00E+00 microns
  --------------------------------------------
  Dust temperature on the inner boundary: 1200 K
  --------------------------------------------
  Density for radiatively driven winds from
  full dynamic calculation.
  Relative thickness: 1.000E+04
  --------------------------------------------
  Optical depths at 1.0E+01 microns
  ranging from 1.00E-01 to 5.00E+01
  100 models with logarithmic grid           
  Required accuracy: 5%
  --------------------------------------------
  
  ====================================================  
  For compliance with the point-source assumption, the
  following results should only be applied to sources 
  whose effective temperature exceeds 3278 K.
  ====================================================
          
  RESULTS:
  --------
 ###   tau0   F1(W/m2)  r1(cm)    r1/rc   theta1  Td(Y) err   Mdot      Ve       M> 
 ###     1        2        3        4        5      6    7      8        9       10 
 ======================================================================================
   1 1.00E-01 3.59E+05 9.23E+13 3.98E+01 6.89E-01   29   0  9.10E-07 2.13E+01 1.10E+00
   2 1.06E-01 3.56E+05 9.27E+13 3.99E+01 6.91E-01   29   0  9.58E-07 2.15E+01 1.13E+00
   3 1.13E-01 3.53E+05 9.31E+13 4.01E+01 6.94E-01   29   0  1.01E-06 2.17E+01 1.15E+00
   4 1.21E-01 3.50E+05 9.35E+13 4.03E+01 6.97E-01   29   0  1.06E-06 2.18E+01 1.18E+00
   5 1.29E-01 3.47E+05 9.39E+13 4.05E+01 7.01E-01   29   0  1.12E-06 2.20E+01 1.21E+00
   6 1.37E-01 3.43E+05 9.44E+13 4.06E+01 7.04E-01   29   0  1.18E-06 2.21E+01 1.23E+00
   7 1.46E-01 3.40E+05 9.48E+13 4.09E+01 7.08E-01   29   0  1.24E-06 2.23E+01 1.26E+00
   8 1.55E-01 3.36E+05 9.53E+13 4.11E+01 7.11E-01   29   0  1.31E-06 2.24E+01 1.29E+00
   9 1.65E-01 3.33E+05 9.59E+13 4.13E+01 7.15E-01   29   0  1.38E-06 2.25E+01 1.31E+00
  10 1.76E-01 3.29E+05 9.64E+13 4.15E+01 7.20E-01   29   0  1.45E-06 2.26E+01 1.34E+00
  11 1.87E-01 3.25E+05 9.70E+13 4.18E+01 7.24E-01   29   0  1.53E-06 2.27E+01 1.37E+00
  12 1.99E-01 3.21E+05 9.76E+13 4.21E+01 7.29E-01   29   0  1.61E-06 2.28E+01 1.40E+00
  13 2.12E-01 3.16E+05 9.83E+13 4.23E+01 7.33E-01   29   0  1.70E-06 2.29E+01 1.42E+00
  14 2.26E-01 3.12E+05 9.90E+13 4.26E+01 7.39E-01   28   0  1.79E-06 2.30E+01 1.45E+00
  15 2.41E-01 3.08E+05 9.97E+13 4.29E+01 7.44E-01   28   0  1.89E-06 2.31E+01 1.48E+00
  16 2.56E-01 3.03E+05 1.00E+14 4.33E+01 7.49E-01   28   0  1.99E-06 2.31E+01 1.51E+00
  17 2.73E-01 2.98E+05 1.01E+14 4.36E+01 7.55E-01   28   0  2.10E-06 2.32E+01 1.53E+00
  18 2.91E-01 2.94E+05 1.02E+14 4.40E+01 7.61E-01   28   0  2.21E-06 2.32E+01 1.56E+00
  19 3.10E-01 2.89E+05 1.03E+14 4.43E+01 7.68E-01   28   0  2.33E-06 2.32E+01 1.58E+00
  20 3.30E-01 2.82E+05 1.04E+14 4.48E+01 7.77E-01   28   0  2.49E-06 2.33E+01 1.62E+00
  21 3.51E-01 2.77E+05 1.05E+14 4.53E+01 7.84E-01   28   0  2.63E-06 2.33E+01 1.64E+00
  22 3.74E-01 2.72E+05 1.06E+14 4.57E+01 7.91E-01   28   0  2.77E-06 2.33E+01 1.66E+00
  23 3.98E-01 2.67E+05 1.07E+14 4.61E+01 7.99E-01   27   0  2.92E-06 2.32E+01 1.69E+00
  24 4.24E-01 2.62E+05 1.08E+14 4.66E+01 8.07E-01   27   0  3.08E-06 2.32E+01 1.71E+00
  25 4.51E-01 2.56E+05 1.09E+14 4.71E+01 8.15E-01   27   0  3.25E-06 2.31E+01 1.73E+00
  26 4.80E-01 2.51E+05 1.10E+14 4.75E+01 8.24E-01   27   0  3.43E-06 2.30E+01 1.75E+00
  27 5.11E-01 2.46E+05 1.12E+14 4.81E+01 8.32E-01   27   0  3.61E-06 2.29E+01 1.78E+00
  28 5.45E-01 2.40E+05 1.13E+14 4.86E+01 8.42E-01   27   0  3.81E-06 2.28E+01 1.80E+00
  29 5.80E-01 2.35E+05 1.14E+14 4.92E+01 8.51E-01   27   0  4.02E-06 2.27E+01 1.81E+00
  30 6.17E-01 2.30E+05 1.15E+14 4.97E+01 8.61E-01   26   0  4.24E-06 2.26E+01 1.83E+00
  31 6.57E-01 2.24E+05 1.17E+14 5.03E+01 8.71E-01   26   0  4.47E-06 2.24E+01 1.85E+00
  32 7.00E-01 2.19E+05 1.18E+14 5.09E+01 8.82E-01   26   0  4.72E-06 2.22E+01 1.86E+00
  33 7.45E-01 2.14E+05 1.20E+14 5.16E+01 8.93E-01   26   0  4.97E-06 2.21E+01 1.88E+00
  34 7.94E-01 2.08E+05 1.21E+14 5.22E+01 9.04E-01   26   0  5.25E-06 2.19E+01 1.89E+00
  35 8.45E-01 2.03E+05 1.23E+14 5.29E+01 9.16E-01   26   0  5.53E-06 2.17E+01 1.91E+00
  36 9.00E-01 1.98E+05 1.24E+14 5.36E+01 9.28E-01   26   0  5.83E-06 2.15E+01 1.92E+00
  37 9.58E-01 1.93E+05 1.26E+14 5.43E+01 9.40E-01   25   0  6.15E-06 2.12E+01 1.93E+00
  38 1.02E+00 1.87E+05 1.28E+14 5.50E+01 9.53E-01   25   0  6.49E-06 2.10E+01 1.94E+00
  39 1.09E+00 1.82E+05 1.30E+14 5.58E+01 9.66E-01   25   0  6.84E-06 2.08E+01 1.95E+00
  40 1.16E+00 1.77E+05 1.31E+14 5.66E+01 9.80E-01   25   0  7.22E-06 2.05E+01 1.96E+00
  41 1.23E+00 1.72E+05 1.33E+14 5.74E+01 9.94E-01   25   0  7.61E-06 2.03E+01 1.96E+00
  42 1.31E+00 1.67E+05 1.35E+14 5.82E+01 1.01E+00   25   0  8.03E-06 2.00E+01 1.97E+00
  43 1.40E+00 1.63E+05 1.37E+14 5.91E+01 1.02E+00   24   0  8.47E-06 1.97E+01 1.98E+00
  44 1.49E+00 1.58E+05 1.39E+14 6.00E+01 1.04E+00   24   0  8.94E-06 1.95E+01 1.98E+00
  45 1.58E+00 1.53E+05 1.41E+14 6.09E+01 1.05E+00   24   0  9.43E-06 1.92E+01 1.99E+00
  46 1.69E+00 1.48E+05 1.44E+14 6.18E+01 1.07E+00   24   0  9.95E-06 1.89E+01 1.99E+00
  47 1.80E+00 1.44E+05 1.46E+14 6.28E+01 1.09E+00   24   0  1.05E-05 1.86E+01 1.99E+00
  48 1.91E+00 1.39E+05 1.48E+14 6.38E+01 1.11E+00   24   0  1.11E-05 1.83E+01 2.00E+00
  49 2.04E+00 1.35E+05 1.51E+14 6.49E+01 1.12E+00   23   0  1.17E-05 1.81E+01 2.00E+00
  50 2.17E+00 1.30E+05 1.53E+14 6.59E+01 1.14E+00   23   0  1.24E-05 1.78E+01 2.00E+00
  51 2.31E+00 1.26E+05 1.56E+14 6.71E+01 1.16E+00   23   0  1.31E-05 1.75E+01 2.01E+00
  52 2.46E+00 1.22E+05 1.58E+14 6.82E+01 1.18E+00   23   0  1.39E-05 1.74E+01 2.02E+00
  53 2.62E+00 1.18E+05 1.61E+14 6.94E+01 1.20E+00   23   0  1.47E-05 1.72E+01 2.02E+00
  54 2.79E+00 1.14E+05 1.64E+14 7.07E+01 1.22E+00   23   0  1.56E-05 1.70E+01 2.03E+00
  55 2.97E+00 1.09E+05 1.67E+14 7.20E+01 1.25E+00   22   0  1.66E-05 1.69E+01 2.04E+00
  56 3.16E+00 1.05E+05 1.70E+14 7.34E+01 1.27E+00   22   0  1.77E-05 1.67E+01 2.04E+00
  57 3.36E+00 1.02E+05 1.74E+14 7.48E+01 1.29E+00   22   0  1.88E-05 1.65E+01 2.05E+00
  58 3.58E+00 9.77E+04 1.77E+14 7.62E+01 1.32E+00   22   0  2.00E-05 1.64E+01 2.06E+00
  59 3.81E+00 9.50E+04 1.79E+14 7.73E+01 1.34E+00   22   0  2.09E-05 1.62E+01 2.07E+00
  60 4.06E+00 9.13E+04 1.83E+14 7.89E+01 1.37E+00   22   0  2.23E-05 1.60E+01 2.07E+00
  61 4.32E+00 8.76E+04 1.87E+14 8.05E+01 1.39E+00   21   0  2.38E-05 1.58E+01 2.08E+00
  62 4.60E+00 8.40E+04 1.91E+14 8.22E+01 1.42E+00   21   0  2.53E-05 1.57E+01 2.08E+00
  63 4.90E+00 7.95E+04 1.96E+14 8.45E+01 1.46E+00   21   0  2.73E-05 1.55E+01 2.08E+00
  64 5.22E+00 7.61E+04 2.00E+14 8.63E+01 1.50E+00   21   0  2.91E-05 1.53E+01 2.09E+00
  65 5.56E+00 7.31E+04 2.05E+14 8.81E+01 1.53E+00   21   0  3.11E-05 1.51E+01 2.10E+00
  66 5.92E+00 6.99E+04 2.09E+14 9.01E+01 1.56E+00   21   0  3.32E-05 1.49E+01 2.10E+00
  67 6.30E+00 6.67E+04 2.14E+14 9.22E+01 1.60E+00   20   0  3.54E-05 1.47E+01 2.11E+00
  68 6.71E+00 6.37E+04 2.19E+14 9.44E+01 1.64E+00   20   0  3.79E-05 1.45E+01 2.11E+00
  69 7.14E+00 6.07E+04 2.24E+14 9.67E+01 1.67E+00   20   0  4.05E-05 1.43E+01 2.12E+00
  70 7.61E+00 5.79E+04 2.30E+14 9.90E+01 1.72E+00   20   0  4.33E-05 1.41E+01 2.13E+00
  71 8.10E+00 5.59E+04 2.34E+14 1.01E+02 1.75E+00   20   1  4.56E-05 1.39E+01 2.13E+00
  72 8.62E+00 5.31E+04 2.40E+14 1.03E+02 1.79E+00   19   1  4.88E-05 1.37E+01 2.14E+00
  73 9.18E+00 5.05E+04 2.46E+14 1.06E+02 1.84E+00   19   1  5.23E-05 1.35E+01 2.14E+00
  74 9.78E+00 4.79E+04 2.53E+14 1.09E+02 1.88E+00   19   1  5.60E-05 1.33E+01 2.15E+00
  75 1.04E+01 4.55E+04 2.59E+14 1.12E+02 1.93E+00   19   1  6.01E-05 1.31E+01 2.16E+00
  76 1.11E+01 4.25E+04 2.68E+14 1.16E+02 2.00E+00   19   1  6.53E-05 1.30E+01 2.16E+00
  77 1.18E+01 4.02E+04 2.76E+14 1.19E+02 2.06E+00   18   1  7.01E-05 1.28E+01 2.17E+00
  78 1.26E+01 3.79E+04 2.84E+14 1.22E+02 2.12E+00   18   0  7.56E-05 1.28E+01 2.17E+00
  79 1.34E+01 3.59E+04 2.92E+14 1.26E+02 2.18E+00   18   1  8.11E-05 1.26E+01 2.17E+00
  80 1.42E+01 3.39E+04 3.00E+14 1.29E+02 2.24E+00   18   1  8.72E-05 1.24E+01 2.18E+00
  81 1.52E+01 3.20E+04 3.09E+14 1.33E+02 2.30E+00   18   1  9.37E-05 1.22E+01 2.19E+00
  82 1.62E+01 3.03E+04 3.18E+14 1.37E+02 2.37E+00   17   1  1.01E-04 1.20E+01 2.20E+00
  83 1.72E+01 2.85E+04 3.27E+14 1.41E+02 2.44E+00   17   1  1.08E-04 1.18E+01 2.20E+00
  84 1.83E+01 2.69E+04 3.37E+14 1.45E+02 2.51E+00   17   1  1.17E-04 1.16E+01 2.21E+00
  85 1.95E+01 2.54E+04 3.47E+14 1.50E+02 2.59E+00   17   1  1.25E-04 1.14E+01 2.22E+00
  86 2.08E+01 2.39E+04 3.58E+14 1.54E+02 2.67E+00   17   1  1.35E-04 1.12E+01 2.23E+00
  87 2.21E+01 2.29E+04 3.66E+14 1.58E+02 2.73E+00   16   2  1.43E-04 1.10E+01 2.23E+00
  88 2.35E+01 2.15E+04 3.77E+14 1.62E+02 2.81E+00   16   2  1.54E-04 1.09E+01 2.24E+00
  89 2.51E+01 2.02E+04 3.89E+14 1.67E+02 2.90E+00   16   2  1.66E-04 1.07E+01 2.25E+00
  90 2.67E+01 1.90E+04 4.01E+14 1.73E+02 2.99E+00   16   2  1.79E-04 1.05E+01 2.26E+00
  91 2.84E+01 1.78E+04 4.14E+14 1.78E+02 3.09E+00   16   2  1.94E-04 1.03E+01 2.28E+00
  92 3.03E+01 1.67E+04 4.27E+14 1.84E+02 3.19E+00   15   2  2.09E-04 1.02E+01 2.29E+00
  93 3.22E+01 1.57E+04 4.41E+14 1.90E+02 3.29E+00   15   2  2.26E-04 9.98E+00 2.30E+00
  94 3.43E+01 1.47E+04 4.56E+14 1.96E+02 3.40E+00   15   3  2.44E-04 9.82E+00 2.31E+00
  95 3.65E+01 1.38E+04 4.71E+14 2.03E+02 3.51E+00   15   3  2.64E-04 9.66E+00 2.32E+00
  96 3.89E+01 1.29E+04 4.86E+14 2.10E+02 3.63E+00   14   3  2.85E-04 9.50E+00 2.34E+00
  97 4.14E+01 1.21E+04 5.03E+14 2.17E+02 3.75E+00   14   3  3.08E-04 9.35E+00 2.35E+00
  98 4.41E+01 1.13E+04 5.20E+14 2.24E+02 3.88E+00   14   3  3.34E-04 9.20E+00 2.37E+00
  99 4.70E+01 1.06E+04 5.38E+14 2.32E+02 4.01E+00   14   3  3.62E-04 9.06E+00 2.39E+00
 100 5.00E+01 9.90E+03 5.56E+14 2.39E+02 4.15E+00   14   2  3.79E-04 9.26E+00 2.39E+00
  There are some warnings for model: 100
 ======================================================================================
   (1) Optical depth at 1.0E+01 microns
   (2) Bolometric flux at the inner radius 
   (3) Inner radius for L=1E4 Lsun
   (4) Ratio of the inner to the stellar radius
   (5) Angular size (in arcsec) when Fbol=1E-6 W/m2
   (6) Dust temperature at the outer edge (in K)
   (7) Maximum error in flux conservation (%)
   (8) Mass-loss rate (in Msun/yr)
   (9) Terminal outflow velocity (in km/s)
   (10) Upper limit of the stellar mass (in Msun)
 =================================================
  Spectra are in files *.s##
 ========== THE END ==============================
