 ===========================
  Output from program Dusty 
  Version: 2.0
 ===========================
  
  INPUT parameters from file:
  aringerOkmh_3200_1000.inp                                             
  
* ----------------------------------------------------------------------
* NOTES:
* This is a simple version of an input file producing a minimal output.
* ----------------------------------------------------------------------
  Stellar spectrum supplied from file:
  aringerO_3200_resampled.dat                                           
  --------------------------------------------
  Abundances for supported grains:
  Sil-Ow Sil-Oc Sil-DL grf-DL amC-Hn SiC-Pg
  1.000  0.000  0.000  0.000  0.000  0.000
  KMH size distribution:
       Power q:  3.5
  Minimal size: 1.00E-02 microns
  Characteristic size: 1.00E+00 microns
  --------------------------------------------
  Dust temperature on the inner boundary: 1000 K
  --------------------------------------------
  Density for radiatively driven winds from
  full dynamic calculation.
  Relative thickness: 1.000E+04
  --------------------------------------------
  Optical depths at 1.0E+01 microns
  ranging from 1.00E-01 to 5.00E+01
  100 models with logarithmic grid           
  Required accuracy: 5%
  --------------------------------------------
  
  ====================================================  
  For compliance with the point-source assumption, the
  following results should only be applied to sources 
  whose effective temperature exceeds 2594 K.
  ====================================================
          
  RESULTS:
  --------
 ###   tau0   F1(W/m2)  r1(cm)    r1/rc   theta1  Td(Y) err   Mdot      Ve       M> 
 ###     1        2        3        4        5      6    7      8        9       10 
 ======================================================================================
   1 1.00E-01 1.41E+05 1.47E+14 6.35E+01 1.10E+00   25   0  1.20E-06 1.75E+01 1.20E+00
   2 1.06E-01 1.39E+05 1.48E+14 6.38E+01 1.10E+00   25   0  1.26E-06 1.77E+01 1.22E+00
   3 1.13E-01 1.38E+05 1.49E+14 6.40E+01 1.11E+00   25   0  1.33E-06 1.78E+01 1.25E+00
   4 1.21E-01 1.37E+05 1.49E+14 6.43E+01 1.11E+00   25   0  1.40E-06 1.79E+01 1.28E+00
   5 1.29E-01 1.36E+05 1.50E+14 6.46E+01 1.12E+00   25   0  1.47E-06 1.81E+01 1.31E+00
   6 1.37E-01 1.35E+05 1.51E+14 6.49E+01 1.12E+00   25   0  1.55E-06 1.82E+01 1.34E+00
   7 1.46E-01 1.33E+05 1.52E+14 6.53E+01 1.13E+00   25   0  1.63E-06 1.83E+01 1.37E+00
   8 1.55E-01 1.32E+05 1.52E+14 6.56E+01 1.14E+00   25   0  1.72E-06 1.84E+01 1.39E+00
   9 1.65E-01 1.30E+05 1.53E+14 6.60E+01 1.14E+00   25   0  1.81E-06 1.85E+01 1.42E+00
  10 1.76E-01 1.29E+05 1.54E+14 6.64E+01 1.15E+00   25   0  1.91E-06 1.86E+01 1.45E+00
  11 1.87E-01 1.27E+05 1.55E+14 6.68E+01 1.16E+00   25   0  2.01E-06 1.86E+01 1.48E+00
  12 1.99E-01 1.26E+05 1.56E+14 6.72E+01 1.16E+00   25   0  2.12E-06 1.87E+01 1.51E+00
  13 2.12E-01 1.24E+05 1.57E+14 6.76E+01 1.17E+00   25   0  2.23E-06 1.87E+01 1.54E+00
  14 2.26E-01 1.22E+05 1.58E+14 6.81E+01 1.18E+00   25   0  2.35E-06 1.88E+01 1.57E+00
  15 2.41E-01 1.21E+05 1.59E+14 6.86E+01 1.19E+00   24   0  2.47E-06 1.88E+01 1.59E+00
  16 2.56E-01 1.19E+05 1.60E+14 6.91E+01 1.20E+00   24   0  2.60E-06 1.88E+01 1.62E+00
  17 2.73E-01 1.17E+05 1.62E+14 6.96E+01 1.21E+00   24   0  2.74E-06 1.89E+01 1.65E+00
  18 2.91E-01 1.15E+05 1.63E+14 7.02E+01 1.22E+00   24   0  2.89E-06 1.89E+01 1.67E+00
  19 3.10E-01 1.13E+05 1.64E+14 7.07E+01 1.23E+00   24   0  3.05E-06 1.88E+01 1.70E+00
  20 3.30E-01 1.11E+05 1.66E+14 7.15E+01 1.24E+00   24   0  3.25E-06 1.89E+01 1.73E+00
  21 3.51E-01 1.09E+05 1.67E+14 7.22E+01 1.25E+00   24   0  3.42E-06 1.89E+01 1.75E+00
  22 3.74E-01 1.07E+05 1.69E+14 7.28E+01 1.26E+00   24   0  3.61E-06 1.88E+01 1.77E+00
  23 3.98E-01 1.05E+05 1.71E+14 7.35E+01 1.27E+00   24   0  3.80E-06 1.87E+01 1.79E+00
  24 4.24E-01 1.03E+05 1.72E+14 7.42E+01 1.28E+00   24   0  4.00E-06 1.87E+01 1.81E+00
  25 4.51E-01 1.01E+05 1.74E+14 7.49E+01 1.30E+00   23   0  4.21E-06 1.86E+01 1.83E+00
  26 4.80E-01 9.92E+04 1.76E+14 7.56E+01 1.31E+00   23   0  4.43E-06 1.85E+01 1.85E+00
  27 5.11E-01 9.72E+04 1.77E+14 7.64E+01 1.32E+00   23   0  4.67E-06 1.83E+01 1.87E+00
  28 5.45E-01 9.53E+04 1.79E+14 7.72E+01 1.34E+00   23   0  4.91E-06 1.82E+01 1.88E+00
  29 5.80E-01 9.33E+04 1.81E+14 7.80E+01 1.35E+00   23   0  5.17E-06 1.81E+01 1.89E+00
  30 6.17E-01 9.13E+04 1.83E+14 7.88E+01 1.37E+00   23   0  5.44E-06 1.79E+01 1.91E+00
  31 6.57E-01 8.94E+04 1.85E+14 7.97E+01 1.38E+00   23   0  5.72E-06 1.77E+01 1.92E+00
  32 7.00E-01 8.75E+04 1.87E+14 8.06E+01 1.40E+00   23   0  6.02E-06 1.76E+01 1.93E+00
  33 7.45E-01 8.55E+04 1.89E+14 8.15E+01 1.41E+00   22   0  6.33E-06 1.74E+01 1.93E+00
  34 7.94E-01 8.36E+04 1.91E+14 8.24E+01 1.43E+00   22   0  6.66E-06 1.72E+01 1.94E+00
  35 8.45E-01 8.18E+04 1.93E+14 8.33E+01 1.44E+00   22   0  7.00E-06 1.69E+01 1.95E+00
  36 9.00E-01 7.99E+04 1.96E+14 8.43E+01 1.46E+00   22   0  7.36E-06 1.67E+01 1.95E+00
  37 9.58E-01 7.81E+04 1.98E+14 8.53E+01 1.48E+00   22   0  7.74E-06 1.65E+01 1.95E+00
  38 1.02E+00 7.62E+04 2.00E+14 8.63E+01 1.49E+00   22   0  8.13E-06 1.62E+01 1.95E+00
  39 1.09E+00 7.45E+04 2.03E+14 8.73E+01 1.51E+00   22   0  8.54E-06 1.60E+01 1.95E+00
  40 1.16E+00 7.27E+04 2.05E+14 8.84E+01 1.53E+00   21   0  8.98E-06 1.58E+01 1.95E+00
  41 1.23E+00 7.09E+04 2.08E+14 8.94E+01 1.55E+00   21   0  9.43E-06 1.55E+01 1.95E+00
  42 1.31E+00 6.92E+04 2.10E+14 9.06E+01 1.57E+00   21   0  9.91E-06 1.52E+01 1.95E+00
  43 1.40E+00 6.75E+04 2.13E+14 9.17E+01 1.59E+00   21   0  1.04E-05 1.50E+01 1.95E+00
  44 1.49E+00 6.58E+04 2.16E+14 9.29E+01 1.61E+00   21   0  1.09E-05 1.47E+01 1.94E+00
  45 1.58E+00 6.42E+04 2.18E+14 9.40E+01 1.63E+00   21   0  1.15E-05 1.45E+01 1.94E+00
  46 1.69E+00 6.25E+04 2.21E+14 9.53E+01 1.65E+00   21   0  1.21E-05 1.43E+01 1.94E+00
  47 1.80E+00 6.09E+04 2.24E+14 9.66E+01 1.67E+00   21   0  1.28E-05 1.42E+01 1.94E+00
  48 1.91E+00 5.93E+04 2.27E+14 9.79E+01 1.69E+00   20   0  1.35E-05 1.40E+01 1.94E+00
  49 2.04E+00 5.77E+04 2.30E+14 9.92E+01 1.72E+00   20   0  1.43E-05 1.39E+01 1.94E+00
  50 2.17E+00 5.61E+04 2.34E+14 1.01E+02 1.74E+00   20   0  1.51E-05 1.38E+01 1.94E+00
  51 2.31E+00 5.45E+04 2.37E+14 1.02E+02 1.77E+00   20   0  1.60E-05 1.36E+01 1.94E+00
  52 2.46E+00 5.30E+04 2.40E+14 1.03E+02 1.79E+00   20   0  1.69E-05 1.35E+01 1.94E+00
  53 2.62E+00 5.15E+04 2.44E+14 1.05E+02 1.82E+00   20   0  1.79E-05 1.34E+01 1.94E+00
  54 2.79E+00 5.00E+04 2.47E+14 1.07E+02 1.85E+00   20   0  1.89E-05 1.32E+01 1.94E+00
  55 2.97E+00 4.85E+04 2.51E+14 1.08E+02 1.87E+00   20   0  2.00E-05 1.31E+01 1.93E+00
  56 3.16E+00 4.70E+04 2.55E+14 1.10E+02 1.90E+00   19   0  2.12E-05 1.30E+01 1.93E+00
  57 3.36E+00 4.55E+04 2.59E+14 1.12E+02 1.93E+00   19   0  2.25E-05 1.28E+01 1.93E+00
  58 3.58E+00 4.41E+04 2.63E+14 1.13E+02 1.97E+00   19   0  2.38E-05 1.27E+01 1.93E+00
  59 3.81E+00 4.31E+04 2.66E+14 1.15E+02 1.99E+00   19   0  2.49E-05 1.26E+01 1.93E+00
  60 4.06E+00 4.17E+04 2.71E+14 1.17E+02 2.02E+00   19   0  2.64E-05 1.25E+01 1.93E+00
  61 4.32E+00 4.03E+04 2.76E+14 1.19E+02 2.06E+00   19   0  2.80E-05 1.23E+01 1.93E+00
  62 4.60E+00 3.89E+04 2.81E+14 1.21E+02 2.09E+00   19   0  2.98E-05 1.22E+01 1.93E+00
  63 4.90E+00 3.72E+04 2.87E+14 1.23E+02 2.14E+00   19   0  3.19E-05 1.21E+01 1.92E+00
  64 5.22E+00 3.59E+04 2.92E+14 1.26E+02 2.18E+00   18   0  3.39E-05 1.19E+01 1.92E+00
  65 5.56E+00 3.46E+04 2.97E+14 1.28E+02 2.22E+00   18   0  3.61E-05 1.18E+01 1.92E+00
  66 5.92E+00 3.33E+04 3.03E+14 1.31E+02 2.26E+00   18   0  3.84E-05 1.17E+01 1.92E+00
  67 6.30E+00 3.20E+04 3.09E+14 1.33E+02 2.31E+00   18   0  4.09E-05 1.15E+01 1.92E+00
  68 6.71E+00 3.08E+04 3.15E+14 1.36E+02 2.35E+00   18   0  4.35E-05 1.14E+01 1.92E+00
  69 7.14E+00 2.95E+04 3.22E+14 1.39E+02 2.40E+00   18   0  4.64E-05 1.12E+01 1.92E+00
  70 7.61E+00 2.83E+04 3.29E+14 1.42E+02 2.45E+00   18   0  4.94E-05 1.11E+01 1.92E+00
  71 8.10E+00 2.75E+04 3.34E+14 1.44E+02 2.49E+00   17   0  5.19E-05 1.10E+01 1.92E+00
  72 8.62E+00 2.63E+04 3.41E+14 1.47E+02 2.54E+00   17   0  5.53E-05 1.08E+01 1.92E+00
  73 9.18E+00 2.52E+04 3.48E+14 1.50E+02 2.60E+00   17   1  5.91E-05 1.07E+01 1.92E+00
  74 9.78E+00 2.41E+04 3.56E+14 1.54E+02 2.66E+00   17   1  6.31E-05 1.06E+01 1.92E+00
  75 1.04E+01 2.30E+04 3.65E+14 1.57E+02 2.72E+00   17   1  6.75E-05 1.04E+01 1.92E+00
  76 1.11E+01 2.17E+04 3.75E+14 1.62E+02 2.80E+00   17   0  7.30E-05 1.03E+01 1.92E+00
  77 1.18E+01 2.07E+04 3.84E+14 1.66E+02 2.87E+00   16   1  7.81E-05 1.02E+01 1.93E+00
  78 1.26E+01 1.96E+04 3.95E+14 1.70E+02 2.95E+00   16   0  8.40E-05 1.02E+01 1.92E+00
  79 1.34E+01 1.86E+04 4.05E+14 1.75E+02 3.02E+00   16   0  9.00E-05 1.00E+01 1.92E+00
  80 1.42E+01 1.77E+04 4.16E+14 1.79E+02 3.10E+00   16   1  9.64E-05 9.89E+00 1.92E+00
  81 1.52E+01 1.68E+04 4.26E+14 1.84E+02 3.18E+00   16   1  1.03E-04 9.75E+00 1.93E+00
  82 1.62E+01 1.60E+04 4.38E+14 1.89E+02 3.27E+00   16   1  1.11E-04 9.61E+00 1.93E+00
  83 1.72E+01 1.51E+04 4.49E+14 1.94E+02 3.35E+00   15   1  1.19E-04 9.47E+00 1.93E+00
  84 1.83E+01 1.43E+04 4.62E+14 1.99E+02 3.44E+00   15   1  1.28E-04 9.33E+00 1.94E+00
  85 1.95E+01 1.36E+04 4.74E+14 2.04E+02 3.54E+00   15   1  1.37E-04 9.19E+00 1.94E+00
  86 2.08E+01 1.29E+04 4.88E+14 2.10E+02 3.64E+00   15   1  1.47E-04 9.04E+00 1.95E+00
  87 2.21E+01 1.24E+04 4.98E+14 2.14E+02 3.71E+00   15   2  1.55E-04 8.90E+00 1.95E+00
  88 2.35E+01 1.17E+04 5.12E+14 2.20E+02 3.82E+00   14   2  1.67E-04 8.75E+00 1.95E+00
  89 2.51E+01 1.10E+04 5.27E+14 2.27E+02 3.93E+00   14   2  1.80E-04 8.61E+00 1.96E+00
  90 2.67E+01 1.04E+04 5.42E+14 2.34E+02 4.05E+00   14   2  1.93E-04 8.47E+00 1.96E+00
  91 2.84E+01 9.81E+03 5.58E+14 2.41E+02 4.17E+00   14   2  2.08E-04 8.34E+00 1.97E+00
  92 3.03E+01 9.24E+03 5.75E+14 2.48E+02 4.29E+00   14   2  2.24E-04 8.20E+00 1.97E+00
  93 3.22E+01 8.71E+03 5.93E+14 2.55E+02 4.42E+00   14   2  2.42E-04 8.06E+00 1.98E+00
  94 3.43E+01 8.20E+03 6.11E+14 2.63E+02 4.56E+00   13   2  2.61E-04 7.93E+00 1.98E+00
  95 3.65E+01 7.71E+03 6.30E+14 2.71E+02 4.70E+00   13   3  2.81E-04 7.80E+00 1.99E+00
  96 3.89E+01 7.25E+03 6.49E+14 2.80E+02 4.85E+00   13   3  3.03E-04 7.67E+00 2.00E+00
  97 4.14E+01 6.81E+03 6.70E+14 2.89E+02 5.00E+00   13   3  3.27E-04 7.55E+00 2.01E+00
  98 4.41E+01 6.40E+03 6.91E+14 2.98E+02 5.16E+00   13   3  3.53E-04 7.42E+00 2.01E+00
  99 4.70E+01 6.01E+03 7.13E+14 3.07E+02 5.32E+00   12   3  3.82E-04 7.30E+00 2.02E+00
 100 5.00E+01 5.64E+03 7.37E+14 3.17E+02 5.50E+00   12   3  4.13E-04 7.18E+00 2.03E+00
 ======================================================================================
   (1) Optical depth at 1.0E+01 microns
   (2) Bolometric flux at the inner radius 
   (3) Inner radius for L=1E4 Lsun
   (4) Ratio of the inner to the stellar radius
   (5) Angular size (in arcsec) when Fbol=1E-6 W/m2
   (6) Dust temperature at the outer edge (in K)
   (7) Maximum error in flux conservation (%)
   (8) Mass-loss rate (in Msun/yr)
   (9) Terminal outflow velocity (in km/s)
   (10) Upper limit of the stellar mass (in Msun)
 =================================================
  Everything is OK for all models
  Spectra are in files *.s##
 ========== THE END ==============================
