 ===========================
  Output from program Dusty 
  Version: 2.0
 ===========================
  
  INPUT parameters from file:
  aringerOkmh_3400_1200.inp                                             
  
* ----------------------------------------------------------------------
* NOTES:
* This is a simple version of an input file producing a minimal output.
* ----------------------------------------------------------------------
  Stellar spectrum supplied from file:
  aringerO_3400_resampled.dat                                           
  --------------------------------------------
  Abundances for supported grains:
  Sil-Ow Sil-Oc Sil-DL grf-DL amC-Hn SiC-Pg
  1.000  0.000  0.000  0.000  0.000  0.000
  KMH size distribution:
       Power q:  3.5
  Minimal size: 1.00E-02 microns
  Characteristic size: 1.00E+00 microns
  --------------------------------------------
  Dust temperature on the inner boundary: 1200 K
  --------------------------------------------
  Density for radiatively driven winds from
  full dynamic calculation.
  Relative thickness: 1.000E+04
  --------------------------------------------
  Optical depths at 1.0E+01 microns
  ranging from 1.00E-01 to 5.00E+01
  100 models with logarithmic grid           
  Required accuracy: 5%
  --------------------------------------------
  
  ====================================================  
  For compliance with the point-source assumption, the
  following results should only be applied to sources 
  whose effective temperature exceeds 3183 K.
  ====================================================
          
  RESULTS:
  --------
 ###   tau0   F1(W/m2)  r1(cm)    r1/rc   theta1  Td(Y) err   Mdot      Ve       M> 
 ###     1        2        3        4        5      6    7      8        9       10 
 ======================================================================================
   1 1.00E-01 3.13E+05 9.88E+13 4.26E+01 7.37E-01   29   0  1.04E-06 2.26E+01 1.33E+00
   2 1.06E-01 3.10E+05 9.93E+13 4.28E+01 7.41E-01   29   0  1.09E-06 2.28E+01 1.36E+00
   3 1.13E-01 3.07E+05 9.97E+13 4.30E+01 7.44E-01   29   0  1.15E-06 2.29E+01 1.39E+00
   4 1.21E-01 3.04E+05 1.00E+14 4.32E+01 7.48E-01   29   0  1.21E-06 2.31E+01 1.43E+00
   5 1.29E-01 3.01E+05 1.01E+14 4.34E+01 7.52E-01   29   0  1.27E-06 2.32E+01 1.46E+00
   6 1.37E-01 2.98E+05 1.01E+14 4.36E+01 7.56E-01   29   0  1.34E-06 2.34E+01 1.49E+00
   7 1.46E-01 2.95E+05 1.02E+14 4.39E+01 7.60E-01   29   0  1.41E-06 2.35E+01 1.52E+00
   8 1.55E-01 2.91E+05 1.02E+14 4.42E+01 7.65E-01   29   0  1.49E-06 2.36E+01 1.55E+00
   9 1.65E-01 2.87E+05 1.03E+14 4.44E+01 7.70E-01   29   0  1.57E-06 2.37E+01 1.58E+00
  10 1.76E-01 2.84E+05 1.04E+14 4.47E+01 7.75E-01   29   0  1.65E-06 2.38E+01 1.62E+00
  11 1.87E-01 2.80E+05 1.05E+14 4.50E+01 7.80E-01   29   0  1.74E-06 2.39E+01 1.65E+00
  12 1.99E-01 2.76E+05 1.05E+14 4.53E+01 7.85E-01   28   0  1.83E-06 2.40E+01 1.68E+00
  13 2.12E-01 2.72E+05 1.06E+14 4.57E+01 7.91E-01   28   0  1.93E-06 2.40E+01 1.71E+00
  14 2.26E-01 2.68E+05 1.07E+14 4.60E+01 7.97E-01   28   0  2.04E-06 2.41E+01 1.74E+00
  15 2.41E-01 2.64E+05 1.08E+14 4.64E+01 8.04E-01   28   0  2.15E-06 2.41E+01 1.77E+00
  16 2.56E-01 2.59E+05 1.09E+14 4.68E+01 8.10E-01   28   0  2.26E-06 2.41E+01 1.80E+00
  17 2.73E-01 2.55E+05 1.10E+14 4.72E+01 8.17E-01   28   0  2.38E-06 2.41E+01 1.83E+00
  18 2.91E-01 2.51E+05 1.10E+14 4.76E+01 8.24E-01   28   0  2.51E-06 2.41E+01 1.86E+00
  19 3.10E-01 2.46E+05 1.11E+14 4.80E+01 8.32E-01   28   0  2.65E-06 2.41E+01 1.89E+00
  20 3.30E-01 2.40E+05 1.13E+14 4.86E+01 8.42E-01   27   0  2.82E-06 2.42E+01 1.92E+00
  21 3.51E-01 2.36E+05 1.14E+14 4.91E+01 8.50E-01   27   0  2.98E-06 2.41E+01 1.94E+00
  22 3.74E-01 2.31E+05 1.15E+14 4.96E+01 8.58E-01   27   0  3.14E-06 2.40E+01 1.97E+00
  23 3.98E-01 2.26E+05 1.16E+14 5.01E+01 8.67E-01   27   0  3.30E-06 2.39E+01 1.99E+00
  24 4.24E-01 2.22E+05 1.17E+14 5.06E+01 8.76E-01   27   0  3.48E-06 2.38E+01 2.01E+00
  25 4.51E-01 2.17E+05 1.19E+14 5.11E+01 8.86E-01   27   0  3.67E-06 2.37E+01 2.03E+00
  26 4.80E-01 2.12E+05 1.20E+14 5.17E+01 8.95E-01   27   0  3.86E-06 2.35E+01 2.05E+00
  27 5.11E-01 2.08E+05 1.21E+14 5.23E+01 9.05E-01   26   0  4.07E-06 2.34E+01 2.07E+00
  28 5.45E-01 2.03E+05 1.23E+14 5.28E+01 9.15E-01   26   0  4.28E-06 2.32E+01 2.09E+00
  29 5.80E-01 1.99E+05 1.24E+14 5.35E+01 9.26E-01   26   0  4.51E-06 2.30E+01 2.11E+00
  30 6.17E-01 1.94E+05 1.26E+14 5.41E+01 9.37E-01   26   0  4.75E-06 2.28E+01 2.12E+00
  31 6.57E-01 1.90E+05 1.27E+14 5.47E+01 9.48E-01   26   0  5.00E-06 2.26E+01 2.13E+00
  32 7.00E-01 1.85E+05 1.29E+14 5.54E+01 9.59E-01   26   0  5.26E-06 2.23E+01 2.14E+00
  33 7.45E-01 1.81E+05 1.30E+14 5.60E+01 9.71E-01   26   0  5.54E-06 2.21E+01 2.15E+00
  34 7.94E-01 1.76E+05 1.32E+14 5.67E+01 9.83E-01   25   0  5.83E-06 2.18E+01 2.16E+00
  35 8.45E-01 1.72E+05 1.33E+14 5.74E+01 9.95E-01   25   0  6.14E-06 2.16E+01 2.17E+00
  36 9.00E-01 1.68E+05 1.35E+14 5.82E+01 1.01E+00   25   0  6.46E-06 2.13E+01 2.17E+00
  37 9.58E-01 1.63E+05 1.37E+14 5.89E+01 1.02E+00   25   0  6.80E-06 2.10E+01 2.18E+00
  38 1.02E+00 1.59E+05 1.39E+14 5.97E+01 1.03E+00   25   0  7.15E-06 2.07E+01 2.18E+00
  39 1.09E+00 1.55E+05 1.40E+14 6.05E+01 1.05E+00   25   0  7.52E-06 2.04E+01 2.19E+00
  40 1.16E+00 1.51E+05 1.42E+14 6.13E+01 1.06E+00   24   0  7.91E-06 2.01E+01 2.19E+00
  41 1.23E+00 1.47E+05 1.44E+14 6.21E+01 1.08E+00   24   0  8.33E-06 1.98E+01 2.19E+00
  42 1.31E+00 1.43E+05 1.46E+14 6.30E+01 1.09E+00   24   0  8.76E-06 1.95E+01 2.19E+00
  43 1.40E+00 1.39E+05 1.48E+14 6.39E+01 1.11E+00   24   0  9.22E-06 1.91E+01 2.19E+00
  44 1.49E+00 1.35E+05 1.50E+14 6.48E+01 1.12E+00   24   0  9.70E-06 1.88E+01 2.18E+00
  45 1.58E+00 1.32E+05 1.52E+14 6.57E+01 1.14E+00   24   0  1.02E-05 1.85E+01 2.18E+00
  46 1.69E+00 1.28E+05 1.55E+14 6.66E+01 1.15E+00   23   0  1.07E-05 1.82E+01 2.18E+00
  47 1.80E+00 1.24E+05 1.57E+14 6.76E+01 1.17E+00   23   0  1.14E-05 1.80E+01 2.18E+00
  48 1.91E+00 1.20E+05 1.59E+14 6.86E+01 1.19E+00   23   0  1.20E-05 1.79E+01 2.19E+00
  49 2.04E+00 1.17E+05 1.62E+14 6.97E+01 1.21E+00   23   0  1.27E-05 1.77E+01 2.19E+00
  50 2.17E+00 1.13E+05 1.64E+14 7.08E+01 1.23E+00   23   0  1.35E-05 1.75E+01 2.19E+00
  51 2.31E+00 1.10E+05 1.67E+14 7.19E+01 1.25E+00   23   0  1.43E-05 1.73E+01 2.20E+00
  52 2.46E+00 1.06E+05 1.70E+14 7.31E+01 1.27E+00   22   0  1.51E-05 1.72E+01 2.20E+00
  53 2.62E+00 1.03E+05 1.72E+14 7.43E+01 1.29E+00   22   0  1.60E-05 1.70E+01 2.20E+00
  54 2.79E+00 9.96E+04 1.75E+14 7.55E+01 1.31E+00   22   0  1.70E-05 1.68E+01 2.20E+00
  55 2.97E+00 9.63E+04 1.78E+14 7.68E+01 1.33E+00   22   0  1.80E-05 1.66E+01 2.20E+00
  56 3.16E+00 9.30E+04 1.81E+14 7.81E+01 1.35E+00   22   0  1.91E-05 1.64E+01 2.21E+00
  57 3.36E+00 8.98E+04 1.85E+14 7.95E+01 1.38E+00   22   0  2.02E-05 1.63E+01 2.21E+00
  58 3.58E+00 8.66E+04 1.88E+14 8.09E+01 1.40E+00   22   0  2.15E-05 1.61E+01 2.21E+00
  59 3.81E+00 8.44E+04 1.90E+14 8.20E+01 1.42E+00   21   0  2.25E-05 1.59E+01 2.21E+00
  60 4.06E+00 8.13E+04 1.94E+14 8.35E+01 1.45E+00   21   0  2.39E-05 1.57E+01 2.21E+00
  61 4.32E+00 7.83E+04 1.98E+14 8.51E+01 1.47E+00   21   0  2.54E-05 1.55E+01 2.21E+00
  62 4.60E+00 7.53E+04 2.02E+14 8.68E+01 1.50E+00   21   0  2.70E-05 1.54E+01 2.21E+00
  63 4.90E+00 7.18E+04 2.06E+14 8.89E+01 1.54E+00   21   0  2.91E-05 1.52E+01 2.21E+00
  64 5.22E+00 6.90E+04 2.11E+14 9.07E+01 1.57E+00   21   0  3.09E-05 1.50E+01 2.21E+00
  65 5.56E+00 6.62E+04 2.15E+14 9.26E+01 1.60E+00   20   0  3.29E-05 1.48E+01 2.21E+00
  66 5.92E+00 6.35E+04 2.20E+14 9.46E+01 1.64E+00   20   0  3.51E-05 1.46E+01 2.21E+00
  67 6.30E+00 6.08E+04 2.24E+14 9.66E+01 1.67E+00   20   0  3.74E-05 1.44E+01 2.21E+00
  68 6.71E+00 5.82E+04 2.29E+14 9.87E+01 1.71E+00   20   0  3.99E-05 1.42E+01 2.21E+00
  69 7.14E+00 5.57E+04 2.34E+14 1.01E+02 1.75E+00   20   0  4.26E-05 1.41E+01 2.22E+00
  70 7.61E+00 5.32E+04 2.40E+14 1.03E+02 1.79E+00   20   0  4.55E-05 1.39E+01 2.22E+00
  71 8.10E+00 5.15E+04 2.44E+14 1.05E+02 1.82E+00   19   1  4.78E-05 1.37E+01 2.22E+00
  72 8.62E+00 4.91E+04 2.49E+14 1.07E+02 1.86E+00   19   1  5.11E-05 1.35E+01 2.22E+00
  73 9.18E+00 4.68E+04 2.55E+14 1.10E+02 1.91E+00   19   1  5.46E-05 1.33E+01 2.22E+00
  74 9.78E+00 4.46E+04 2.62E+14 1.13E+02 1.95E+00   19   1  5.85E-05 1.31E+01 2.23E+00
  75 1.04E+01 4.25E+04 2.68E+14 1.16E+02 2.00E+00   19   1  6.26E-05 1.29E+01 2.23E+00
  76 1.11E+01 3.99E+04 2.77E+14 1.19E+02 2.06E+00   18   1  6.78E-05 1.28E+01 2.23E+00
  77 1.18E+01 3.79E+04 2.84E+14 1.22E+02 2.12E+00   18   1  7.27E-05 1.26E+01 2.24E+00
  78 1.26E+01 3.57E+04 2.93E+14 1.26E+02 2.18E+00   18   0  7.83E-05 1.26E+01 2.23E+00
  79 1.34E+01 3.39E+04 3.00E+14 1.29E+02 2.24E+00   18   1  8.40E-05 1.24E+01 2.23E+00
  80 1.42E+01 3.21E+04 3.09E+14 1.33E+02 2.30E+00   18   1  9.01E-05 1.22E+01 2.24E+00
  81 1.52E+01 3.04E+04 3.17E+14 1.37E+02 2.37E+00   18   1  9.67E-05 1.20E+01 2.24E+00
  82 1.62E+01 2.88E+04 3.26E+14 1.40E+02 2.43E+00   17   1  1.04E-04 1.18E+01 2.25E+00
  83 1.72E+01 2.72E+04 3.35E+14 1.44E+02 2.50E+00   17   1  1.11E-04 1.17E+01 2.26E+00
  84 1.83E+01 2.57E+04 3.45E+14 1.48E+02 2.57E+00   17   1  1.20E-04 1.15E+01 2.26E+00
  85 1.95E+01 2.43E+04 3.55E+14 1.53E+02 2.65E+00   17   1  1.29E-04 1.13E+01 2.27E+00
  86 2.08E+01 2.30E+04 3.65E+14 1.57E+02 2.72E+00   17   1  1.39E-04 1.11E+01 2.27E+00
  87 2.21E+01 2.20E+04 3.73E+14 1.61E+02 2.78E+00   16   2  1.46E-04 1.09E+01 2.28E+00
  88 2.35E+01 2.07E+04 3.84E+14 1.65E+02 2.86E+00   16   2  1.58E-04 1.07E+01 2.28E+00
  89 2.51E+01 1.95E+04 3.96E+14 1.70E+02 2.95E+00   16   2  1.70E-04 1.06E+01 2.29E+00
  90 2.67E+01 1.84E+04 4.08E+14 1.76E+02 3.04E+00   16   2  1.83E-04 1.04E+01 2.30E+00
  91 2.84E+01 1.73E+04 4.20E+14 1.81E+02 3.14E+00   15   2  1.97E-04 1.02E+01 2.31E+00
  92 3.03E+01 1.63E+04 4.34E+14 1.87E+02 3.24E+00   15   2  2.13E-04 1.01E+01 2.32E+00
  93 3.22E+01 1.53E+04 4.47E+14 1.93E+02 3.34E+00   15   2  2.30E-04 9.89E+00 2.33E+00
  94 3.43E+01 1.44E+04 4.62E+14 1.99E+02 3.44E+00   15   3  2.48E-04 9.74E+00 2.34E+00
  95 3.65E+01 1.35E+04 4.76E+14 2.05E+02 3.56E+00   15   3  2.68E-04 9.58E+00 2.35E+00
  96 3.89E+01 1.26E+04 4.92E+14 2.12E+02 3.67E+00   14   3  2.89E-04 9.42E+00 2.36E+00
  97 4.14E+01 1.18E+04 5.08E+14 2.19E+02 3.79E+00   14   3  3.13E-04 9.28E+00 2.37E+00
  98 4.41E+01 1.11E+04 5.25E+14 2.26E+02 3.92E+00   14   3  3.38E-04 9.13E+00 2.39E+00
  99 4.70E+01 1.04E+04 5.43E+14 2.34E+02 4.05E+00   14   3  3.66E-04 9.00E+00 2.41E+00
 100 5.00E+01 9.70E+03 5.61E+14 2.42E+02 4.19E+00   14   3  3.97E-04 8.86E+00 2.43E+00
 ======================================================================================
   (1) Optical depth at 1.0E+01 microns
   (2) Bolometric flux at the inner radius 
   (3) Inner radius for L=1E4 Lsun
   (4) Ratio of the inner to the stellar radius
   (5) Angular size (in arcsec) when Fbol=1E-6 W/m2
   (6) Dust temperature at the outer edge (in K)
   (7) Maximum error in flux conservation (%)
   (8) Mass-loss rate (in Msun/yr)
   (9) Terminal outflow velocity (in km/s)
   (10) Upper limit of the stellar mass (in Msun)
 =================================================
  Everything is OK for all models
  Spectra are in files *.s##
 ========== THE END ==============================
