 ===========================
  Output from program Dusty 
  Version: 2.0
 ===========================
  
  INPUT parameters from file:
  aringerOkmh_2600_800.inp                                              
  
* ----------------------------------------------------------------------
* NOTES:
* This is a simple version of an input file producing a minimal output.
* ----------------------------------------------------------------------
  Stellar spectrum supplied from file:
  aringerO_2600_resampled.dat                                           
  --------------------------------------------
  Abundances for supported grains:
  Sil-Ow Sil-Oc Sil-DL grf-DL amC-Hn SiC-Pg
  1.000  0.000  0.000  0.000  0.000  0.000
  KMH size distribution:
       Power q:  3.5
  Minimal size: 1.00E-02 microns
  Characteristic size: 1.00E+00 microns
  --------------------------------------------
  Dust temperature on the inner boundary: 800  K
  --------------------------------------------
  Density for radiatively driven winds from
  full dynamic calculation.
  Relative thickness: 1.000E+04
  --------------------------------------------
  Optical depths at 1.0E+01 microns
  ranging from 1.00E-01 to 5.00E+01
  100 models with logarithmic grid           
  Required accuracy: 5%
  --------------------------------------------
  
  ====================================================  
  For compliance with the point-source assumption, the
  following results should only be applied to sources 
  whose effective temperature exceeds 2023 K.
  ====================================================
          
  RESULTS:
  --------
 ###   tau0   F1(W/m2)  r1(cm)    r1/rc   theta1  Td(Y) err   Mdot      Ve       M> 
 ###     1        2        3        4        5      6    7      8        9       10 
 ======================================================================================
   1 1.00E-01 5.23E+04 2.42E+14 1.04E+02 1.80E+00   21   0  1.45E-06 1.29E+01 1.06E+00
   2 1.06E-01 5.19E+04 2.43E+14 1.05E+02 1.81E+00   21   0  1.52E-06 1.30E+01 1.09E+00
   3 1.13E-01 5.15E+04 2.44E+14 1.05E+02 1.82E+00   21   0  1.60E-06 1.31E+01 1.11E+00
   4 1.21E-01 5.11E+04 2.45E+14 1.05E+02 1.83E+00   21   0  1.69E-06 1.31E+01 1.14E+00
   5 1.29E-01 5.06E+04 2.46E+14 1.06E+02 1.83E+00   21   0  1.77E-06 1.32E+01 1.16E+00
   6 1.37E-01 5.02E+04 2.47E+14 1.06E+02 1.84E+00   21   0  1.87E-06 1.33E+01 1.18E+00
   7 1.46E-01 4.97E+04 2.48E+14 1.07E+02 1.85E+00   21   0  1.96E-06 1.34E+01 1.21E+00
   8 1.55E-01 4.92E+04 2.49E+14 1.07E+02 1.86E+00   21   0  2.07E-06 1.34E+01 1.23E+00
   9 1.65E-01 4.87E+04 2.50E+14 1.08E+02 1.87E+00   21   0  2.17E-06 1.35E+01 1.26E+00
  10 1.76E-01 4.82E+04 2.52E+14 1.08E+02 1.88E+00   21   0  2.29E-06 1.35E+01 1.28E+00
  11 1.87E-01 4.77E+04 2.53E+14 1.09E+02 1.89E+00   21   0  2.41E-06 1.36E+01 1.30E+00
  12 1.99E-01 4.72E+04 2.55E+14 1.10E+02 1.90E+00   21   0  2.53E-06 1.36E+01 1.33E+00
  13 2.12E-01 4.66E+04 2.56E+14 1.10E+02 1.91E+00   21   0  2.67E-06 1.37E+01 1.35E+00
  14 2.26E-01 4.61E+04 2.58E+14 1.11E+02 1.92E+00   21   0  2.81E-06 1.37E+01 1.37E+00
  15 2.41E-01 4.55E+04 2.59E+14 1.12E+02 1.93E+00   21   0  2.95E-06 1.37E+01 1.40E+00
  16 2.56E-01 4.49E+04 2.61E+14 1.12E+02 1.95E+00   21   0  3.11E-06 1.37E+01 1.42E+00
  17 2.73E-01 4.43E+04 2.63E+14 1.13E+02 1.96E+00   20   0  3.27E-06 1.37E+01 1.44E+00
  18 2.91E-01 4.37E+04 2.65E+14 1.14E+02 1.97E+00   20   0  3.44E-06 1.37E+01 1.46E+00
  19 3.10E-01 4.30E+04 2.67E+14 1.15E+02 1.99E+00   20   0  3.62E-06 1.37E+01 1.48E+00
  20 3.30E-01 4.22E+04 2.69E+14 1.16E+02 2.01E+00   20   0  3.86E-06 1.37E+01 1.50E+00
  21 3.51E-01 4.16E+04 2.71E+14 1.17E+02 2.02E+00   20   0  4.05E-06 1.37E+01 1.52E+00
  22 3.74E-01 4.09E+04 2.73E+14 1.18E+02 2.04E+00   20   0  4.26E-06 1.36E+01 1.54E+00
  23 3.98E-01 4.03E+04 2.76E+14 1.19E+02 2.06E+00   20   0  4.48E-06 1.36E+01 1.55E+00
  24 4.24E-01 3.96E+04 2.78E+14 1.20E+02 2.07E+00   20   0  4.72E-06 1.35E+01 1.57E+00
  25 4.51E-01 3.90E+04 2.80E+14 1.21E+02 2.09E+00   20   0  4.96E-06 1.34E+01 1.58E+00
  26 4.80E-01 3.83E+04 2.83E+14 1.22E+02 2.11E+00   20   0  5.21E-06 1.33E+01 1.59E+00
  27 5.11E-01 3.76E+04 2.85E+14 1.23E+02 2.13E+00   20   0  5.48E-06 1.32E+01 1.60E+00
  28 5.45E-01 3.70E+04 2.88E+14 1.24E+02 2.15E+00   19   0  5.76E-06 1.31E+01 1.61E+00
  29 5.80E-01 3.63E+04 2.90E+14 1.25E+02 2.16E+00   19   0  6.05E-06 1.30E+01 1.62E+00
  30 6.17E-01 3.57E+04 2.93E+14 1.26E+02 2.18E+00   19   0  6.35E-06 1.29E+01 1.63E+00
  31 6.57E-01 3.50E+04 2.96E+14 1.27E+02 2.20E+00   19   0  6.67E-06 1.28E+01 1.64E+00
  32 7.00E-01 3.44E+04 2.98E+14 1.29E+02 2.23E+00   19   0  7.00E-06 1.26E+01 1.64E+00
  33 7.45E-01 3.37E+04 3.01E+14 1.30E+02 2.25E+00   19   0  7.35E-06 1.25E+01 1.65E+00
  34 7.94E-01 3.31E+04 3.04E+14 1.31E+02 2.27E+00   19   0  7.72E-06 1.23E+01 1.65E+00
  35 8.45E-01 3.24E+04 3.07E+14 1.32E+02 2.29E+00   19   0  8.10E-06 1.22E+01 1.65E+00
  36 9.00E-01 3.18E+04 3.10E+14 1.34E+02 2.31E+00   19   0  8.50E-06 1.20E+01 1.65E+00
  37 9.58E-01 3.12E+04 3.13E+14 1.35E+02 2.34E+00   19   0  8.91E-06 1.18E+01 1.65E+00
  38 1.02E+00 3.06E+04 3.16E+14 1.36E+02 2.36E+00   19   0  9.35E-06 1.16E+01 1.65E+00
  39 1.09E+00 3.00E+04 3.19E+14 1.38E+02 2.38E+00   18   0  9.80E-06 1.15E+01 1.65E+00
  40 1.16E+00 2.94E+04 3.23E+14 1.39E+02 2.41E+00   18   0  1.03E-05 1.13E+01 1.64E+00
  41 1.23E+00 2.88E+04 3.26E+14 1.40E+02 2.43E+00   18   0  1.08E-05 1.11E+01 1.64E+00
  42 1.31E+00 2.82E+04 3.30E+14 1.42E+02 2.46E+00   18   0  1.13E-05 1.09E+01 1.63E+00
  43 1.40E+00 2.76E+04 3.33E+14 1.43E+02 2.48E+00   18   0  1.19E-05 1.07E+01 1.63E+00
  44 1.49E+00 2.70E+04 3.37E+14 1.45E+02 2.51E+00   18   0  1.25E-05 1.06E+01 1.63E+00
  45 1.58E+00 2.64E+04 3.40E+14 1.47E+02 2.54E+00   18   0  1.32E-05 1.05E+01 1.63E+00
  46 1.69E+00 2.58E+04 3.44E+14 1.48E+02 2.57E+00   18   0  1.39E-05 1.05E+01 1.63E+00
  47 1.80E+00 2.52E+04 3.48E+14 1.50E+02 2.60E+00   18   0  1.46E-05 1.04E+01 1.63E+00
  48 1.91E+00 2.47E+04 3.52E+14 1.52E+02 2.63E+00   18   0  1.54E-05 1.03E+01 1.63E+00
  49 2.04E+00 2.41E+04 3.56E+14 1.53E+02 2.66E+00   17   0  1.63E-05 1.02E+01 1.63E+00
  50 2.17E+00 2.35E+04 3.60E+14 1.55E+02 2.69E+00   17   0  1.72E-05 1.01E+01 1.63E+00
  51 2.31E+00 2.30E+04 3.65E+14 1.57E+02 2.72E+00   17   0  1.82E-05 1.00E+01 1.62E+00
  52 2.46E+00 2.24E+04 3.69E+14 1.59E+02 2.76E+00   17   0  1.92E-05 9.94E+00 1.62E+00
  53 2.62E+00 2.19E+04 3.74E+14 1.61E+02 2.79E+00   17   0  2.02E-05 9.86E+00 1.62E+00
  54 2.79E+00 2.13E+04 3.79E+14 1.63E+02 2.83E+00   17   0  2.14E-05 9.78E+00 1.62E+00
  55 2.97E+00 2.08E+04 3.84E+14 1.65E+02 2.86E+00   17   0  2.26E-05 9.70E+00 1.62E+00
  56 3.16E+00 2.02E+04 3.89E+14 1.68E+02 2.90E+00   17   0  2.39E-05 9.62E+00 1.62E+00
  57 3.36E+00 1.97E+04 3.94E+14 1.70E+02 2.94E+00   17   0  2.53E-05 9.54E+00 1.61E+00
  58 3.58E+00 1.91E+04 4.00E+14 1.72E+02 2.98E+00   17   0  2.68E-05 9.45E+00 1.61E+00
  59 3.81E+00 1.87E+04 4.04E+14 1.74E+02 3.01E+00   17   0  2.79E-05 9.40E+00 1.61E+00
  60 4.06E+00 1.82E+04 4.10E+14 1.77E+02 3.06E+00   16   0  2.96E-05 9.32E+00 1.61E+00
  61 4.32E+00 1.77E+04 4.16E+14 1.79E+02 3.11E+00   16   0  3.14E-05 9.23E+00 1.61E+00
  62 4.60E+00 1.71E+04 4.23E+14 1.82E+02 3.15E+00   16   0  3.33E-05 9.15E+00 1.61E+00
  63 4.90E+00 1.65E+04 4.31E+14 1.86E+02 3.21E+00   16   0  3.57E-05 9.09E+00 1.61E+00
  64 5.22E+00 1.59E+04 4.38E+14 1.89E+02 3.27E+00   16   0  3.78E-05 9.00E+00 1.60E+00
  65 5.56E+00 1.54E+04 4.45E+14 1.92E+02 3.32E+00   16   0  4.02E-05 8.92E+00 1.60E+00
  66 5.92E+00 1.49E+04 4.53E+14 1.95E+02 3.38E+00   16   0  4.27E-05 8.83E+00 1.60E+00
  67 6.30E+00 1.44E+04 4.61E+14 1.99E+02 3.44E+00   16   0  4.54E-05 8.75E+00 1.60E+00
  68 6.71E+00 1.39E+04 4.69E+14 2.02E+02 3.50E+00   15   0  4.83E-05 8.66E+00 1.60E+00
  69 7.14E+00 1.34E+04 4.78E+14 2.06E+02 3.57E+00   15   0  5.13E-05 8.57E+00 1.60E+00
  70 7.61E+00 1.29E+04 4.87E+14 2.10E+02 3.63E+00   15   0  5.46E-05 8.48E+00 1.60E+00
  71 8.10E+00 1.26E+04 4.94E+14 2.13E+02 3.68E+00   15   0  5.73E-05 8.41E+00 1.60E+00
  72 8.62E+00 1.21E+04 5.03E+14 2.17E+02 3.76E+00   15   0  6.11E-05 8.32E+00 1.60E+00
  73 9.18E+00 1.16E+04 5.14E+14 2.21E+02 3.83E+00   15   0  6.51E-05 8.22E+00 1.61E+00
  74 9.78E+00 1.11E+04 5.24E+14 2.26E+02 3.91E+00   15   1  6.95E-05 8.13E+00 1.61E+00
  75 1.04E+01 1.07E+04 5.35E+14 2.31E+02 4.00E+00   15   1  7.42E-05 8.03E+00 1.61E+00
  76 1.11E+01 1.01E+04 5.50E+14 2.37E+02 4.10E+00   14   0  8.01E-05 7.95E+00 1.61E+00
  77 1.18E+01 9.68E+03 5.62E+14 2.42E+02 4.19E+00   14   0  8.56E-05 7.86E+00 1.61E+00
  78 1.26E+01 9.19E+03 5.77E+14 2.48E+02 4.30E+00   14   0  9.20E-05 7.86E+00 1.61E+00
  79 1.34E+01 8.78E+03 5.90E+14 2.54E+02 4.40E+00   14   0  9.84E-05 7.76E+00 1.61E+00
  80 1.42E+01 8.37E+03 6.04E+14 2.60E+02 4.51E+00   14   0  1.05E-04 7.66E+00 1.61E+00
  81 1.52E+01 7.98E+03 6.19E+14 2.67E+02 4.62E+00   14   1  1.13E-04 7.56E+00 1.61E+00
  82 1.62E+01 7.60E+03 6.34E+14 2.73E+02 4.73E+00   14   1  1.21E-04 7.46E+00 1.61E+00
  83 1.72E+01 7.23E+03 6.50E+14 2.80E+02 4.85E+00   13   1  1.29E-04 7.35E+00 1.62E+00
  84 1.83E+01 6.88E+03 6.67E+14 2.87E+02 4.98E+00   13   1  1.39E-04 7.25E+00 1.62E+00
  85 1.95E+01 6.53E+03 6.84E+14 2.95E+02 5.11E+00   13   1  1.49E-04 7.15E+00 1.62E+00
  86 2.08E+01 6.20E+03 7.02E+14 3.03E+02 5.24E+00   13   1  1.60E-04 7.04E+00 1.63E+00
  87 2.21E+01 5.97E+03 7.16E+14 3.08E+02 5.34E+00   13   2  1.68E-04 6.93E+00 1.63E+00
  88 2.35E+01 5.65E+03 7.35E+14 3.17E+02 5.49E+00   13   2  1.81E-04 6.82E+00 1.63E+00
  89 2.51E+01 5.35E+03 7.56E+14 3.26E+02 5.64E+00   13   2  1.94E-04 6.72E+00 1.63E+00
  90 2.67E+01 5.06E+03 7.77E+14 3.35E+02 5.80E+00   12   2  2.09E-04 6.61E+00 1.64E+00
  91 2.84E+01 4.79E+03 7.99E+14 3.44E+02 5.96E+00   12   2  2.25E-04 6.50E+00 1.64E+00
  92 3.03E+01 4.52E+03 8.22E+14 3.54E+02 6.13E+00   12   2  2.42E-04 6.40E+00 1.64E+00
  93 3.22E+01 4.27E+03 8.46E+14 3.64E+02 6.31E+00   12   2  2.60E-04 6.29E+00 1.64E+00
  94 3.43E+01 4.03E+03 8.71E+14 3.75E+02 6.50E+00   12   2  2.80E-04 6.18E+00 1.65E+00
  95 3.65E+01 3.80E+03 8.97E+14 3.86E+02 6.69E+00   11   2  3.02E-04 6.08E+00 1.65E+00
  96 3.89E+01 3.58E+03 9.24E+14 3.98E+02 6.89E+00   11   2  3.26E-04 5.98E+00 1.65E+00
  97 4.14E+01 3.38E+03 9.52E+14 4.10E+02 7.10E+00   11   3  3.51E-04 5.87E+00 1.66E+00
  98 4.41E+01 3.18E+03 9.81E+14 4.22E+02 7.32E+00   11   3  3.78E-04 5.77E+00 1.66E+00
  99 4.70E+01 2.99E+03 1.01E+15 4.35E+02 7.54E+00   11   3  4.08E-04 5.67E+00 1.67E+00
 100 5.00E+01 2.82E+03 1.04E+15 4.49E+02 7.78E+00   11   3  4.40E-04 5.58E+00 1.67E+00
 ======================================================================================
   (1) Optical depth at 1.0E+01 microns
   (2) Bolometric flux at the inner radius 
   (3) Inner radius for L=1E4 Lsun
   (4) Ratio of the inner to the stellar radius
   (5) Angular size (in arcsec) when Fbol=1E-6 W/m2
   (6) Dust temperature at the outer edge (in K)
   (7) Maximum error in flux conservation (%)
   (8) Mass-loss rate (in Msun/yr)
   (9) Terminal outflow velocity (in km/s)
   (10) Upper limit of the stellar mass (in Msun)
 =================================================
  Everything is OK for all models
  Spectra are in files *.s##
 ========== THE END ==============================
