 ===========================
  Output from program Dusty 
  Version: 2.0
 ===========================
  
  INPUT parameters from file:
  aringerOkmh_3000_800.inp                                              
  
* ----------------------------------------------------------------------
* NOTES:
* This is a simple version of an input file producing a minimal output.
* ----------------------------------------------------------------------
  Stellar spectrum supplied from file:
  aringerO_3000_resampled.dat                                           
  --------------------------------------------
  Abundances for supported grains:
  Sil-Ow Sil-Oc Sil-DL grf-DL amC-Hn SiC-Pg
  1.000  0.000  0.000  0.000  0.000  0.000
  KMH size distribution:
       Power q:  3.5
  Minimal size: 1.00E-02 microns
  Characteristic size: 1.00E+00 microns
  --------------------------------------------
  Dust temperature on the inner boundary: 800  K
  --------------------------------------------
  Density for radiatively driven winds from
  full dynamic calculation.
  Relative thickness: 1.000E+04
  --------------------------------------------
  Optical depths at 1.0E+01 microns
  ranging from 1.00E-01 to 5.00E+01
  100 models with logarithmic grid           
  Required accuracy: 5%
  --------------------------------------------
  
  ====================================================  
  For compliance with the point-source assumption, the
  following results should only be applied to sources 
  whose effective temperature exceeds 2020 K.
  ====================================================
          
  RESULTS:
  --------
 ###   tau0   F1(W/m2)  r1(cm)    r1/rc   theta1  Td(Y) err   Mdot      Ve       M> 
 ###     1        2        3        4        5      6    7      8        9       10 
 ======================================================================================
   1 1.00E-01 5.21E+04 2.42E+14 1.04E+02 1.81E+00   21   0  1.49E-06 1.32E+01 1.12E+00
   2 1.06E-01 5.17E+04 2.43E+14 1.05E+02 1.81E+00   21   0  1.57E-06 1.33E+01 1.14E+00
   3 1.13E-01 5.13E+04 2.44E+14 1.05E+02 1.82E+00   21   0  1.65E-06 1.34E+01 1.17E+00
   4 1.21E-01 5.09E+04 2.45E+14 1.06E+02 1.83E+00   21   0  1.73E-06 1.35E+01 1.20E+00
   5 1.29E-01 5.05E+04 2.46E+14 1.06E+02 1.84E+00   21   0  1.82E-06 1.36E+01 1.22E+00
   6 1.37E-01 5.00E+04 2.47E+14 1.06E+02 1.84E+00   21   0  1.92E-06 1.37E+01 1.25E+00
   7 1.46E-01 4.96E+04 2.48E+14 1.07E+02 1.85E+00   21   0  2.02E-06 1.38E+01 1.27E+00
   8 1.55E-01 4.91E+04 2.50E+14 1.08E+02 1.86E+00   21   0  2.13E-06 1.38E+01 1.30E+00
   9 1.65E-01 4.86E+04 2.51E+14 1.08E+02 1.87E+00   21   0  2.24E-06 1.39E+01 1.33E+00
  10 1.76E-01 4.81E+04 2.52E+14 1.09E+02 1.88E+00   21   0  2.36E-06 1.40E+01 1.35E+00
  11 1.87E-01 4.75E+04 2.54E+14 1.09E+02 1.89E+00   21   0  2.48E-06 1.40E+01 1.38E+00
  12 1.99E-01 4.70E+04 2.55E+14 1.10E+02 1.90E+00   21   0  2.61E-06 1.40E+01 1.40E+00
  13 2.12E-01 4.64E+04 2.57E+14 1.11E+02 1.92E+00   21   0  2.75E-06 1.41E+01 1.43E+00
  14 2.26E-01 4.58E+04 2.58E+14 1.11E+02 1.93E+00   21   0  2.89E-06 1.41E+01 1.45E+00
  15 2.41E-01 4.52E+04 2.60E+14 1.12E+02 1.94E+00   21   0  3.05E-06 1.41E+01 1.48E+00
  16 2.56E-01 4.46E+04 2.62E+14 1.13E+02 1.95E+00   21   0  3.21E-06 1.41E+01 1.50E+00
  17 2.73E-01 4.40E+04 2.64E+14 1.14E+02 1.97E+00   20   0  3.37E-06 1.42E+01 1.53E+00
  18 2.91E-01 4.34E+04 2.66E+14 1.14E+02 1.98E+00   20   0  3.55E-06 1.41E+01 1.55E+00
  19 3.10E-01 4.27E+04 2.68E+14 1.15E+02 2.00E+00   20   0  3.74E-06 1.41E+01 1.57E+00
  20 3.30E-01 4.19E+04 2.70E+14 1.16E+02 2.02E+00   20   0  3.99E-06 1.42E+01 1.60E+00
  21 3.51E-01 4.12E+04 2.72E+14 1.17E+02 2.03E+00   20   0  4.19E-06 1.41E+01 1.62E+00
  22 3.74E-01 4.05E+04 2.75E+14 1.18E+02 2.05E+00   20   0  4.41E-06 1.41E+01 1.63E+00
  23 3.98E-01 3.98E+04 2.77E+14 1.19E+02 2.07E+00   20   0  4.64E-06 1.40E+01 1.65E+00
  24 4.24E-01 3.92E+04 2.79E+14 1.20E+02 2.08E+00   20   0  4.89E-06 1.40E+01 1.67E+00
  25 4.51E-01 3.85E+04 2.82E+14 1.21E+02 2.10E+00   20   0  5.14E-06 1.39E+01 1.68E+00
  26 4.80E-01 3.78E+04 2.84E+14 1.23E+02 2.12E+00   20   0  5.40E-06 1.38E+01 1.70E+00
  27 5.11E-01 3.71E+04 2.87E+14 1.24E+02 2.14E+00   20   0  5.68E-06 1.37E+01 1.71E+00
  28 5.45E-01 3.64E+04 2.90E+14 1.25E+02 2.16E+00   20   0  5.97E-06 1.36E+01 1.72E+00
  29 5.80E-01 3.57E+04 2.92E+14 1.26E+02 2.18E+00   19   0  6.28E-06 1.35E+01 1.73E+00
  30 6.17E-01 3.51E+04 2.95E+14 1.27E+02 2.20E+00   19   0  6.60E-06 1.33E+01 1.74E+00
  31 6.57E-01 3.44E+04 2.98E+14 1.28E+02 2.22E+00   19   0  6.93E-06 1.32E+01 1.75E+00
  32 7.00E-01 3.37E+04 3.01E+14 1.30E+02 2.25E+00   19   0  7.28E-06 1.31E+01 1.75E+00
  33 7.45E-01 3.31E+04 3.04E+14 1.31E+02 2.27E+00   19   0  7.65E-06 1.29E+01 1.76E+00
  34 7.94E-01 3.24E+04 3.07E+14 1.32E+02 2.29E+00   19   0  8.03E-06 1.27E+01 1.76E+00
  35 8.45E-01 3.17E+04 3.10E+14 1.34E+02 2.32E+00   19   0  8.43E-06 1.26E+01 1.76E+00
  36 9.00E-01 3.11E+04 3.14E+14 1.35E+02 2.34E+00   19   0  8.84E-06 1.24E+01 1.76E+00
  37 9.58E-01 3.05E+04 3.17E+14 1.36E+02 2.36E+00   19   0  9.28E-06 1.22E+01 1.76E+00
  38 1.02E+00 2.98E+04 3.20E+14 1.38E+02 2.39E+00   18   0  9.73E-06 1.20E+01 1.76E+00
  39 1.09E+00 2.92E+04 3.24E+14 1.39E+02 2.41E+00   18   0  1.02E-05 1.18E+01 1.76E+00
  40 1.16E+00 2.86E+04 3.27E+14 1.41E+02 2.44E+00   18   0  1.07E-05 1.16E+01 1.75E+00
  41 1.23E+00 2.80E+04 3.31E+14 1.42E+02 2.47E+00   18   0  1.12E-05 1.14E+01 1.75E+00
  42 1.31E+00 2.74E+04 3.34E+14 1.44E+02 2.49E+00   18   0  1.18E-05 1.12E+01 1.74E+00
  43 1.40E+00 2.68E+04 3.38E+14 1.46E+02 2.52E+00   18   0  1.23E-05 1.10E+01 1.73E+00
  44 1.49E+00 2.62E+04 3.42E+14 1.47E+02 2.55E+00   18   0  1.30E-05 1.08E+01 1.73E+00
  45 1.58E+00 2.56E+04 3.45E+14 1.49E+02 2.58E+00   18   0  1.37E-05 1.07E+01 1.73E+00
  46 1.69E+00 2.51E+04 3.49E+14 1.51E+02 2.61E+00   18   0  1.44E-05 1.06E+01 1.72E+00
  47 1.80E+00 2.45E+04 3.53E+14 1.52E+02 2.64E+00   18   0  1.52E-05 1.05E+01 1.72E+00
  48 1.91E+00 2.39E+04 3.58E+14 1.54E+02 2.67E+00   17   0  1.60E-05 1.04E+01 1.72E+00
  49 2.04E+00 2.33E+04 3.62E+14 1.56E+02 2.70E+00   17   0  1.69E-05 1.03E+01 1.72E+00
  50 2.17E+00 2.28E+04 3.66E+14 1.58E+02 2.73E+00   17   0  1.78E-05 1.02E+01 1.71E+00
  51 2.31E+00 2.22E+04 3.71E+14 1.60E+02 2.77E+00   17   0  1.88E-05 1.01E+01 1.71E+00
  52 2.46E+00 2.17E+04 3.75E+14 1.62E+02 2.80E+00   17   0  1.99E-05 1.00E+01 1.71E+00
  53 2.62E+00 2.11E+04 3.80E+14 1.64E+02 2.84E+00   17   0  2.10E-05 9.95E+00 1.70E+00
  54 2.79E+00 2.06E+04 3.85E+14 1.66E+02 2.87E+00   17   0  2.21E-05 9.86E+00 1.70E+00
  55 2.97E+00 2.01E+04 3.90E+14 1.68E+02 2.91E+00   17   0  2.34E-05 9.76E+00 1.69E+00
  56 3.16E+00 1.95E+04 3.96E+14 1.70E+02 2.95E+00   17   0  2.47E-05 9.68E+00 1.69E+00
  57 3.36E+00 1.90E+04 4.01E+14 1.73E+02 2.99E+00   17   0  2.61E-05 9.58E+00 1.69E+00
  58 3.58E+00 1.85E+04 4.07E+14 1.75E+02 3.04E+00   16   0  2.77E-05 9.49E+00 1.68E+00
  59 3.81E+00 1.81E+04 4.11E+14 1.77E+02 3.07E+00   16   0  2.89E-05 9.43E+00 1.68E+00
  60 4.06E+00 1.76E+04 4.17E+14 1.80E+02 3.11E+00   16   0  3.06E-05 9.34E+00 1.68E+00
  61 4.32E+00 1.71E+04 4.23E+14 1.82E+02 3.16E+00   16   0  3.24E-05 9.24E+00 1.67E+00
  62 4.60E+00 1.66E+04 4.30E+14 1.85E+02 3.21E+00   16   0  3.43E-05 9.15E+00 1.67E+00
  63 4.90E+00 1.59E+04 4.38E+14 1.89E+02 3.27E+00   16   0  3.67E-05 9.09E+00 1.66E+00
  64 5.22E+00 1.54E+04 4.45E+14 1.92E+02 3.32E+00   16   0  3.89E-05 9.00E+00 1.66E+00
  65 5.56E+00 1.49E+04 4.53E+14 1.95E+02 3.38E+00   16   0  4.13E-05 8.91E+00 1.66E+00
  66 5.92E+00 1.44E+04 4.60E+14 1.98E+02 3.43E+00   16   0  4.39E-05 8.82E+00 1.65E+00
  67 6.30E+00 1.40E+04 4.68E+14 2.02E+02 3.49E+00   16   0  4.66E-05 8.73E+00 1.65E+00
  68 6.71E+00 1.35E+04 4.77E+14 2.05E+02 3.56E+00   15   0  4.95E-05 8.63E+00 1.65E+00
  69 7.14E+00 1.30E+04 4.85E+14 2.09E+02 3.62E+00   15   0  5.26E-05 8.54E+00 1.65E+00
  70 7.61E+00 1.25E+04 4.94E+14 2.13E+02 3.69E+00   15   0  5.60E-05 8.45E+00 1.65E+00
  71 8.10E+00 1.22E+04 5.01E+14 2.16E+02 3.74E+00   15   0  5.87E-05 8.38E+00 1.65E+00
  72 8.62E+00 1.17E+04 5.11E+14 2.20E+02 3.81E+00   15   0  6.25E-05 8.28E+00 1.64E+00
  73 9.18E+00 1.13E+04 5.21E+14 2.24E+02 3.89E+00   15   0  6.66E-05 8.19E+00 1.64E+00
  74 9.78E+00 1.08E+04 5.32E+14 2.29E+02 3.97E+00   15   1  7.10E-05 8.09E+00 1.64E+00
  75 1.04E+01 1.04E+04 5.43E+14 2.34E+02 4.05E+00   15   1  7.58E-05 7.99E+00 1.64E+00
  76 1.11E+01 9.86E+03 5.57E+14 2.40E+02 4.16E+00   14   0  8.17E-05 7.92E+00 1.64E+00
  77 1.18E+01 9.44E+03 5.69E+14 2.45E+02 4.25E+00   14   0  8.73E-05 7.82E+00 1.64E+00
  78 1.26E+01 8.97E+03 5.84E+14 2.52E+02 4.36E+00   14   0  9.37E-05 7.82E+00 1.63E+00
  79 1.34E+01 8.57E+03 5.97E+14 2.57E+02 4.46E+00   14   0  1.00E-04 7.72E+00 1.63E+00
  80 1.42E+01 8.19E+03 6.11E+14 2.63E+02 4.56E+00   14   0  1.07E-04 7.62E+00 1.64E+00
  81 1.52E+01 7.81E+03 6.26E+14 2.70E+02 4.67E+00   14   1  1.15E-04 7.52E+00 1.64E+00
  82 1.62E+01 7.44E+03 6.41E+14 2.76E+02 4.78E+00   14   1  1.23E-04 7.42E+00 1.64E+00
  83 1.72E+01 7.09E+03 6.57E+14 2.83E+02 4.90E+00   13   1  1.31E-04 7.32E+00 1.64E+00
  84 1.83E+01 6.74E+03 6.73E+14 2.90E+02 5.03E+00   13   1  1.41E-04 7.22E+00 1.64E+00
  85 1.95E+01 6.41E+03 6.91E+14 2.98E+02 5.15E+00   13   1  1.51E-04 7.11E+00 1.64E+00
  86 2.08E+01 6.09E+03 7.09E+14 3.05E+02 5.29E+00   13   1  1.62E-04 7.01E+00 1.64E+00
  87 2.21E+01 5.86E+03 7.22E+14 3.11E+02 5.39E+00   13   2  1.71E-04 6.90E+00 1.64E+00
  88 2.35E+01 5.56E+03 7.42E+14 3.19E+02 5.53E+00   13   2  1.83E-04 6.79E+00 1.65E+00
  89 2.51E+01 5.27E+03 7.62E+14 3.28E+02 5.68E+00   12   2  1.97E-04 6.69E+00 1.65E+00
  90 2.67E+01 4.99E+03 7.83E+14 3.37E+02 5.84E+00   12   2  2.11E-04 6.58E+00 1.65E+00
  91 2.84E+01 4.72E+03 8.05E+14 3.47E+02 6.01E+00   12   2  2.27E-04 6.47E+00 1.65E+00
  92 3.03E+01 4.46E+03 8.28E+14 3.57E+02 6.18E+00   12   2  2.44E-04 6.37E+00 1.66E+00
  93 3.22E+01 4.22E+03 8.52E+14 3.67E+02 6.35E+00   12   2  2.63E-04 6.26E+00 1.66E+00
  94 3.43E+01 3.98E+03 8.76E+14 3.77E+02 6.54E+00   12   2  2.83E-04 6.16E+00 1.66E+00
  95 3.65E+01 3.76E+03 9.02E+14 3.89E+02 6.73E+00   11   2  3.05E-04 6.06E+00 1.66E+00
  96 3.89E+01 3.55E+03 9.29E+14 4.00E+02 6.93E+00   11   2  3.28E-04 5.95E+00 1.67E+00
  97 4.14E+01 3.34E+03 9.56E+14 4.12E+02 7.14E+00   11   3  3.54E-04 5.85E+00 1.67E+00
  98 4.41E+01 3.15E+03 9.85E+14 4.24E+02 7.35E+00   11   3  3.81E-04 5.75E+00 1.67E+00
  99 4.70E+01 2.97E+03 1.02E+15 4.37E+02 7.58E+00   11   3  4.11E-04 5.65E+00 1.67E+00
 100 5.00E+01 2.79E+03 1.05E+15 4.51E+02 7.81E+00   11   3  4.43E-04 5.56E+00 1.68E+00
 ======================================================================================
   (1) Optical depth at 1.0E+01 microns
   (2) Bolometric flux at the inner radius 
   (3) Inner radius for L=1E4 Lsun
   (4) Ratio of the inner to the stellar radius
   (5) Angular size (in arcsec) when Fbol=1E-6 W/m2
   (6) Dust temperature at the outer edge (in K)
   (7) Maximum error in flux conservation (%)
   (8) Mass-loss rate (in Msun/yr)
   (9) Terminal outflow velocity (in km/s)
   (10) Upper limit of the stellar mass (in Msun)
 =================================================
  Everything is OK for all models
  Spectra are in files *.s##
 ========== THE END ==============================
