 ===========================
  Output from program Dusty 
  Version: 2.0
 ===========================
  
  INPUT parameters from file:
  aringerOkmh_2800_800.inp                                              
  
* ----------------------------------------------------------------------
* NOTES:
* This is a simple version of an input file producing a minimal output.
* ----------------------------------------------------------------------
  Stellar spectrum supplied from file:
  aringerO_2800_resampled.dat                                           
  --------------------------------------------
  Abundances for supported grains:
  Sil-Ow Sil-Oc Sil-DL grf-DL amC-Hn SiC-Pg
  1.000  0.000  0.000  0.000  0.000  0.000
  KMH size distribution:
       Power q:  3.5
  Minimal size: 1.00E-02 microns
  Characteristic size: 1.00E+00 microns
  --------------------------------------------
  Dust temperature on the inner boundary: 800  K
  --------------------------------------------
  Density for radiatively driven winds from
  full dynamic calculation.
  Relative thickness: 1.000E+04
  --------------------------------------------
  Optical depths at 1.0E+01 microns
  ranging from 1.00E-01 to 5.00E+01
  100 models with logarithmic grid           
  Required accuracy: 5%
  --------------------------------------------
  
  ====================================================  
  For compliance with the point-source assumption, the
  following results should only be applied to sources 
  whose effective temperature exceeds 2024 K.
  ====================================================
          
  RESULTS:
  --------
 ###   tau0   F1(W/m2)  r1(cm)    r1/rc   theta1  Td(Y) err   Mdot      Ve       M> 
 ###     1        2        3        4        5      6    7      8        9       10 
 ======================================================================================
   1 1.00E-01 5.25E+04 2.41E+14 1.04E+02 1.80E+00   21   0  1.46E-06 1.30E+01 1.09E+00
   2 1.06E-01 5.21E+04 2.42E+14 1.04E+02 1.81E+00   21   0  1.54E-06 1.31E+01 1.11E+00
   3 1.13E-01 5.17E+04 2.43E+14 1.05E+02 1.81E+00   21   0  1.62E-06 1.32E+01 1.14E+00
   4 1.21E-01 5.13E+04 2.44E+14 1.05E+02 1.82E+00   21   0  1.70E-06 1.33E+01 1.16E+00
   5 1.29E-01 5.09E+04 2.45E+14 1.06E+02 1.83E+00   21   0  1.79E-06 1.34E+01 1.19E+00
   6 1.37E-01 5.04E+04 2.46E+14 1.06E+02 1.84E+00   21   0  1.89E-06 1.35E+01 1.21E+00
   7 1.46E-01 5.00E+04 2.47E+14 1.07E+02 1.85E+00   21   0  1.98E-06 1.36E+01 1.24E+00
   8 1.55E-01 4.95E+04 2.49E+14 1.07E+02 1.86E+00   21   0  2.09E-06 1.36E+01 1.26E+00
   9 1.65E-01 4.90E+04 2.50E+14 1.08E+02 1.86E+00   21   0  2.20E-06 1.37E+01 1.29E+00
  10 1.76E-01 4.85E+04 2.51E+14 1.08E+02 1.87E+00   21   0  2.31E-06 1.37E+01 1.31E+00
  11 1.87E-01 4.79E+04 2.53E+14 1.09E+02 1.88E+00   21   0  2.44E-06 1.38E+01 1.34E+00
  12 1.99E-01 4.74E+04 2.54E+14 1.09E+02 1.90E+00   21   0  2.56E-06 1.38E+01 1.36E+00
  13 2.12E-01 4.68E+04 2.56E+14 1.10E+02 1.91E+00   21   0  2.70E-06 1.39E+01 1.38E+00
  14 2.26E-01 4.62E+04 2.57E+14 1.11E+02 1.92E+00   21   0  2.84E-06 1.39E+01 1.41E+00
  15 2.41E-01 4.56E+04 2.59E+14 1.12E+02 1.93E+00   21   0  2.99E-06 1.39E+01 1.43E+00
  16 2.56E-01 4.50E+04 2.61E+14 1.12E+02 1.94E+00   21   0  3.15E-06 1.39E+01 1.46E+00
  17 2.73E-01 4.44E+04 2.62E+14 1.13E+02 1.96E+00   20   0  3.31E-06 1.39E+01 1.48E+00
  18 2.91E-01 4.38E+04 2.64E+14 1.14E+02 1.97E+00   20   0  3.49E-06 1.39E+01 1.50E+00
  19 3.10E-01 4.32E+04 2.66E+14 1.15E+02 1.99E+00   20   0  3.67E-06 1.39E+01 1.52E+00
  20 3.30E-01 4.23E+04 2.69E+14 1.16E+02 2.01E+00   20   0  3.91E-06 1.40E+01 1.54E+00
  21 3.51E-01 4.16E+04 2.71E+14 1.17E+02 2.02E+00   20   0  4.11E-06 1.39E+01 1.56E+00
  22 3.74E-01 4.10E+04 2.73E+14 1.18E+02 2.04E+00   20   0  4.33E-06 1.39E+01 1.58E+00
  23 3.98E-01 4.03E+04 2.75E+14 1.19E+02 2.06E+00   20   0  4.55E-06 1.38E+01 1.60E+00
  24 4.24E-01 3.96E+04 2.78E+14 1.20E+02 2.07E+00   20   0  4.79E-06 1.38E+01 1.61E+00
  25 4.51E-01 3.90E+04 2.80E+14 1.21E+02 2.09E+00   20   0  5.04E-06 1.37E+01 1.63E+00
  26 4.80E-01 3.83E+04 2.83E+14 1.22E+02 2.11E+00   20   0  5.30E-06 1.36E+01 1.64E+00
  27 5.11E-01 3.76E+04 2.85E+14 1.23E+02 2.13E+00   20   0  5.57E-06 1.35E+01 1.65E+00
  28 5.45E-01 3.69E+04 2.88E+14 1.24E+02 2.15E+00   20   0  5.85E-06 1.34E+01 1.67E+00
  29 5.80E-01 3.62E+04 2.90E+14 1.25E+02 2.17E+00   19   0  6.15E-06 1.33E+01 1.68E+00
  30 6.17E-01 3.56E+04 2.93E+14 1.26E+02 2.19E+00   19   0  6.46E-06 1.31E+01 1.68E+00
  31 6.57E-01 3.49E+04 2.96E+14 1.28E+02 2.21E+00   19   0  6.79E-06 1.30E+01 1.69E+00
  32 7.00E-01 3.42E+04 2.99E+14 1.29E+02 2.23E+00   19   0  7.13E-06 1.29E+01 1.70E+00
  33 7.45E-01 3.36E+04 3.02E+14 1.30E+02 2.25E+00   19   0  7.49E-06 1.27E+01 1.70E+00
  34 7.94E-01 3.29E+04 3.05E+14 1.31E+02 2.27E+00   19   0  7.86E-06 1.26E+01 1.70E+00
  35 8.45E-01 3.23E+04 3.08E+14 1.33E+02 2.30E+00   19   0  8.25E-06 1.24E+01 1.70E+00
  36 9.00E-01 3.16E+04 3.11E+14 1.34E+02 2.32E+00   19   0  8.66E-06 1.22E+01 1.71E+00
  37 9.58E-01 3.10E+04 3.14E+14 1.35E+02 2.34E+00   19   0  9.08E-06 1.20E+01 1.70E+00
  38 1.02E+00 3.04E+04 3.17E+14 1.37E+02 2.37E+00   19   0  9.53E-06 1.18E+01 1.70E+00
  39 1.09E+00 2.97E+04 3.21E+14 1.38E+02 2.39E+00   18   0  9.99E-06 1.17E+01 1.70E+00
  40 1.16E+00 2.91E+04 3.24E+14 1.40E+02 2.42E+00   18   0  1.05E-05 1.15E+01 1.70E+00
  41 1.23E+00 2.85E+04 3.28E+14 1.41E+02 2.44E+00   18   0  1.10E-05 1.13E+01 1.69E+00
  42 1.31E+00 2.79E+04 3.31E+14 1.43E+02 2.47E+00   18   0  1.15E-05 1.11E+01 1.69E+00
  43 1.40E+00 2.73E+04 3.35E+14 1.44E+02 2.50E+00   18   0  1.21E-05 1.09E+01 1.68E+00
  44 1.49E+00 2.67E+04 3.38E+14 1.46E+02 2.52E+00   18   0  1.27E-05 1.08E+01 1.68E+00
  45 1.58E+00 2.61E+04 3.42E+14 1.47E+02 2.55E+00   18   0  1.34E-05 1.07E+01 1.68E+00
  46 1.69E+00 2.55E+04 3.46E+14 1.49E+02 2.58E+00   18   0  1.41E-05 1.06E+01 1.68E+00
  47 1.80E+00 2.50E+04 3.50E+14 1.51E+02 2.61E+00   18   0  1.49E-05 1.05E+01 1.67E+00
  48 1.91E+00 2.44E+04 3.54E+14 1.53E+02 2.64E+00   18   0  1.57E-05 1.04E+01 1.67E+00
  49 2.04E+00 2.38E+04 3.58E+14 1.54E+02 2.67E+00   17   0  1.66E-05 1.03E+01 1.67E+00
  50 2.17E+00 2.33E+04 3.63E+14 1.56E+02 2.71E+00   17   0  1.75E-05 1.02E+01 1.67E+00
  51 2.31E+00 2.27E+04 3.67E+14 1.58E+02 2.74E+00   17   0  1.84E-05 1.01E+01 1.66E+00
  52 2.46E+00 2.21E+04 3.72E+14 1.60E+02 2.77E+00   17   0  1.95E-05 1.00E+01 1.66E+00
  53 2.62E+00 2.16E+04 3.76E+14 1.62E+02 2.81E+00   17   0  2.06E-05 9.91E+00 1.66E+00
  54 2.79E+00 2.10E+04 3.81E+14 1.64E+02 2.84E+00   17   0  2.17E-05 9.82E+00 1.66E+00
  55 2.97E+00 2.05E+04 3.86E+14 1.66E+02 2.88E+00   17   0  2.30E-05 9.74E+00 1.65E+00
  56 3.16E+00 1.99E+04 3.92E+14 1.69E+02 2.92E+00   17   0  2.43E-05 9.65E+00 1.65E+00
  57 3.36E+00 1.94E+04 3.97E+14 1.71E+02 2.96E+00   17   0  2.57E-05 9.56E+00 1.65E+00
  58 3.58E+00 1.89E+04 4.03E+14 1.73E+02 3.00E+00   17   0  2.72E-05 9.48E+00 1.65E+00
  59 3.81E+00 1.85E+04 4.07E+14 1.75E+02 3.03E+00   16   0  2.84E-05 9.42E+00 1.65E+00
  60 4.06E+00 1.80E+04 4.13E+14 1.78E+02 3.08E+00   16   0  3.00E-05 9.33E+00 1.64E+00
  61 4.32E+00 1.74E+04 4.19E+14 1.81E+02 3.13E+00   16   0  3.18E-05 9.24E+00 1.64E+00
  62 4.60E+00 1.69E+04 4.26E+14 1.83E+02 3.17E+00   16   0  3.38E-05 9.15E+00 1.64E+00
  63 4.90E+00 1.63E+04 4.34E+14 1.87E+02 3.24E+00   16   0  3.61E-05 9.09E+00 1.63E+00
  64 5.22E+00 1.57E+04 4.41E+14 1.90E+02 3.29E+00   16   0  3.83E-05 9.00E+00 1.63E+00
  65 5.56E+00 1.52E+04 4.48E+14 1.93E+02 3.34E+00   16   0  4.07E-05 8.91E+00 1.63E+00
  66 5.92E+00 1.47E+04 4.56E+14 1.96E+02 3.40E+00   16   0  4.32E-05 8.83E+00 1.63E+00
  67 6.30E+00 1.42E+04 4.64E+14 2.00E+02 3.46E+00   16   0  4.59E-05 8.74E+00 1.63E+00
  68 6.71E+00 1.37E+04 4.72E+14 2.03E+02 3.52E+00   15   0  4.88E-05 8.65E+00 1.62E+00
  69 7.14E+00 1.32E+04 4.81E+14 2.07E+02 3.59E+00   15   0  5.19E-05 8.56E+00 1.62E+00
  70 7.61E+00 1.27E+04 4.90E+14 2.11E+02 3.65E+00   15   0  5.52E-05 8.47E+00 1.62E+00
  71 8.10E+00 1.24E+04 4.97E+14 2.14E+02 3.70E+00   15   0  5.79E-05 8.40E+00 1.62E+00
  72 8.62E+00 1.19E+04 5.06E+14 2.18E+02 3.78E+00   15   0  6.17E-05 8.30E+00 1.62E+00
  73 9.18E+00 1.15E+04 5.17E+14 2.23E+02 3.85E+00   15   0  6.58E-05 8.21E+00 1.62E+00
  74 9.78E+00 1.10E+04 5.27E+14 2.27E+02 3.93E+00   15   1  7.02E-05 8.11E+00 1.62E+00
  75 1.04E+01 1.05E+04 5.38E+14 2.32E+02 4.02E+00   15   1  7.49E-05 8.01E+00 1.62E+00
  76 1.11E+01 1.00E+04 5.53E+14 2.38E+02 4.12E+00   14   0  8.08E-05 7.94E+00 1.62E+00
  77 1.18E+01 9.58E+03 5.65E+14 2.43E+02 4.21E+00   14   0  8.63E-05 7.84E+00 1.62E+00
  78 1.26E+01 9.10E+03 5.80E+14 2.50E+02 4.32E+00   14   0  9.27E-05 7.84E+00 1.62E+00
  79 1.34E+01 8.70E+03 5.93E+14 2.55E+02 4.42E+00   14   0  9.91E-05 7.74E+00 1.62E+00
  80 1.42E+01 8.30E+03 6.07E+14 2.62E+02 4.53E+00   14   0  1.06E-04 7.64E+00 1.62E+00
  81 1.52E+01 7.91E+03 6.22E+14 2.68E+02 4.64E+00   14   1  1.13E-04 7.54E+00 1.62E+00
  82 1.62E+01 7.54E+03 6.37E+14 2.74E+02 4.75E+00   14   1  1.21E-04 7.44E+00 1.62E+00
  83 1.72E+01 7.17E+03 6.53E+14 2.81E+02 4.87E+00   13   1  1.30E-04 7.34E+00 1.63E+00
  84 1.83E+01 6.82E+03 6.70E+14 2.88E+02 5.00E+00   13   1  1.39E-04 7.24E+00 1.63E+00
  85 1.95E+01 6.48E+03 6.87E+14 2.96E+02 5.12E+00   13   1  1.50E-04 7.13E+00 1.63E+00
  86 2.08E+01 6.15E+03 7.05E+14 3.04E+02 5.26E+00   13   1  1.60E-04 7.03E+00 1.63E+00
  87 2.21E+01 5.93E+03 7.18E+14 3.09E+02 5.36E+00   13   2  1.69E-04 6.92E+00 1.63E+00
  88 2.35E+01 5.62E+03 7.38E+14 3.18E+02 5.51E+00   13   2  1.82E-04 6.81E+00 1.64E+00
  89 2.51E+01 5.32E+03 7.58E+14 3.27E+02 5.66E+00   12   2  1.95E-04 6.70E+00 1.64E+00
  90 2.67E+01 5.04E+03 7.79E+14 3.36E+02 5.81E+00   12   2  2.10E-04 6.60E+00 1.64E+00
  91 2.84E+01 4.76E+03 8.01E+14 3.45E+02 5.98E+00   12   2  2.26E-04 6.49E+00 1.64E+00
  92 3.03E+01 4.50E+03 8.24E+14 3.55E+02 6.15E+00   12   2  2.43E-04 6.38E+00 1.65E+00
  93 3.22E+01 4.25E+03 8.48E+14 3.65E+02 6.33E+00   12   2  2.61E-04 6.28E+00 1.65E+00
  94 3.43E+01 4.01E+03 8.73E+14 3.76E+02 6.51E+00   12   2  2.82E-04 6.17E+00 1.65E+00
  95 3.65E+01 3.79E+03 8.99E+14 3.87E+02 6.71E+00   11   2  3.03E-04 6.07E+00 1.66E+00
  96 3.89E+01 3.57E+03 9.26E+14 3.99E+02 6.91E+00   11   2  3.27E-04 5.97E+00 1.66E+00
  97 4.14E+01 3.36E+03 9.54E+14 4.11E+02 7.11E+00   11   3  3.52E-04 5.86E+00 1.66E+00
  98 4.41E+01 3.17E+03 9.82E+14 4.23E+02 7.33E+00   11   3  3.80E-04 5.76E+00 1.67E+00
  99 4.70E+01 2.98E+03 1.01E+15 4.36E+02 7.55E+00   11   3  4.09E-04 5.67E+00 1.67E+00
 100 5.00E+01 2.81E+03 1.04E+15 4.50E+02 7.79E+00   11   3  4.42E-04 5.57E+00 1.67E+00
 ======================================================================================
   (1) Optical depth at 1.0E+01 microns
   (2) Bolometric flux at the inner radius 
   (3) Inner radius for L=1E4 Lsun
   (4) Ratio of the inner to the stellar radius
   (5) Angular size (in arcsec) when Fbol=1E-6 W/m2
   (6) Dust temperature at the outer edge (in K)
   (7) Maximum error in flux conservation (%)
   (8) Mass-loss rate (in Msun/yr)
   (9) Terminal outflow velocity (in km/s)
   (10) Upper limit of the stellar mass (in Msun)
 =================================================
  Everything is OK for all models
  Spectra are in files *.s##
 ========== THE END ==============================
