 ===========================
  Output from program Dusty 
  Version: 2.0
 ===========================
  
  INPUT parameters from file:
  year4_3400_1400.inp                                                   
  
* ----------------------------------------------------------------------
* NOTES:
* This is a simple version of an input file producing a minimal output.
* ----------------------------------------------------------------------
  Central source spectrum described by a black body                       
  with temperature: 3400 K
  --------------------------------------------
  Abundances for supported grains:
  Sil-Ow Sil-Oc Sil-DL grf-DL amC-Hn SiC-Pg
  1.000  0.000  0.000  0.000  0.000  0.000
  MRN size distribution:
       Power q:  3.5
  Minimal size: 5.00E-03 microns
  Maximal size: 2.50E-01 microns
  --------------------------------------------
  Dust temperature on the inner boundary: 1400 K
  --------------------------------------------
  Density for radiatively driven winds from
  full dynamic calculation.
  Relative thickness: 1.000E+04
  --------------------------------------------
  Optical depths at 1.0E+01 microns
  ranging from 1.00E-01 to 5.00E+01
  100 models with logarithmic grid           
  Required accuracy: 5%
  --------------------------------------------
  
  ====================================================  
  For compliance with the point-source assumption, the
  following results should only be applied to sources 
  whose effective temperature exceeds 2947 K.
  ====================================================
          
  RESULTS:
  --------
 ###   tau0   F1(W/m2)  r1(cm)    r1/rc   theta1  Td(Y) err   Mdot      Ve       M> 
 ###     1        2        3        4        5      6    7      8        9       10 
 ======================================================================================
   1 1.00E-01 2.07E+05 1.21E+14 6.05E+00 9.06E-01   30   0  1.69E-06 2.79E+01 2.65E+00
   2 1.06E-01 2.05E+05 1.22E+14 6.09E+00 9.12E-01   30   0  1.78E-06 2.80E+01 2.70E+00
   3 1.13E-01 2.01E+05 1.23E+14 6.14E+00 9.20E-01   30   0  1.89E-06 2.82E+01 2.75E+00
   4 1.21E-01 1.98E+05 1.24E+14 6.18E+00 9.26E-01   29   0  1.99E-06 2.82E+01 2.80E+00
   5 1.29E-01 1.96E+05 1.25E+14 6.22E+00 9.33E-01   29   0  2.09E-06 2.81E+01 2.84E+00
   6 1.37E-01 1.93E+05 1.26E+14 6.27E+00 9.39E-01   29   0  2.19E-06 2.81E+01 2.88E+00
   7 1.46E-01 1.90E+05 1.27E+14 6.31E+00 9.46E-01   29   0  2.30E-06 2.80E+01 2.91E+00
   8 1.55E-01 1.87E+05 1.28E+14 6.36E+00 9.53E-01   29   0  2.41E-06 2.79E+01 2.95E+00
   9 1.65E-01 1.85E+05 1.29E+14 6.41E+00 9.60E-01   29   0  2.53E-06 2.78E+01 2.98E+00
  10 1.76E-01 1.82E+05 1.30E+14 6.46E+00 9.68E-01   29   0  2.65E-06 2.77E+01 3.01E+00
  11 1.87E-01 1.79E+05 1.31E+14 6.51E+00 9.75E-01   28   0  2.78E-06 2.75E+01 3.03E+00
  12 1.99E-01 1.76E+05 1.32E+14 6.56E+00 9.83E-01   28   0  2.92E-06 2.73E+01 3.06E+00
  13 2.12E-01 1.73E+05 1.33E+14 6.61E+00 9.91E-01   28   0  3.05E-06 2.71E+01 3.08E+00
  14 2.26E-01 1.71E+05 1.34E+14 6.67E+00 9.99E-01   28   0  3.20E-06 2.68E+01 3.09E+00
  15 2.41E-01 1.68E+05 1.35E+14 6.72E+00 1.01E+00   28   0  3.35E-06 2.66E+01 3.11E+00
  16 2.56E-01 1.65E+05 1.36E+14 6.77E+00 1.01E+00   28   0  3.50E-06 2.63E+01 3.12E+00
  17 2.73E-01 1.63E+05 1.37E+14 6.83E+00 1.02E+00   27   0  3.66E-06 2.59E+01 3.12E+00
  18 2.91E-01 1.60E+05 1.38E+14 6.88E+00 1.03E+00   27   0  3.83E-06 2.56E+01 3.12E+00
  19 3.10E-01 1.58E+05 1.39E+14 6.94E+00 1.04E+00   27   0  4.00E-06 2.52E+01 3.12E+00
  20 3.30E-01 1.55E+05 1.40E+14 6.99E+00 1.05E+00   27   0  4.18E-06 2.48E+01 3.12E+00
  21 3.51E-01 1.53E+05 1.42E+14 7.05E+00 1.06E+00   27   0  4.36E-06 2.44E+01 3.11E+00
  22 3.74E-01 1.50E+05 1.43E+14 7.11E+00 1.06E+00   27   0  4.55E-06 2.39E+01 3.09E+00
  23 3.98E-01 1.48E+05 1.44E+14 7.16E+00 1.07E+00   26   0  4.74E-06 2.35E+01 3.08E+00
  24 4.24E-01 1.46E+05 1.45E+14 7.22E+00 1.08E+00   26   0  4.94E-06 2.30E+01 3.05E+00
  25 4.51E-01 1.43E+05 1.46E+14 7.27E+00 1.09E+00   26   0  5.14E-06 2.25E+01 3.03E+00
  26 4.80E-01 1.41E+05 1.47E+14 7.33E+00 1.10E+00   26   0  5.35E-06 2.20E+01 3.00E+00
  27 5.11E-01 1.39E+05 1.48E+14 7.38E+00 1.11E+00   26   0  5.57E-06 2.14E+01 2.97E+00
  28 5.45E-01 1.37E+05 1.49E+14 7.44E+00 1.11E+00   26   0  5.79E-06 2.09E+01 2.94E+00
  29 5.80E-01 1.35E+05 1.50E+14 7.49E+00 1.12E+00   25   0  6.03E-06 2.04E+01 2.91E+00
  30 6.17E-01 1.33E+05 1.52E+14 7.55E+00 1.13E+00   25   0  6.31E-06 2.01E+01 2.89E+00
  31 6.57E-01 1.31E+05 1.53E+14 7.60E+00 1.14E+00   25   0  6.59E-06 1.98E+01 2.86E+00
  32 7.00E-01 1.29E+05 1.54E+14 7.66E+00 1.15E+00   25   0  6.88E-06 1.95E+01 2.83E+00
  33 7.45E-01 1.27E+05 1.55E+14 7.71E+00 1.16E+00   25   0  7.19E-06 1.91E+01 2.80E+00
  34 7.94E-01 1.26E+05 1.56E+14 7.77E+00 1.16E+00   25   0  7.50E-06 1.88E+01 2.77E+00
  35 8.45E-01 1.24E+05 1.57E+14 7.82E+00 1.17E+00   24   0  7.83E-06 1.84E+01 2.73E+00
  36 9.00E-01 1.22E+05 1.58E+14 7.88E+00 1.18E+00   24   0  8.18E-06 1.81E+01 2.69E+00
  37 9.58E-01 1.21E+05 1.59E+14 7.93E+00 1.19E+00   24   0  8.53E-06 1.78E+01 2.65E+00
  38 1.02E+00 1.19E+05 1.60E+14 7.98E+00 1.20E+00   24   0  8.90E-06 1.74E+01 2.61E+00
  39 1.09E+00 1.17E+05 1.61E+14 8.04E+00 1.20E+00   24   0  9.29E-06 1.71E+01 2.57E+00
  40 1.16E+00 1.16E+05 1.62E+14 8.09E+00 1.21E+00   24   0  9.69E-06 1.68E+01 2.53E+00
  41 1.23E+00 1.14E+05 1.64E+14 8.14E+00 1.22E+00   24   0  1.01E-05 1.64E+01 2.49E+00
  42 1.31E+00 1.13E+05 1.64E+14 8.19E+00 1.23E+00   23   0  1.04E-05 1.62E+01 2.45E+00
  43 1.40E+00 1.12E+05 1.66E+14 8.24E+00 1.24E+00   23   0  1.09E-05 1.59E+01 2.40E+00
  44 1.49E+00 1.10E+05 1.67E+14 8.30E+00 1.24E+00   23   0  1.14E-05 1.56E+01 2.36E+00
  45 1.58E+00 1.09E+05 1.68E+14 8.35E+00 1.25E+00   23   0  1.19E-05 1.52E+01 2.31E+00
  46 1.69E+00 1.07E+05 1.69E+14 8.42E+00 1.26E+00   23   0  1.24E-05 1.51E+01 2.25E+00
  47 1.80E+00 1.06E+05 1.70E+14 8.47E+00 1.27E+00   23   0  1.30E-05 1.48E+01 2.20E+00
  48 1.91E+00 1.04E+05 1.71E+14 8.53E+00 1.28E+00   23   0  1.35E-05 1.45E+01 2.16E+00
  49 2.04E+00 1.03E+05 1.72E+14 8.58E+00 1.29E+00   22   0  1.41E-05 1.42E+01 2.11E+00
  50 2.17E+00 1.02E+05 1.73E+14 8.63E+00 1.29E+00   22   0  1.48E-05 1.39E+01 2.07E+00
  51 2.31E+00 1.00E+05 1.74E+14 8.69E+00 1.30E+00   22   0  1.54E-05 1.37E+01 2.02E+00
  52 2.46E+00 9.92E+04 1.76E+14 8.74E+00 1.31E+00   22   0  1.61E-05 1.34E+01 1.98E+00
  53 2.62E+00 9.79E+04 1.77E+14 8.80E+00 1.32E+00   22   0  1.68E-05 1.32E+01 1.94E+00
  54 2.79E+00 9.71E+04 1.77E+14 8.84E+00 1.32E+00   22   0  1.73E-05 1.30E+01 1.90E+00
  55 2.97E+00 9.59E+04 1.79E+14 8.89E+00 1.33E+00   22   0  1.81E-05 1.27E+01 1.86E+00
  56 3.16E+00 9.47E+04 1.80E+14 8.95E+00 1.34E+00   22   0  1.89E-05 1.25E+01 1.82E+00
  57 3.36E+00 9.35E+04 1.81E+14 9.01E+00 1.35E+00   22   0  1.97E-05 1.23E+01 1.78E+00
  58 3.58E+00 9.23E+04 1.82E+14 9.07E+00 1.36E+00   21   0  2.06E-05 1.21E+01 1.74E+00
  59 3.81E+00 9.08E+04 1.83E+14 9.14E+00 1.37E+00   21   0  2.17E-05 1.20E+01 1.68E+00
  60 4.06E+00 8.96E+04 1.85E+14 9.20E+00 1.38E+00   21   0  2.26E-05 1.18E+01 1.64E+00
  61 4.32E+00 8.87E+04 1.86E+14 9.25E+00 1.39E+00   21   0  2.35E-05 1.20E+01 1.58E+00
  62 4.60E+00 8.75E+04 1.87E+14 9.31E+00 1.39E+00   21   0  2.46E-05 1.18E+01 1.55E+00
  63 4.90E+00 8.64E+04 1.88E+14 9.37E+00 1.40E+00   21   0  2.57E-05 1.16E+01 1.51E+00
  64 5.22E+00 8.52E+04 1.89E+14 9.43E+00 1.41E+00   21   0  2.69E-05 1.14E+01 1.48E+00
  65 5.56E+00 8.41E+04 1.91E+14 9.50E+00 1.42E+00   21   0  2.81E-05 1.13E+01 1.45E+00
  66 5.92E+00 8.29E+04 1.92E+14 9.56E+00 1.43E+00   21   0  2.94E-05 1.11E+01 1.41E+00
  67 6.30E+00 8.18E+04 1.93E+14 9.63E+00 1.44E+00   21   0  3.08E-05 1.10E+01 1.38E+00
  68 6.71E+00 8.06E+04 1.95E+14 9.70E+00 1.45E+00   20   0  3.22E-05 1.08E+01 1.35E+00
  69 7.14E+00 7.95E+04 1.96E+14 9.77E+00 1.46E+00   20   0  3.37E-05 1.07E+01 1.33E+00
  70 7.61E+00 7.87E+04 1.97E+14 9.82E+00 1.47E+00   20   0  3.49E-05 1.06E+01 1.30E+00
  71 8.10E+00 7.75E+04 1.99E+14 9.89E+00 1.48E+00   20   0  3.65E-05 1.05E+01 1.27E+00
  72 8.62E+00 7.63E+04 2.00E+14 9.97E+00 1.49E+00   20   0  3.83E-05 1.03E+01 1.25E+00
  73 9.18E+00 7.51E+04 2.02E+14 1.00E+01 1.51E+00   20   0  4.02E-05 1.02E+01 1.22E+00
  74 9.78E+00 7.39E+04 2.03E+14 1.01E+01 1.52E+00   20   0  4.21E-05 1.01E+01 1.20E+00
  75 1.04E+01 7.27E+04 2.05E+14 1.02E+01 1.53E+00   20   0  4.42E-05 9.96E+00 1.18E+00
  76 1.11E+01 7.15E+04 2.07E+14 1.03E+01 1.54E+00   20   0  4.64E-05 9.84E+00 1.15E+00
  77 1.18E+01 7.03E+04 2.09E+14 1.04E+01 1.56E+00   20   0  4.88E-05 9.73E+00 1.13E+00
  78 1.26E+01 6.90E+04 2.10E+14 1.05E+01 1.57E+00   20   0  5.13E-05 9.63E+00 1.11E+00
  79 1.34E+01 6.78E+04 2.12E+14 1.06E+01 1.58E+00   19   0  5.39E-05 9.53E+00 1.09E+00
  80 1.42E+01 6.65E+04 2.14E+14 1.07E+01 1.60E+00   19   0  5.67E-05 9.43E+00 1.08E+00
  81 1.52E+01 6.52E+04 2.17E+14 1.08E+01 1.62E+00   19   0  5.97E-05 9.34E+00 1.06E+00
  82 1.62E+01 6.39E+04 2.19E+14 1.09E+01 1.63E+00   19   0  6.29E-05 9.25E+00 1.04E+00
  83 1.72E+01 6.26E+04 2.21E+14 1.10E+01 1.65E+00   19   0  6.62E-05 9.16E+00 1.03E+00
  84 1.83E+01 6.12E+04 2.23E+14 1.11E+01 1.67E+00   19   0  6.98E-05 9.07E+00 1.01E+00
  85 1.95E+01 5.95E+04 2.27E+14 1.13E+01 1.69E+00   19   0  7.36E-05 9.00E+00 9.94E-01
  86 2.08E+01 5.82E+04 2.29E+14 1.14E+01 1.71E+00   19   0  7.76E-05 8.92E+00 9.82E-01
  87 2.21E+01 5.70E+04 2.32E+14 1.15E+01 1.73E+00   19   1  8.14E-05 8.97E+00 9.64E-01
  88 2.35E+01 5.56E+04 2.35E+14 1.17E+01 1.75E+00   19   1  8.61E-05 8.89E+00 9.53E-01
  89 2.51E+01 5.42E+04 2.38E+14 1.18E+01 1.77E+00   18   1  9.10E-05 8.81E+00 9.42E-01
  90 2.67E+01 5.28E+04 2.41E+14 1.20E+01 1.80E+00   18   1  9.63E-05 8.73E+00 9.33E-01
  91 2.84E+01 5.13E+04 2.44E+14 1.22E+01 1.82E+00   18   1  1.02E-04 8.66E+00 9.24E-01
  92 3.03E+01 4.99E+04 2.48E+14 1.23E+01 1.85E+00   18   1  1.08E-04 8.58E+00 9.16E-01
  93 3.22E+01 4.84E+04 2.51E+14 1.25E+01 1.87E+00   18   1  1.15E-04 8.50E+00 9.09E-01
  94 3.43E+01 4.70E+04 2.55E+14 1.27E+01 1.90E+00   18   1  1.22E-04 8.42E+00 9.02E-01
  95 3.65E+01 4.55E+04 2.59E+14 1.29E+01 1.93E+00   18   1  1.29E-04 8.34E+00 8.95E-01
  96 3.89E+01 4.41E+04 2.63E+14 1.31E+01 1.97E+00   18   1  1.38E-04 8.26E+00 8.89E-01
  97 4.14E+01 4.26E+04 2.68E+14 1.33E+01 2.00E+00   18   1  1.46E-04 8.19E+00 8.84E-01
  98 4.41E+01 4.11E+04 2.73E+14 1.36E+01 2.03E+00   17   1  1.56E-04 8.11E+00 8.79E-01
  99 4.70E+01 3.97E+04 2.78E+14 1.38E+01 2.07E+00   17   1  1.66E-04 8.02E+00 8.75E-01
 100 5.00E+01 3.82E+04 2.83E+14 1.41E+01 2.11E+00   17   2  1.77E-04 7.94E+00 8.71E-01
 ======================================================================================
   (1) Optical depth at 1.0E+01 microns
   (2) Bolometric flux at the inner radius 
   (3) Inner radius for L=1E4 Lsun
   (4) Ratio of the inner to the stellar radius
   (5) Angular size (in arcsec) when Fbol=1E-6 W/m2
   (6) Dust temperature at the outer edge (in K)
   (7) Maximum error in flux conservation (%)
   (8) Mass-loss rate (in Msun/yr)
   (9) Terminal outflow velocity (in km/s)
   (10) Upper limit of the stellar mass (in Msun)
 =================================================
  Everything is OK for all models
  Spectra are in files *.s##
 ========== THE END ==============================
