 ===========================
  Output from program Dusty 
  Version: 2.0
 ===========================
  
  INPUT parameters from file:
  year4_3600_800.inp                                                    
  
* ----------------------------------------------------------------------
* NOTES:
* This is a simple version of an input file producing a minimal output.
* ----------------------------------------------------------------------
  Central source spectrum described by a black body                       
  with temperature: 3600 K
  --------------------------------------------
  Abundances for supported grains:
  Sil-Ow Sil-Oc Sil-DL grf-DL amC-Hn SiC-Pg
  1.000  0.000  0.000  0.000  0.000  0.000
  MRN size distribution:
       Power q:  3.5
  Minimal size: 5.00E-03 microns
  Maximal size: 2.50E-01 microns
  --------------------------------------------
  Dust temperature on the inner boundary: 800  K
  --------------------------------------------
  Density for radiatively driven winds from
  full dynamic calculation.
  Relative thickness: 1.000E+04
  --------------------------------------------
  Optical depths at 1.0E+01 microns
  ranging from 1.00E-01 to 5.00E+01
  100 models with logarithmic grid           
  Required accuracy: 5%
  --------------------------------------------
  
  ====================================================  
  For compliance with the point-source assumption, the
  following results should only be applied to sources 
  whose effective temperature exceeds 1600 K.
  ====================================================
          
  RESULTS:
  --------
 ###   tau0   F1(W/m2)  r1(cm)    r1/rc   theta1  Td(Y) err   Mdot      Ve       M> 
 ###     1        2        3        4        5      6    7      8        9       10 
 ======================================================================================
   1 1.00E-01 1.42E+04 4.64E+14 2.59E+01 3.46E+00   19   0  3.47E-06 1.49E+01 2.92E+00
   2 1.06E-01 1.40E+04 4.67E+14 2.61E+01 3.49E+00   19   0  3.64E-06 1.49E+01 2.97E+00
   3 1.13E-01 1.38E+04 4.71E+14 2.63E+01 3.52E+00   19   0  3.87E-06 1.50E+01 3.02E+00
   4 1.21E-01 1.36E+04 4.75E+14 2.65E+01 3.54E+00   19   0  4.06E-06 1.50E+01 3.06E+00
   5 1.29E-01 1.34E+04 4.78E+14 2.67E+01 3.57E+00   19   0  4.26E-06 1.49E+01 3.10E+00
   6 1.37E-01 1.32E+04 4.82E+14 2.69E+01 3.59E+00   19   0  4.47E-06 1.49E+01 3.14E+00
   7 1.46E-01 1.30E+04 4.85E+14 2.71E+01 3.62E+00   19   0  4.69E-06 1.48E+01 3.18E+00
   8 1.55E-01 1.28E+04 4.89E+14 2.73E+01 3.65E+00   19   0  4.92E-06 1.48E+01 3.21E+00
   9 1.65E-01 1.26E+04 4.92E+14 2.75E+01 3.67E+00   19   0  5.16E-06 1.47E+01 3.24E+00
  10 1.76E-01 1.24E+04 4.96E+14 2.77E+01 3.70E+00   18   0  5.40E-06 1.46E+01 3.26E+00
  11 1.87E-01 1.22E+04 5.00E+14 2.79E+01 3.73E+00   18   0  5.66E-06 1.45E+01 3.29E+00
  12 1.99E-01 1.20E+04 5.04E+14 2.81E+01 3.76E+00   18   0  5.92E-06 1.44E+01 3.30E+00
  13 2.12E-01 1.19E+04 5.08E+14 2.84E+01 3.79E+00   18   0  6.20E-06 1.42E+01 3.32E+00
  14 2.26E-01 1.17E+04 5.12E+14 2.86E+01 3.82E+00   18   0  6.48E-06 1.41E+01 3.33E+00
  15 2.41E-01 1.15E+04 5.16E+14 2.88E+01 3.85E+00   18   0  6.78E-06 1.39E+01 3.34E+00
  16 2.56E-01 1.13E+04 5.20E+14 2.90E+01 3.88E+00   18   0  7.08E-06 1.37E+01 3.34E+00
  17 2.73E-01 1.11E+04 5.24E+14 2.92E+01 3.91E+00   18   0  7.39E-06 1.35E+01 3.33E+00
  18 2.91E-01 1.10E+04 5.28E+14 2.95E+01 3.94E+00   18   0  7.72E-06 1.33E+01 3.33E+00
  19 3.10E-01 1.08E+04 5.32E+14 2.97E+01 3.97E+00   17   0  8.05E-06 1.31E+01 3.32E+00
  20 3.30E-01 1.06E+04 5.36E+14 2.99E+01 4.00E+00   17   0  8.39E-06 1.28E+01 3.30E+00
  21 3.51E-01 1.05E+04 5.40E+14 3.01E+01 4.03E+00   17   0  8.74E-06 1.26E+01 3.28E+00
  22 3.74E-01 1.03E+04 5.44E+14 3.04E+01 4.06E+00   17   0  9.10E-06 1.23E+01 3.26E+00
  23 3.98E-01 1.02E+04 5.48E+14 3.06E+01 4.09E+00   17   0  9.47E-06 1.20E+01 3.23E+00
  24 4.24E-01 1.00E+04 5.52E+14 3.08E+01 4.12E+00   17   0  9.84E-06 1.17E+01 3.20E+00
  25 4.51E-01 9.89E+03 5.56E+14 3.10E+01 4.15E+00   17   0  1.02E-05 1.14E+01 3.17E+00
  26 4.80E-01 9.76E+03 5.60E+14 3.13E+01 4.18E+00   17   0  1.06E-05 1.11E+01 3.13E+00
  27 5.11E-01 9.62E+03 5.64E+14 3.15E+01 4.21E+00   16   0  1.10E-05 1.09E+01 3.09E+00
  28 5.45E-01 9.49E+03 5.68E+14 3.17E+01 4.24E+00   16   0  1.15E-05 1.07E+01 3.06E+00
  29 5.80E-01 9.36E+03 5.71E+14 3.19E+01 4.26E+00   16   0  1.20E-05 1.05E+01 3.03E+00
  30 6.17E-01 9.24E+03 5.75E+14 3.21E+01 4.29E+00   16   0  1.25E-05 1.03E+01 3.00E+00
  31 6.57E-01 9.12E+03 5.79E+14 3.23E+01 4.32E+00   16   0  1.31E-05 1.01E+01 2.96E+00
  32 7.00E-01 9.00E+03 5.83E+14 3.25E+01 4.35E+00   16   0  1.36E-05 9.95E+00 2.92E+00
  33 7.45E-01 8.89E+03 5.87E+14 3.27E+01 4.38E+00   16   0  1.42E-05 9.76E+00 2.88E+00
  34 7.94E-01 8.78E+03 5.90E+14 3.29E+01 4.40E+00   16   0  1.48E-05 9.58E+00 2.84E+00
  35 8.45E-01 8.67E+03 5.94E+14 3.32E+01 4.43E+00   16   0  1.54E-05 9.39E+00 2.79E+00
  36 9.00E-01 8.57E+03 5.97E+14 3.34E+01 4.46E+00   16   0  1.61E-05 9.20E+00 2.75E+00
  37 9.58E-01 8.47E+03 6.01E+14 3.36E+01 4.48E+00   15   0  1.68E-05 9.02E+00 2.70E+00
  38 1.02E+00 8.34E+03 6.05E+14 3.38E+01 4.52E+00   15   0  1.74E-05 8.87E+00 2.64E+00
  39 1.09E+00 8.25E+03 6.09E+14 3.40E+01 4.54E+00   15   0  1.82E-05 8.69E+00 2.59E+00
  40 1.16E+00 8.15E+03 6.13E+14 3.42E+01 4.57E+00   15   0  1.89E-05 8.49E+00 2.54E+00
  41 1.23E+00 8.06E+03 6.16E+14 3.44E+01 4.60E+00   15   0  1.97E-05 8.31E+00 2.49E+00
  42 1.31E+00 8.00E+03 6.18E+14 3.45E+01 4.61E+00   15   0  2.03E-05 8.18E+00 2.45E+00
  43 1.40E+00 7.91E+03 6.22E+14 3.47E+01 4.64E+00   15   0  2.11E-05 8.01E+00 2.40E+00
  44 1.49E+00 7.82E+03 6.25E+14 3.49E+01 4.67E+00   15   0  2.20E-05 7.84E+00 2.35E+00
  45 1.58E+00 7.73E+03 6.29E+14 3.51E+01 4.69E+00   15   0  2.29E-05 7.67E+00 2.30E+00
  46 1.69E+00 7.63E+03 6.33E+14 3.53E+01 4.72E+00   15   0  2.40E-05 7.59E+00 2.22E+00
  47 1.80E+00 7.55E+03 6.36E+14 3.55E+01 4.75E+00   15   0  2.50E-05 7.44E+00 2.17E+00
  48 1.91E+00 7.47E+03 6.40E+14 3.57E+01 4.77E+00   15   0  2.60E-05 7.29E+00 2.12E+00
  49 2.04E+00 7.39E+03 6.43E+14 3.59E+01 4.80E+00   14   0  2.71E-05 7.15E+00 2.07E+00
  50 2.17E+00 7.32E+03 6.47E+14 3.61E+01 4.82E+00   14   0  2.82E-05 7.01E+00 2.02E+00
  51 2.31E+00 7.24E+03 6.50E+14 3.63E+01 4.85E+00   14   0  2.94E-05 6.87E+00 1.97E+00
  52 2.46E+00 7.16E+03 6.53E+14 3.65E+01 4.87E+00   14   0  3.07E-05 6.74E+00 1.93E+00
  53 2.62E+00 7.09E+03 6.57E+14 3.67E+01 4.90E+00   14   0  3.19E-05 6.61E+00 1.88E+00
  54 2.79E+00 7.04E+03 6.59E+14 3.68E+01 4.92E+00   14   1  3.29E-05 6.53E+00 1.84E+00
  55 2.97E+00 6.97E+03 6.63E+14 3.70E+01 4.94E+00   14   1  3.43E-05 6.41E+00 1.80E+00
  56 3.16E+00 6.90E+03 6.66E+14 3.72E+01 4.97E+00   14   1  3.58E-05 6.30E+00 1.75E+00
  57 3.36E+00 6.82E+03 6.69E+14 3.74E+01 4.99E+00   14   1  3.73E-05 6.19E+00 1.71E+00
  58 3.58E+00 6.75E+03 6.73E+14 3.76E+01 5.02E+00   14   1  3.89E-05 6.09E+00 1.67E+00
  59 3.81E+00 6.67E+03 6.77E+14 3.78E+01 5.05E+00   14   1  4.08E-05 6.07E+00 1.61E+00
  60 4.06E+00 6.60E+03 6.81E+14 3.80E+01 5.08E+00   14   1  4.25E-05 5.98E+00 1.57E+00
  61 4.32E+00 6.55E+03 6.83E+14 3.82E+01 5.10E+00   14   0  4.41E-05 6.07E+00 1.51E+00
  62 4.60E+00 6.48E+03 6.87E+14 3.84E+01 5.13E+00   13   0  4.60E-05 5.98E+00 1.47E+00
  63 4.90E+00 6.41E+03 6.91E+14 3.86E+01 5.15E+00   13   0  4.80E-05 5.90E+00 1.44E+00
  64 5.22E+00 6.35E+03 6.94E+14 3.88E+01 5.18E+00   13   0  5.01E-05 5.82E+00 1.40E+00
  65 5.56E+00 6.28E+03 6.98E+14 3.90E+01 5.21E+00   13   0  5.23E-05 5.74E+00 1.37E+00
  66 5.92E+00 6.21E+03 7.02E+14 3.92E+01 5.23E+00   13   0  5.46E-05 5.67E+00 1.34E+00
  67 6.30E+00 6.15E+03 7.05E+14 3.94E+01 5.26E+00   13   0  5.70E-05 5.60E+00 1.31E+00
  68 6.71E+00 6.08E+03 7.09E+14 3.96E+01 5.29E+00   13   0  5.95E-05 5.53E+00 1.28E+00
  69 7.14E+00 6.02E+03 7.13E+14 3.98E+01 5.32E+00   13   0  6.21E-05 5.47E+00 1.25E+00
  70 7.61E+00 5.97E+03 7.16E+14 4.00E+01 5.34E+00   13   0  6.42E-05 5.43E+00 1.22E+00
  71 8.10E+00 5.90E+03 7.20E+14 4.02E+01 5.37E+00   13   0  6.70E-05 5.37E+00 1.20E+00
  72 8.62E+00 5.84E+03 7.24E+14 4.04E+01 5.40E+00   13   0  7.01E-05 5.32E+00 1.17E+00
  73 9.18E+00 5.77E+03 7.28E+14 4.06E+01 5.43E+00   13   0  7.33E-05 5.27E+00 1.14E+00
  74 9.78E+00 5.70E+03 7.32E+14 4.09E+01 5.46E+00   13   0  7.67E-05 5.22E+00 1.12E+00
  75 1.04E+01 5.64E+03 7.37E+14 4.11E+01 5.50E+00   13   0  8.02E-05 5.17E+00 1.10E+00
  76 1.11E+01 5.57E+03 7.41E+14 4.14E+01 5.53E+00   13   0  8.40E-05 5.12E+00 1.08E+00
  77 1.18E+01 5.50E+03 7.46E+14 4.16E+01 5.56E+00   13   0  8.79E-05 5.08E+00 1.05E+00
  78 1.26E+01 5.43E+03 7.50E+14 4.19E+01 5.60E+00   13   0  9.21E-05 5.04E+00 1.03E+00
  79 1.34E+01 5.36E+03 7.55E+14 4.22E+01 5.63E+00   13   0  9.65E-05 5.00E+00 1.01E+00
  80 1.42E+01 5.29E+03 7.60E+14 4.24E+01 5.67E+00   12   0  1.01E-04 4.97E+00 9.95E-01
  81 1.52E+01 5.22E+03 7.65E+14 4.27E+01 5.71E+00   12   0  1.06E-04 4.93E+00 9.77E-01
  82 1.62E+01 5.15E+03 7.70E+14 4.30E+01 5.75E+00   12   0  1.11E-04 4.90E+00 9.59E-01
  83 1.72E+01 5.08E+03 7.76E+14 4.33E+01 5.79E+00   12   1  1.17E-04 4.87E+00 9.43E-01
  84 1.83E+01 5.01E+03 7.82E+14 4.36E+01 5.83E+00   12   1  1.22E-04 4.84E+00 9.27E-01
  85 1.95E+01 4.93E+03 7.87E+14 4.40E+01 5.87E+00   12   1  1.29E-04 4.81E+00 9.12E-01
  86 2.08E+01 4.86E+03 7.93E+14 4.43E+01 5.92E+00   12   1  1.35E-04 4.79E+00 8.98E-01
  87 2.21E+01 4.81E+03 7.98E+14 4.45E+01 5.95E+00   12   1  1.41E-04 4.79E+00 8.79E-01
  88 2.35E+01 4.73E+03 8.04E+14 4.49E+01 6.00E+00   12   1  1.48E-04 4.77E+00 8.66E-01
  89 2.51E+01 4.65E+03 8.11E+14 4.53E+01 6.05E+00   12   1  1.56E-04 4.74E+00 8.54E-01
  90 2.67E+01 4.57E+03 8.18E+14 4.57E+01 6.10E+00   12   1  1.64E-04 4.71E+00 8.42E-01
  91 2.84E+01 4.49E+03 8.25E+14 4.61E+01 6.16E+00   12   1  1.73E-04 4.69E+00 8.31E-01
  92 3.03E+01 4.41E+03 8.33E+14 4.65E+01 6.21E+00   12   1  1.82E-04 4.66E+00 8.21E-01
  93 3.22E+01 4.33E+03 8.41E+14 4.69E+01 6.27E+00   12   1  1.92E-04 4.64E+00 8.11E-01
  94 3.43E+01 4.24E+03 8.49E+14 4.74E+01 6.34E+00   12   1  2.03E-04 4.61E+00 8.02E-01
  95 3.65E+01 4.15E+03 8.58E+14 4.79E+01 6.40E+00   12   2  2.14E-04 4.59E+00 7.93E-01
  96 3.89E+01 4.06E+03 8.67E+14 4.84E+01 6.47E+00   11   2  2.26E-04 4.56E+00 7.84E-01
  97 4.14E+01 3.97E+03 8.77E+14 4.90E+01 6.54E+00   11   2  2.39E-04 4.53E+00 7.77E-01
  98 4.41E+01 3.88E+03 8.87E+14 4.95E+01 6.62E+00   11   2  2.53E-04 4.50E+00 7.69E-01
  99 4.70E+01 3.77E+03 9.01E+14 5.03E+01 6.72E+00   11   2  2.67E-04 4.48E+00 7.59E-01
 100 5.00E+01 3.67E+03 9.13E+14 5.10E+01 6.81E+00   11   2  2.83E-04 4.45E+00 7.53E-01
 ======================================================================================
   (1) Optical depth at 1.0E+01 microns
   (2) Bolometric flux at the inner radius 
   (3) Inner radius for L=1E4 Lsun
   (4) Ratio of the inner to the stellar radius
   (5) Angular size (in arcsec) when Fbol=1E-6 W/m2
   (6) Dust temperature at the outer edge (in K)
   (7) Maximum error in flux conservation (%)
   (8) Mass-loss rate (in Msun/yr)
   (9) Terminal outflow velocity (in km/s)
   (10) Upper limit of the stellar mass (in Msun)
 =================================================
  Everything is OK for all models
  Spectra are in files *.s##
 ========== THE END ==============================
