 ===========================
  Output from program Dusty 
  Version: 2.0
 ===========================
  
  INPUT parameters from file:
  year4_2700_1000.inp                                                   
  
* ----------------------------------------------------------------------
* NOTES:
* This is a simple version of an input file producing a minimal output.
* ----------------------------------------------------------------------
  Central source spectrum described by a black body                       
  with temperature: 2700 K
  --------------------------------------------
  Abundances for supported grains:
  Sil-Ow Sil-Oc Sil-DL grf-DL amC-Hn SiC-Pg
  1.000  0.000  0.000  0.000  0.000  0.000
  MRN size distribution:
       Power q:  3.5
  Minimal size: 5.00E-03 microns
  Maximal size: 2.50E-01 microns
  --------------------------------------------
  Dust temperature on the inner boundary: 1000 K
  --------------------------------------------
  Density for radiatively driven winds from
  full dynamic calculation.
  Relative thickness: 1.000E+04
  --------------------------------------------
  Optical depths at 1.0E+01 microns
  ranging from 1.00E-01 to 5.00E+01
  100 models with logarithmic grid           
  Required accuracy: 5%
  --------------------------------------------
  
  ====================================================  
  For compliance with the point-source assumption, the
  following results should only be applied to sources 
  whose effective temperature exceeds 2144 K.
  ====================================================
          
  RESULTS:
  --------
 ###   tau0   F1(W/m2)  r1(cm)    r1/rc   theta1  Td(Y) err   Mdot      Ve       M> 
 ###     1        2        3        4        5      6    7      8        9       10 
 ======================================================================================
   1 1.00E-01 6.28E+04 2.21E+14 6.93E+00 1.65E+00   23   0  1.83E-06 1.68E+01 1.70E+00
   2 1.06E-01 6.22E+04 2.22E+14 6.97E+00 1.65E+00   23   0  1.92E-06 1.69E+01 1.74E+00
   3 1.13E-01 6.13E+04 2.23E+14 7.01E+00 1.67E+00   23   0  2.05E-06 1.71E+01 1.78E+00
   4 1.21E-01 6.07E+04 2.24E+14 7.05E+00 1.67E+00   23   0  2.15E-06 1.71E+01 1.81E+00
   5 1.29E-01 6.00E+04 2.26E+14 7.09E+00 1.68E+00   23   0  2.26E-06 1.72E+01 1.84E+00
   6 1.37E-01 5.94E+04 2.27E+14 7.13E+00 1.69E+00   23   0  2.37E-06 1.72E+01 1.87E+00
   7 1.46E-01 5.87E+04 2.28E+14 7.17E+00 1.70E+00   23   0  2.49E-06 1.72E+01 1.90E+00
   8 1.55E-01 5.80E+04 2.30E+14 7.21E+00 1.71E+00   23   0  2.62E-06 1.72E+01 1.93E+00
   9 1.65E-01 5.72E+04 2.31E+14 7.26E+00 1.72E+00   23   0  2.75E-06 1.72E+01 1.96E+00
  10 1.76E-01 5.65E+04 2.33E+14 7.30E+00 1.74E+00   23   0  2.89E-06 1.72E+01 1.99E+00
  11 1.87E-01 5.58E+04 2.34E+14 7.35E+00 1.75E+00   23   0  3.04E-06 1.72E+01 2.01E+00
  12 1.99E-01 5.50E+04 2.36E+14 7.40E+00 1.76E+00   22   0  3.19E-06 1.71E+01 2.04E+00
  13 2.12E-01 5.43E+04 2.37E+14 7.45E+00 1.77E+00   22   0  3.35E-06 1.71E+01 2.06E+00
  14 2.26E-01 5.35E+04 2.39E+14 7.51E+00 1.78E+00   22   0  3.51E-06 1.70E+01 2.08E+00
  15 2.41E-01 5.28E+04 2.41E+14 7.56E+00 1.80E+00   22   0  3.69E-06 1.69E+01 2.10E+00
  16 2.56E-01 5.20E+04 2.42E+14 7.61E+00 1.81E+00   22   0  3.87E-06 1.68E+01 2.12E+00
  17 2.73E-01 5.13E+04 2.44E+14 7.67E+00 1.82E+00   22   0  4.05E-06 1.67E+01 2.13E+00
  18 2.91E-01 5.05E+04 2.46E+14 7.73E+00 1.84E+00   22   0  4.25E-06 1.66E+01 2.15E+00
  19 3.10E-01 4.98E+04 2.48E+14 7.79E+00 1.85E+00   22   0  4.45E-06 1.64E+01 2.16E+00
  20 3.30E-01 4.90E+04 2.50E+14 7.84E+00 1.86E+00   22   0  4.66E-06 1.62E+01 2.17E+00
  21 3.51E-01 4.83E+04 2.52E+14 7.90E+00 1.88E+00   22   0  4.88E-06 1.61E+01 2.17E+00
  22 3.74E-01 4.75E+04 2.54E+14 7.96E+00 1.89E+00   21   0  5.11E-06 1.59E+01 2.18E+00
  23 3.98E-01 4.68E+04 2.56E+14 8.03E+00 1.91E+00   21   0  5.34E-06 1.57E+01 2.18E+00
  24 4.24E-01 4.61E+04 2.58E+14 8.09E+00 1.92E+00   21   0  5.58E-06 1.54E+01 2.17E+00
  25 4.51E-01 4.54E+04 2.60E+14 8.15E+00 1.94E+00   21   0  5.83E-06 1.52E+01 2.17E+00
  26 4.80E-01 4.47E+04 2.62E+14 8.21E+00 1.95E+00   21   0  6.09E-06 1.49E+01 2.16E+00
  27 5.11E-01 4.40E+04 2.64E+14 8.28E+00 1.97E+00   21   0  6.36E-06 1.47E+01 2.15E+00
  28 5.45E-01 4.34E+04 2.66E+14 8.34E+00 1.98E+00   21   0  6.64E-06 1.44E+01 2.14E+00
  29 5.80E-01 4.27E+04 2.68E+14 8.40E+00 2.00E+00   21   0  6.92E-06 1.41E+01 2.13E+00
  30 6.17E-01 4.21E+04 2.70E+14 8.47E+00 2.01E+00   20   0  7.21E-06 1.38E+01 2.11E+00
  31 6.57E-01 4.15E+04 2.72E+14 8.53E+00 2.03E+00   20   0  7.52E-06 1.35E+01 2.09E+00
  32 7.00E-01 4.08E+04 2.74E+14 8.59E+00 2.04E+00   20   0  7.83E-06 1.32E+01 2.07E+00
  33 7.45E-01 4.02E+04 2.76E+14 8.66E+00 2.06E+00   20   0  8.16E-06 1.29E+01 2.05E+00
  34 7.94E-01 3.97E+04 2.78E+14 8.72E+00 2.07E+00   20   0  8.54E-06 1.27E+01 2.04E+00
  35 8.45E-01 3.91E+04 2.80E+14 8.79E+00 2.09E+00   20   0  8.93E-06 1.25E+01 2.02E+00
  36 9.00E-01 3.85E+04 2.82E+14 8.85E+00 2.10E+00   20   0  9.35E-06 1.23E+01 2.01E+00
  37 9.58E-01 3.80E+04 2.84E+14 8.91E+00 2.12E+00   20   0  9.78E-06 1.21E+01 1.99E+00
  38 1.02E+00 3.74E+04 2.86E+14 8.98E+00 2.13E+00   20   0  1.02E-05 1.19E+01 1.97E+00
  39 1.09E+00 3.69E+04 2.88E+14 9.04E+00 2.15E+00   19   0  1.07E-05 1.17E+01 1.94E+00
  40 1.16E+00 3.64E+04 2.90E+14 9.11E+00 2.16E+00   19   0  1.12E-05 1.15E+01 1.92E+00
  41 1.23E+00 3.59E+04 2.92E+14 9.17E+00 2.18E+00   19   0  1.17E-05 1.13E+01 1.90E+00
  42 1.31E+00 3.55E+04 2.93E+14 9.21E+00 2.19E+00   19   0  1.21E-05 1.12E+01 1.88E+00
  43 1.40E+00 3.50E+04 2.95E+14 9.28E+00 2.20E+00   19   0  1.27E-05 1.10E+01 1.85E+00
  44 1.49E+00 3.45E+04 2.98E+14 9.34E+00 2.22E+00   19   0  1.32E-05 1.08E+01 1.83E+00
  45 1.58E+00 3.41E+04 3.00E+14 9.41E+00 2.24E+00   19   0  1.38E-05 1.06E+01 1.80E+00
  46 1.69E+00 3.35E+04 3.02E+14 9.49E+00 2.25E+00   19   0  1.46E-05 1.05E+01 1.76E+00
  47 1.80E+00 3.30E+04 3.04E+14 9.56E+00 2.27E+00   19   0  1.52E-05 1.03E+01 1.73E+00
  48 1.91E+00 3.26E+04 3.06E+14 9.62E+00 2.29E+00   18   0  1.59E-05 1.01E+01 1.70E+00
  49 2.04E+00 3.21E+04 3.08E+14 9.69E+00 2.30E+00   18   0  1.66E-05 9.90E+00 1.67E+00
  50 2.17E+00 3.17E+04 3.11E+14 9.75E+00 2.32E+00   18   0  1.74E-05 9.73E+00 1.64E+00
  51 2.31E+00 3.13E+04 3.13E+14 9.82E+00 2.33E+00   18   0  1.82E-05 9.56E+00 1.61E+00
  52 2.46E+00 3.09E+04 3.15E+14 9.89E+00 2.35E+00   18   0  1.90E-05 9.39E+00 1.58E+00
  53 2.62E+00 3.04E+04 3.17E+14 9.95E+00 2.37E+00   18   0  1.99E-05 9.23E+00 1.55E+00
  54 2.79E+00 3.01E+04 3.19E+14 1.00E+01 2.38E+00   18   0  2.05E-05 9.15E+00 1.52E+00
  55 2.97E+00 2.97E+04 3.21E+14 1.01E+01 2.39E+00   18   0  2.15E-05 9.00E+00 1.49E+00
  56 3.16E+00 2.93E+04 3.23E+14 1.01E+01 2.41E+00   18   0  2.25E-05 8.85E+00 1.47E+00
  57 3.36E+00 2.89E+04 3.25E+14 1.02E+01 2.43E+00   18   0  2.35E-05 8.71E+00 1.44E+00
  58 3.58E+00 2.85E+04 3.28E+14 1.03E+01 2.44E+00   18   0  2.46E-05 8.57E+00 1.41E+00
  59 3.81E+00 2.80E+04 3.30E+14 1.04E+01 2.46E+00   17   0  2.59E-05 8.52E+00 1.37E+00
  60 4.06E+00 2.77E+04 3.33E+14 1.04E+01 2.48E+00   17   0  2.71E-05 8.39E+00 1.34E+00
  61 4.32E+00 2.73E+04 3.34E+14 1.05E+01 2.50E+00   17   0  2.82E-05 8.48E+00 1.30E+00
  62 4.60E+00 2.70E+04 3.37E+14 1.06E+01 2.51E+00   17   0  2.96E-05 8.37E+00 1.27E+00
  63 4.90E+00 2.66E+04 3.39E+14 1.06E+01 2.53E+00   17   0  3.09E-05 8.25E+00 1.25E+00
  64 5.22E+00 2.62E+04 3.41E+14 1.07E+01 2.55E+00   17   0  3.24E-05 8.14E+00 1.22E+00
  65 5.56E+00 2.59E+04 3.44E+14 1.08E+01 2.57E+00   17   0  3.39E-05 8.04E+00 1.20E+00
  66 5.92E+00 2.55E+04 3.46E+14 1.09E+01 2.58E+00   17   0  3.55E-05 7.94E+00 1.18E+00
  67 6.30E+00 2.51E+04 3.49E+14 1.10E+01 2.60E+00   17   0  3.71E-05 7.84E+00 1.15E+00
  68 6.71E+00 2.48E+04 3.51E+14 1.10E+01 2.62E+00   17   0  3.89E-05 7.74E+00 1.13E+00
  69 7.14E+00 2.44E+04 3.54E+14 1.11E+01 2.64E+00   17   0  4.08E-05 7.65E+00 1.11E+00
  70 7.61E+00 2.42E+04 3.56E+14 1.12E+01 2.65E+00   17   0  4.22E-05 7.61E+00 1.09E+00
  71 8.10E+00 2.38E+04 3.59E+14 1.13E+01 2.67E+00   16   0  4.42E-05 7.52E+00 1.07E+00
  72 8.62E+00 2.34E+04 3.61E+14 1.13E+01 2.70E+00   16   0  4.64E-05 7.44E+00 1.05E+00
  73 9.18E+00 2.31E+04 3.64E+14 1.14E+01 2.72E+00   16   0  4.86E-05 7.37E+00 1.03E+00
  74 9.78E+00 2.27E+04 3.67E+14 1.15E+01 2.74E+00   16   0  5.10E-05 7.29E+00 1.02E+00
  75 1.04E+01 2.23E+04 3.70E+14 1.16E+01 2.76E+00   16   0  5.36E-05 7.22E+00 9.98E-01
  76 1.11E+01 2.19E+04 3.73E+14 1.17E+01 2.79E+00   16   0  5.63E-05 7.15E+00 9.81E-01
  77 1.18E+01 2.16E+04 3.77E+14 1.18E+01 2.81E+00   16   0  5.91E-05 7.08E+00 9.65E-01
  78 1.26E+01 2.12E+04 3.80E+14 1.19E+01 2.83E+00   16   0  6.21E-05 7.02E+00 9.50E-01
  79 1.34E+01 2.07E+04 3.84E+14 1.21E+01 2.87E+00   16   0  6.53E-05 6.96E+00 9.31E-01
  80 1.42E+01 2.03E+04 3.88E+14 1.22E+01 2.89E+00   16   0  6.86E-05 6.90E+00 9.17E-01
  81 1.52E+01 1.99E+04 3.92E+14 1.23E+01 2.92E+00   16   0  7.22E-05 6.84E+00 9.04E-01
  82 1.62E+01 1.95E+04 3.96E+14 1.24E+01 2.95E+00   16   0  7.61E-05 6.79E+00 8.91E-01
  83 1.72E+01 1.91E+04 4.00E+14 1.26E+01 2.98E+00   16   0  8.01E-05 6.74E+00 8.79E-01
  84 1.83E+01 1.87E+04 4.04E+14 1.27E+01 3.01E+00   15   0  8.45E-05 6.69E+00 8.68E-01
  85 1.95E+01 1.83E+04 4.08E+14 1.28E+01 3.05E+00   15   0  8.91E-05 6.64E+00 8.57E-01
  86 2.08E+01 1.79E+04 4.13E+14 1.30E+01 3.08E+00   15   1  9.40E-05 6.59E+00 8.47E-01
  87 2.21E+01 1.76E+04 4.17E+14 1.31E+01 3.11E+00   15   1  9.85E-05 6.60E+00 8.33E-01
  88 2.35E+01 1.72E+04 4.22E+14 1.33E+01 3.15E+00   15   1  1.04E-04 6.56E+00 8.23E-01
  89 2.51E+01 1.67E+04 4.27E+14 1.34E+01 3.19E+00   15   1  1.10E-04 6.51E+00 8.15E-01
  90 2.67E+01 1.63E+04 4.33E+14 1.36E+01 3.23E+00   15   1  1.16E-04 6.46E+00 8.07E-01
  91 2.84E+01 1.59E+04 4.39E+14 1.38E+01 3.27E+00   15   1  1.23E-04 6.41E+00 7.99E-01
  92 3.03E+01 1.55E+04 4.45E+14 1.40E+01 3.32E+00   15   1  1.30E-04 6.37E+00 7.92E-01
  93 3.22E+01 1.50E+04 4.51E+14 1.42E+01 3.37E+00   15   1  1.38E-04 6.32E+00 7.86E-01
  94 3.43E+01 1.46E+04 4.58E+14 1.44E+01 3.42E+00   15   1  1.46E-04 6.27E+00 7.80E-01
  95 3.65E+01 1.42E+04 4.65E+14 1.46E+01 3.47E+00   14   1  1.55E-04 6.22E+00 7.74E-01
  96 3.89E+01 1.37E+04 4.72E+14 1.48E+01 3.52E+00   14   1  1.65E-04 6.17E+00 7.69E-01
  97 4.14E+01 1.33E+04 4.80E+14 1.51E+01 3.58E+00   14   1  1.75E-04 6.12E+00 7.64E-01
  98 4.41E+01 1.28E+04 4.88E+14 1.53E+01 3.64E+00   14   2  1.87E-04 6.07E+00 7.59E-01
  99 4.70E+01 1.24E+04 4.97E+14 1.56E+01 3.71E+00   14   2  1.99E-04 6.02E+00 7.55E-01
 100 5.00E+01 1.20E+04 5.06E+14 1.59E+01 3.77E+00   14   2  2.12E-04 5.96E+00 7.52E-01
 ======================================================================================
   (1) Optical depth at 1.0E+01 microns
   (2) Bolometric flux at the inner radius 
   (3) Inner radius for L=1E4 Lsun
   (4) Ratio of the inner to the stellar radius
   (5) Angular size (in arcsec) when Fbol=1E-6 W/m2
   (6) Dust temperature at the outer edge (in K)
   (7) Maximum error in flux conservation (%)
   (8) Mass-loss rate (in Msun/yr)
   (9) Terminal outflow velocity (in km/s)
   (10) Upper limit of the stellar mass (in Msun)
 =================================================
  Everything is OK for all models
  Spectra are in files *.s##
 ========== THE END ==============================
