 ===========================
  Output from program Dusty 
  Version: 2.0
 ===========================
  
  INPUT parameters from file:
  year4_3300_350.inp                                                    
  
* ----------------------------------------------------------------------
* NOTES:
* This is a simple version of an input file producing a minimal output.
* ----------------------------------------------------------------------
  Central source spectrum described by a black body                       
  with temperature: 3300 K
  --------------------------------------------
  Abundances for supported grains:
  Sil-Ow Sil-Oc Sil-DL grf-DL amC-Hn SiC-Pg
  1.000  0.000  0.000  0.000  0.000  0.000
  MRN size distribution:
       Power q:  3.5
  Minimal size: 5.00E-03 microns
  Maximal size: 2.50E-01 microns
  --------------------------------------------
  Dust temperature on the inner boundary: 350  K
  --------------------------------------------
  Density for radiatively driven winds from
  full dynamic calculation.
  Relative thickness: 1.000E+04
  --------------------------------------------
  Optical depths at 1.0E+01 microns
  ranging from 1.00E-01 to 5.00E+01
  100 models with logarithmic grid           
  Required accuracy: 5%
  --------------------------------------------
  
  ====================================================  
  For compliance with the point-source assumption, the
  following results should only be applied to sources 
  whose effective temperature exceeds 742  K.
  ====================================================
          
  RESULTS:
  --------
 ###   tau0   F1(W/m2)  r1(cm)    r1/rc   theta1  Td(Y) err   Mdot      Ve       M> 
 ###     1        2        3        4        5      6    7      8        9       10 
 ======================================================================================
   1 1.00E-01 8.38E+02 1.91E+15 8.96E+01 1.43E+01   12   0  6.52E-06 6.85E+00 2.51E+00
   2 1.06E-01 8.27E+02 1.92E+15 9.02E+01 1.43E+01   12   0  6.85E-06 6.86E+00 2.55E+00
   3 1.13E-01 8.13E+02 1.94E+15 9.10E+01 1.45E+01   12   0  7.29E-06 6.91E+00 2.60E+00
   4 1.21E-01 8.02E+02 1.95E+15 9.16E+01 1.46E+01   12   0  7.65E-06 6.91E+00 2.64E+00
   5 1.29E-01 7.91E+02 1.97E+15 9.22E+01 1.47E+01   12   0  8.04E-06 6.91E+00 2.68E+00
   6 1.37E-01 7.80E+02 1.98E+15 9.29E+01 1.48E+01   12   0  8.44E-06 6.90E+00 2.72E+00
   7 1.46E-01 7.69E+02 1.99E+15 9.35E+01 1.49E+01   12   0  8.86E-06 6.88E+00 2.75E+00
   8 1.55E-01 7.58E+02 2.01E+15 9.42E+01 1.50E+01   11   0  9.30E-06 6.86E+00 2.79E+00
   9 1.65E-01 7.47E+02 2.02E+15 9.49E+01 1.51E+01   11   0  9.75E-06 6.83E+00 2.82E+00
  10 1.76E-01 7.35E+02 2.04E+15 9.57E+01 1.52E+01   11   0  1.02E-05 6.80E+00 2.84E+00
  11 1.87E-01 7.24E+02 2.06E+15 9.64E+01 1.53E+01   11   0  1.07E-05 6.76E+00 2.87E+00
  12 1.99E-01 7.13E+02 2.07E+15 9.72E+01 1.55E+01   11   0  1.12E-05 6.71E+00 2.89E+00
  13 2.12E-01 7.02E+02 2.09E+15 9.79E+01 1.56E+01   11   0  1.18E-05 6.66E+00 2.91E+00
  14 2.26E-01 6.91E+02 2.10E+15 9.87E+01 1.57E+01   11   0  1.23E-05 6.60E+00 2.93E+00
  15 2.41E-01 6.80E+02 2.12E+15 9.95E+01 1.58E+01   11   0  1.29E-05 6.53E+00 2.94E+00
  16 2.56E-01 6.69E+02 2.14E+15 1.00E+02 1.60E+01   11   0  1.35E-05 6.46E+00 2.95E+00
  17 2.73E-01 6.58E+02 2.16E+15 1.01E+02 1.61E+01   11   0  1.41E-05 6.38E+00 2.96E+00
  18 2.91E-01 6.47E+02 2.17E+15 1.02E+02 1.62E+01   11   0  1.48E-05 6.30E+00 2.96E+00
  19 3.10E-01 6.37E+02 2.19E+15 1.03E+02 1.63E+01   11   0  1.54E-05 6.20E+00 2.96E+00
  20 3.30E-01 6.27E+02 2.21E+15 1.04E+02 1.65E+01   11   0  1.61E-05 6.10E+00 2.95E+00
  21 3.51E-01 6.17E+02 2.23E+15 1.04E+02 1.66E+01   11   0  1.68E-05 6.00E+00 2.94E+00
  22 3.74E-01 6.07E+02 2.24E+15 1.05E+02 1.67E+01   11   0  1.76E-05 5.89E+00 2.93E+00
  23 3.98E-01 5.98E+02 2.26E+15 1.06E+02 1.69E+01   10   0  1.83E-05 5.78E+00 2.91E+00
  24 4.24E-01 5.88E+02 2.28E+15 1.07E+02 1.70E+01   10   0  1.91E-05 5.65E+00 2.89E+00
  25 4.51E-01 5.79E+02 2.30E+15 1.08E+02 1.71E+01   10   0  1.99E-05 5.53E+00 2.87E+00
  26 4.80E-01 5.70E+02 2.32E+15 1.09E+02 1.73E+01   10   0  2.07E-05 5.40E+00 2.84E+00
  27 5.11E-01 5.62E+02 2.33E+15 1.09E+02 1.74E+01   10   0  2.15E-05 5.27E+00 2.81E+00
  28 5.45E-01 5.53E+02 2.35E+15 1.10E+02 1.75E+01   10   0  2.24E-05 5.13E+00 2.78E+00
  29 5.80E-01 5.45E+02 2.37E+15 1.11E+02 1.77E+01   10   0  2.33E-05 5.02E+00 2.75E+00
  30 6.17E-01 5.37E+02 2.39E+15 1.12E+02 1.78E+01   10   0  2.43E-05 4.94E+00 2.73E+00
  31 6.57E-01 5.29E+02 2.40E+15 1.13E+02 1.79E+01   10   0  2.54E-05 4.85E+00 2.70E+00
  32 7.00E-01 5.21E+02 2.42E+15 1.14E+02 1.81E+01   10   0  2.65E-05 4.77E+00 2.68E+00
  33 7.45E-01 5.14E+02 2.44E+15 1.14E+02 1.82E+01   10   0  2.77E-05 4.68E+00 2.64E+00
  34 7.94E-01 5.07E+02 2.46E+15 1.15E+02 1.83E+01   10   0  2.89E-05 4.60E+00 2.61E+00
  35 8.45E-01 4.99E+02 2.47E+15 1.16E+02 1.85E+01   10   0  3.02E-05 4.51E+00 2.58E+00
  36 9.00E-01 4.93E+02 2.49E+15 1.17E+02 1.86E+01   10   0  3.15E-05 4.43E+00 2.54E+00
  37 9.58E-01 4.86E+02 2.51E+15 1.18E+02 1.87E+01   10   0  3.29E-05 4.35E+00 2.50E+00
  38 1.02E+00 4.79E+02 2.53E+15 1.19E+02 1.89E+01   10   0  3.43E-05 4.26E+00 2.46E+00
  39 1.09E+00 4.73E+02 2.54E+15 1.19E+02 1.90E+01    9   0 3.58E-05 4.18E+00 2.42E+00
  40 1.16E+00 4.66E+02 2.56E+15 1.20E+02 1.91E+01    9   0 3.74E-05 4.09E+00 2.38E+00
  41 1.23E+00 4.60E+02 2.58E+15 1.21E+02 1.92E+01    9   0 3.90E-05 4.00E+00 2.34E+00
  42 1.31E+00 4.54E+02 2.59E+15 1.22E+02 1.94E+01    9   0 4.02E-05 3.95E+00 2.30E+00
  43 1.40E+00 4.48E+02 2.61E+15 1.23E+02 1.95E+01    9   0 4.20E-05 3.87E+00 2.26E+00
  44 1.49E+00 4.42E+02 2.63E+15 1.23E+02 1.96E+01    9   0 4.38E-05 3.79E+00 2.22E+00
  45 1.58E+00 4.36E+02 2.65E+15 1.24E+02 1.97E+01    9   0 4.57E-05 3.71E+00 2.17E+00
  46 1.69E+00 4.30E+02 2.67E+15 1.25E+02 1.99E+01    9   0 4.79E-05 3.67E+00 2.11E+00
  47 1.80E+00 4.24E+02 2.69E+15 1.26E+02 2.00E+01    9   0 5.00E-05 3.59E+00 2.07E+00
  48 1.91E+00 4.18E+02 2.70E+15 1.27E+02 2.02E+01    9   0 5.22E-05 3.52E+00 2.02E+00
  49 2.04E+00 4.13E+02 2.72E+15 1.28E+02 2.03E+01    9   0 5.44E-05 3.45E+00 1.98E+00
  50 2.17E+00 4.07E+02 2.74E+15 1.29E+02 2.04E+01    9   0 5.68E-05 3.38E+00 1.94E+00
  51 2.31E+00 4.02E+02 2.76E+15 1.29E+02 2.06E+01    9   0 5.93E-05 3.31E+00 1.90E+00
  52 2.46E+00 3.97E+02 2.78E+15 1.30E+02 2.07E+01    9   0 6.19E-05 3.25E+00 1.85E+00
  53 2.62E+00 3.91E+02 2.79E+15 1.31E+02 2.09E+01    9   0 6.46E-05 3.18E+00 1.81E+00
  54 2.79E+00 3.88E+02 2.81E+15 1.32E+02 2.09E+01    9   1 6.68E-05 3.14E+00 1.78E+00
  55 2.97E+00 3.83E+02 2.83E+15 1.33E+02 2.11E+01    8   1 6.97E-05 3.08E+00 1.74E+00
  56 3.16E+00 3.77E+02 2.85E+15 1.34E+02 2.12E+01    8   1 7.29E-05 3.02E+00 1.70E+00
  57 3.36E+00 3.72E+02 2.87E+15 1.34E+02 2.14E+01    8   1 7.62E-05 2.97E+00 1.66E+00
  58 3.58E+00 3.67E+02 2.89E+15 1.35E+02 2.15E+01    8   1 7.96E-05 2.92E+00 1.63E+00
  59 3.81E+00 3.61E+02 2.91E+15 1.37E+02 2.17E+01    8   1 8.36E-05 2.90E+00 1.58E+00
  60 4.06E+00 3.56E+02 2.93E+15 1.38E+02 2.19E+01    8   1 8.74E-05 2.85E+00 1.54E+00
  61 4.32E+00 3.52E+02 2.95E+15 1.38E+02 2.20E+01    8   0 9.10E-05 2.89E+00 1.48E+00
  62 4.60E+00 3.47E+02 2.97E+15 1.39E+02 2.22E+01    8   0 9.52E-05 2.85E+00 1.45E+00
  63 4.90E+00 3.42E+02 2.99E+15 1.40E+02 2.23E+01    8   0 9.96E-05 2.80E+00 1.42E+00
  64 5.22E+00 3.37E+02 3.01E+15 1.41E+02 2.25E+01    8   0 1.04E-04 2.76E+00 1.39E+00
  65 5.56E+00 3.32E+02 3.04E+15 1.42E+02 2.27E+01    8   0 1.09E-04 2.72E+00 1.36E+00
  66 5.92E+00 3.27E+02 3.06E+15 1.44E+02 2.28E+01    8   0 1.14E-04 2.68E+00 1.33E+00
  67 6.30E+00 3.21E+02 3.08E+15 1.45E+02 2.30E+01    8   0 1.20E-04 2.64E+00 1.30E+00
  68 6.71E+00 3.16E+02 3.11E+15 1.46E+02 2.32E+01    8   0 1.25E-04 2.60E+00 1.28E+00
  69 7.14E+00 3.11E+02 3.13E+15 1.47E+02 2.34E+01    8   0 1.31E-04 2.57E+00 1.25E+00
  70 7.61E+00 3.08E+02 3.15E+15 1.48E+02 2.35E+01    8   0 1.36E-04 2.54E+00 1.23E+00
  71 8.10E+00 3.02E+02 3.18E+15 1.49E+02 2.37E+01    8   0 1.43E-04 2.51E+00 1.21E+00
  72 8.62E+00 2.97E+02 3.21E+15 1.50E+02 2.39E+01    8   0 1.50E-04 2.47E+00 1.18E+00
  73 9.18E+00 2.92E+02 3.24E+15 1.52E+02 2.41E+01    8   0 1.57E-04 2.44E+00 1.16E+00
  74 9.78E+00 2.87E+02 3.27E+15 1.53E+02 2.44E+01    7   0 1.65E-04 2.41E+00 1.14E+00
  75 1.04E+01 2.81E+02 3.30E+15 1.55E+02 2.46E+01    7   0 1.73E-04 2.38E+00 1.12E+00
  76 1.11E+01 2.76E+02 3.33E+15 1.56E+02 2.48E+01    7   0 1.82E-04 2.34E+00 1.10E+00
  77 1.18E+01 2.71E+02 3.36E+15 1.58E+02 2.51E+01    7   0 1.92E-04 2.31E+00 1.08E+00
  78 1.26E+01 2.65E+02 3.40E+15 1.59E+02 2.53E+01    7   0 2.02E-04 2.28E+00 1.06E+00
  79 1.34E+01 2.60E+02 3.43E+15 1.61E+02 2.56E+01    7   0 2.12E-04 2.26E+00 1.04E+00
  80 1.42E+01 2.53E+02 3.48E+15 1.63E+02 2.59E+01    7   0 2.23E-04 2.24E+00 1.02E+00
  81 1.52E+01 2.48E+02 3.51E+15 1.65E+02 2.62E+01    7   0 2.35E-04 2.21E+00 9.99E-01
  82 1.62E+01 2.42E+02 3.55E+15 1.67E+02 2.65E+01    7   0 2.48E-04 2.18E+00 9.83E-01
  83 1.72E+01 2.37E+02 3.59E+15 1.69E+02 2.68E+01    7   0 2.61E-04 2.15E+00 9.67E-01
  84 1.83E+01 2.31E+02 3.64E+15 1.71E+02 2.71E+01    7   0 2.75E-04 2.13E+00 9.52E-01
  85 1.95E+01 2.26E+02 3.68E+15 1.73E+02 2.74E+01    7   0 2.90E-04 2.10E+00 9.37E-01
  86 2.08E+01 2.21E+02 3.72E+15 1.75E+02 2.78E+01    7   0 3.07E-04 2.07E+00 9.22E-01
  87 2.21E+01 2.16E+02 3.76E+15 1.76E+02 2.81E+01    7   0 3.21E-04 2.07E+00 9.04E-01
  88 2.35E+01 2.11E+02 3.81E+15 1.79E+02 2.84E+01    7   1 3.40E-04 2.04E+00 8.91E-01
  89 2.51E+01 2.06E+02 3.86E+15 1.81E+02 2.88E+01    7   1 3.59E-04 2.01E+00 8.78E-01
  90 2.67E+01 2.00E+02 3.91E+15 1.83E+02 2.92E+01    6   1 3.79E-04 1.98E+00 8.66E-01
  91 2.84E+01 1.95E+02 3.96E+15 1.86E+02 2.96E+01    6   1 4.01E-04 1.96E+00 8.53E-01
  92 3.03E+01 1.90E+02 4.02E+15 1.88E+02 3.00E+01    6   1 4.25E-04 1.93E+00 8.42E-01
  93 3.22E+01 1.84E+02 4.07E+15 1.91E+02 3.04E+01    6   1 4.50E-04 1.90E+00 8.30E-01
  94 3.43E+01 1.79E+02 4.13E+15 1.94E+02 3.08E+01    6   1 4.76E-04 1.88E+00 8.19E-01
  95 3.65E+01 1.74E+02 4.19E+15 1.97E+02 3.13E+01    6   1 5.05E-04 1.85E+00 8.09E-01
  96 3.89E+01 1.69E+02 4.26E+15 2.00E+02 3.18E+01    6   1 5.35E-04 1.82E+00 7.98E-01
  97 4.14E+01 1.64E+02 4.32E+15 2.03E+02 3.23E+01    6   1 5.68E-04 1.80E+00 7.88E-01
  98 4.41E+01 1.59E+02 4.39E+15 2.06E+02 3.28E+01    6   1 6.02E-04 1.77E+00 7.78E-01
  99 4.70E+01 1.53E+02 4.46E+15 2.09E+02 3.33E+01    6   1 6.39E-04 1.74E+00 7.69E-01
 100 5.00E+01 1.49E+02 4.54E+15 2.13E+02 3.39E+01    6   1 6.79E-04 1.72E+00 7.60E-01
 ======================================================================================
   (1) Optical depth at 1.0E+01 microns
   (2) Bolometric flux at the inner radius 
   (3) Inner radius for L=1E4 Lsun
   (4) Ratio of the inner to the stellar radius
   (5) Angular size (in arcsec) when Fbol=1E-6 W/m2
   (6) Dust temperature at the outer edge (in K)
   (7) Maximum error in flux conservation (%)
   (8) Mass-loss rate (in Msun/yr)
   (9) Terminal outflow velocity (in km/s)
   (10) Upper limit of the stellar mass (in Msun)
 =================================================
  Everything is OK for all models
  Spectra are in files *.s##
 ========== THE END ==============================
