 ===========================
  Output from program Dusty 
  Version: 2.0
 ===========================
  
  INPUT parameters from file:
  year4_2700_1200.inp                                                   
  
* ----------------------------------------------------------------------
* NOTES:
* This is a simple version of an input file producing a minimal output.
* ----------------------------------------------------------------------
  Central source spectrum described by a black body                       
  with temperature: 2700 K
  --------------------------------------------
  Abundances for supported grains:
  Sil-Ow Sil-Oc Sil-DL grf-DL amC-Hn SiC-Pg
  1.000  0.000  0.000  0.000  0.000  0.000
  MRN size distribution:
       Power q:  3.5
  Minimal size: 5.00E-03 microns
  Maximal size: 2.50E-01 microns
  --------------------------------------------
  Dust temperature on the inner boundary: 1200 K
  --------------------------------------------
  Density for radiatively driven winds from
  full dynamic calculation.
  Relative thickness: 1.000E+04
  --------------------------------------------
  Optical depths at 1.0E+01 microns
  ranging from 1.00E-01 to 5.00E+01
  100 models with logarithmic grid           
  Required accuracy: 5%
  --------------------------------------------
  
  ====================================================  
  For compliance with the point-source assumption, the
  following results should only be applied to sources 
  whose effective temperature exceeds 2656 K.
  ====================================================
          
  RESULTS:
  --------
 ###   tau0   F1(W/m2)  r1(cm)    r1/rc   theta1  Td(Y) err   Mdot      Ve       M> 
 ###     1        2        3        4        5      6    7      8        9       10 
 ======================================================================================
   1 1.00E-01 1.48E+05 1.44E+14 4.52E+00 1.07E+00   27   0  1.48E-06 2.09E+01 1.71E+00
   2 1.06E-01 1.46E+05 1.45E+14 4.54E+00 1.08E+00   27   0  1.55E-06 2.10E+01 1.74E+00
   3 1.13E-01 1.44E+05 1.46E+14 4.57E+00 1.09E+00   27   0  1.65E-06 2.11E+01 1.78E+00
   4 1.21E-01 1.43E+05 1.46E+14 4.60E+00 1.09E+00   27   0  1.74E-06 2.12E+01 1.81E+00
   5 1.29E-01 1.41E+05 1.47E+14 4.62E+00 1.10E+00   27   0  1.83E-06 2.13E+01 1.85E+00
   6 1.37E-01 1.40E+05 1.48E+14 4.65E+00 1.10E+00   27   0  1.92E-06 2.13E+01 1.88E+00
   7 1.46E-01 1.38E+05 1.49E+14 4.67E+00 1.11E+00   26   0  2.02E-06 2.14E+01 1.91E+00
   8 1.55E-01 1.36E+05 1.50E+14 4.70E+00 1.12E+00   26   0  2.12E-06 2.14E+01 1.94E+00
   9 1.65E-01 1.35E+05 1.51E+14 4.73E+00 1.12E+00   26   0  2.23E-06 2.14E+01 1.97E+00
  10 1.76E-01 1.33E+05 1.52E+14 4.76E+00 1.13E+00   26   0  2.34E-06 2.13E+01 2.00E+00
  11 1.87E-01 1.31E+05 1.53E+14 4.80E+00 1.14E+00   26   0  2.46E-06 2.13E+01 2.02E+00
  12 1.99E-01 1.29E+05 1.54E+14 4.83E+00 1.15E+00   26   0  2.58E-06 2.13E+01 2.05E+00
  13 2.12E-01 1.28E+05 1.55E+14 4.86E+00 1.16E+00   26   0  2.71E-06 2.12E+01 2.07E+00
  14 2.26E-01 1.26E+05 1.56E+14 4.90E+00 1.16E+00   26   0  2.84E-06 2.11E+01 2.09E+00
  15 2.41E-01 1.24E+05 1.57E+14 4.93E+00 1.17E+00   26   0  2.98E-06 2.10E+01 2.11E+00
  16 2.56E-01 1.22E+05 1.58E+14 4.97E+00 1.18E+00   25   0  3.13E-06 2.09E+01 2.13E+00
  17 2.73E-01 1.20E+05 1.59E+14 5.01E+00 1.19E+00   25   0  3.28E-06 2.07E+01 2.15E+00
  18 2.91E-01 1.19E+05 1.61E+14 5.04E+00 1.20E+00   25   0  3.44E-06 2.06E+01 2.16E+00
  19 3.10E-01 1.17E+05 1.62E+14 5.08E+00 1.21E+00   25   0  3.61E-06 2.04E+01 2.17E+00
  20 3.30E-01 1.15E+05 1.63E+14 5.12E+00 1.22E+00   25   0  3.78E-06 2.02E+01 2.18E+00
  21 3.51E-01 1.13E+05 1.64E+14 5.16E+00 1.23E+00   25   0  3.96E-06 2.00E+01 2.19E+00
  22 3.74E-01 1.11E+05 1.66E+14 5.20E+00 1.24E+00   25   0  4.14E-06 1.97E+01 2.19E+00
  23 3.98E-01 1.10E+05 1.67E+14 5.24E+00 1.25E+00   25   0  4.33E-06 1.95E+01 2.19E+00
  24 4.24E-01 1.08E+05 1.68E+14 5.28E+00 1.26E+00   24   0  4.53E-06 1.92E+01 2.19E+00
  25 4.51E-01 1.06E+05 1.70E+14 5.32E+00 1.27E+00   24   0  4.74E-06 1.89E+01 2.19E+00
  26 4.80E-01 1.05E+05 1.71E+14 5.37E+00 1.28E+00   24   0  4.95E-06 1.86E+01 2.18E+00
  27 5.11E-01 1.03E+05 1.72E+14 5.41E+00 1.29E+00   24   0  5.17E-06 1.83E+01 2.17E+00
  28 5.45E-01 1.01E+05 1.74E+14 5.45E+00 1.30E+00   24   0  5.40E-06 1.79E+01 2.16E+00
  29 5.80E-01 9.99E+04 1.75E+14 5.49E+00 1.31E+00   24   0  5.63E-06 1.76E+01 2.15E+00
  30 6.17E-01 9.84E+04 1.76E+14 5.54E+00 1.32E+00   24   0  5.87E-06 1.72E+01 2.14E+00
  31 6.57E-01 9.69E+04 1.78E+14 5.58E+00 1.33E+00   23   0  6.12E-06 1.68E+01 2.12E+00
  32 7.00E-01 9.54E+04 1.79E+14 5.62E+00 1.34E+00   23   0  6.38E-06 1.64E+01 2.10E+00
  33 7.45E-01 9.39E+04 1.80E+14 5.67E+00 1.35E+00   23   0  6.64E-06 1.60E+01 2.08E+00
  34 7.94E-01 9.25E+04 1.82E+14 5.71E+00 1.36E+00   23   0  6.95E-06 1.58E+01 2.06E+00
  35 8.45E-01 9.11E+04 1.83E+14 5.75E+00 1.37E+00   23   0  7.27E-06 1.56E+01 2.05E+00
  36 9.00E-01 8.97E+04 1.85E+14 5.80E+00 1.38E+00   23   0  7.61E-06 1.53E+01 2.03E+00
  37 9.58E-01 8.84E+04 1.86E+14 5.84E+00 1.39E+00   23   0  7.97E-06 1.51E+01 2.01E+00
  38 1.02E+00 8.71E+04 1.87E+14 5.88E+00 1.40E+00   23   0  8.34E-06 1.49E+01 1.99E+00
  39 1.09E+00 8.58E+04 1.89E+14 5.93E+00 1.41E+00   22   0  8.73E-06 1.46E+01 1.97E+00
  40 1.16E+00 8.45E+04 1.90E+14 5.97E+00 1.42E+00   22   0  9.13E-06 1.44E+01 1.95E+00
  41 1.23E+00 8.33E+04 1.92E+14 6.02E+00 1.43E+00   22   0  9.56E-06 1.41E+01 1.93E+00
  42 1.31E+00 8.25E+04 1.93E+14 6.05E+00 1.44E+00   22   0  9.89E-06 1.39E+01 1.91E+00
  43 1.40E+00 8.13E+04 1.94E+14 6.09E+00 1.45E+00   22   0  1.03E-05 1.37E+01 1.89E+00
  44 1.49E+00 8.01E+04 1.95E+14 6.14E+00 1.46E+00   22   0  1.08E-05 1.34E+01 1.86E+00
  45 1.58E+00 7.89E+04 1.97E+14 6.18E+00 1.47E+00   22   0  1.13E-05 1.32E+01 1.83E+00
  46 1.69E+00 7.75E+04 1.99E+14 6.24E+00 1.48E+00   22   0  1.19E-05 1.31E+01 1.79E+00
  47 1.80E+00 7.64E+04 2.00E+14 6.28E+00 1.49E+00   21   0  1.25E-05 1.28E+01 1.76E+00
  48 1.91E+00 7.53E+04 2.02E+14 6.33E+00 1.50E+00   21   0  1.31E-05 1.26E+01 1.74E+00
  49 2.04E+00 7.42E+04 2.03E+14 6.38E+00 1.52E+00   21   0  1.37E-05 1.24E+01 1.71E+00
  50 2.17E+00 7.31E+04 2.05E+14 6.42E+00 1.53E+00   21   0  1.43E-05 1.22E+01 1.68E+00
  51 2.31E+00 7.20E+04 2.06E+14 6.47E+00 1.54E+00   21   0  1.50E-05 1.19E+01 1.65E+00
  52 2.46E+00 7.10E+04 2.08E+14 6.52E+00 1.55E+00   21   0  1.56E-05 1.17E+01 1.62E+00
  53 2.62E+00 6.99E+04 2.09E+14 6.57E+00 1.56E+00   21   0  1.64E-05 1.15E+01 1.59E+00
  54 2.79E+00 6.93E+04 2.10E+14 6.60E+00 1.57E+00   21   0  1.69E-05 1.14E+01 1.57E+00
  55 2.97E+00 6.83E+04 2.12E+14 6.65E+00 1.58E+00   21   0  1.77E-05 1.12E+01 1.54E+00
  56 3.16E+00 6.72E+04 2.13E+14 6.70E+00 1.59E+00   20   0  1.86E-05 1.10E+01 1.51E+00
  57 3.36E+00 6.62E+04 2.15E+14 6.75E+00 1.60E+00   20   0  1.94E-05 1.08E+01 1.48E+00
  58 3.58E+00 6.53E+04 2.16E+14 6.80E+00 1.62E+00   20   0  2.03E-05 1.06E+01 1.45E+00
  59 3.81E+00 6.41E+04 2.18E+14 6.86E+00 1.63E+00   20   0  2.14E-05 1.06E+01 1.41E+00
  60 4.06E+00 6.31E+04 2.20E+14 6.91E+00 1.64E+00   20   0  2.24E-05 1.04E+01 1.39E+00
  61 4.32E+00 6.22E+04 2.22E+14 6.96E+00 1.65E+00   20   0  2.34E-05 1.05E+01 1.34E+00
  62 4.60E+00 6.13E+04 2.23E+14 7.02E+00 1.67E+00   20   0  2.45E-05 1.04E+01 1.32E+00
  63 4.90E+00 6.03E+04 2.25E+14 7.07E+00 1.68E+00   20   0  2.57E-05 1.02E+01 1.29E+00
  64 5.22E+00 5.94E+04 2.27E+14 7.13E+00 1.69E+00   20   0  2.69E-05 1.01E+01 1.27E+00
  65 5.56E+00 5.85E+04 2.29E+14 7.18E+00 1.71E+00   19   0  2.82E-05 9.97E+00 1.24E+00
  66 5.92E+00 5.75E+04 2.31E+14 7.24E+00 1.72E+00   19   0  2.95E-05 9.84E+00 1.22E+00
  67 6.30E+00 5.66E+04 2.32E+14 7.30E+00 1.73E+00   19   0  3.09E-05 9.71E+00 1.20E+00
  68 6.71E+00 5.57E+04 2.34E+14 7.36E+00 1.75E+00   19   0  3.24E-05 9.58E+00 1.17E+00
  69 7.14E+00 5.47E+04 2.36E+14 7.42E+00 1.76E+00   19   0  3.40E-05 9.46E+00 1.15E+00
  70 7.61E+00 5.42E+04 2.38E+14 7.46E+00 1.77E+00   19   0  3.52E-05 9.41E+00 1.13E+00
  71 8.10E+00 5.33E+04 2.40E+14 7.52E+00 1.79E+00   19   0  3.70E-05 9.30E+00 1.11E+00
  72 8.62E+00 5.23E+04 2.42E+14 7.59E+00 1.80E+00   19   0  3.88E-05 9.19E+00 1.09E+00
  73 9.18E+00 5.14E+04 2.44E+14 7.66E+00 1.82E+00   19   0  4.08E-05 9.09E+00 1.08E+00
  74 9.78E+00 5.05E+04 2.46E+14 7.73E+00 1.84E+00   19   0  4.28E-05 8.98E+00 1.06E+00
  75 1.04E+01 4.94E+04 2.49E+14 7.81E+00 1.86E+00   19   0  4.50E-05 8.88E+00 1.04E+00
  76 1.11E+01 4.84E+04 2.51E+14 7.89E+00 1.87E+00   18   0  4.73E-05 8.78E+00 1.02E+00
  77 1.18E+01 4.75E+04 2.54E+14 7.97E+00 1.89E+00   18   0  4.98E-05 8.69E+00 1.00E+00
  78 1.26E+01 4.65E+04 2.56E+14 8.05E+00 1.91E+00   18   0  5.24E-05 8.60E+00 9.88E-01
  79 1.34E+01 4.55E+04 2.59E+14 8.14E+00 1.93E+00   18   0  5.52E-05 8.52E+00 9.74E-01
  80 1.42E+01 4.46E+04 2.62E+14 8.23E+00 1.95E+00   18   0  5.81E-05 8.43E+00 9.60E-01
  81 1.52E+01 4.36E+04 2.65E+14 8.32E+00 1.98E+00   18   0  6.13E-05 8.35E+00 9.46E-01
  82 1.62E+01 4.26E+04 2.68E+14 8.41E+00 2.00E+00   18   0  6.46E-05 8.28E+00 9.34E-01
  83 1.72E+01 4.16E+04 2.71E+14 8.51E+00 2.02E+00   18   0  6.82E-05 8.20E+00 9.22E-01
  84 1.83E+01 4.06E+04 2.74E+14 8.62E+00 2.05E+00   18   0  7.20E-05 8.13E+00 9.10E-01
  85 1.95E+01 3.96E+04 2.78E+14 8.72E+00 2.07E+00   18   0  7.60E-05 8.06E+00 9.00E-01
  86 2.08E+01 3.86E+04 2.81E+14 8.84E+00 2.10E+00   17   0  8.04E-05 7.99E+00 8.90E-01
  87 2.21E+01 3.77E+04 2.85E+14 8.94E+00 2.12E+00   17   1  8.44E-05 8.01E+00 8.75E-01
  88 2.35E+01 3.67E+04 2.89E+14 9.06E+00 2.15E+00   17   1  8.93E-05 7.94E+00 8.66E-01
  89 2.51E+01 3.57E+04 2.93E+14 9.19E+00 2.18E+00   17   1  9.45E-05 7.88E+00 8.58E-01
  90 2.67E+01 3.47E+04 2.97E+14 9.33E+00 2.22E+00   17   1  1.00E-04 7.81E+00 8.50E-01
  91 2.84E+01 3.37E+04 3.01E+14 9.47E+00 2.25E+00   17   1  1.06E-04 7.74E+00 8.43E-01
  92 3.03E+01 3.26E+04 3.06E+14 9.62E+00 2.28E+00   17   1  1.13E-04 7.67E+00 8.36E-01
  93 3.22E+01 3.16E+04 3.11E+14 9.77E+00 2.32E+00   17   1  1.20E-04 7.60E+00 8.30E-01
  94 3.43E+01 3.06E+04 3.16E+14 9.93E+00 2.36E+00   17   1  1.27E-04 7.53E+00 8.24E-01
  95 3.65E+01 2.95E+04 3.22E+14 1.01E+01 2.40E+00   16   1  1.35E-04 7.46E+00 8.19E-01
  96 3.89E+01 2.85E+04 3.28E+14 1.03E+01 2.44E+00   16   1  1.44E-04 7.39E+00 8.14E-01
  97 4.14E+01 2.75E+04 3.34E+14 1.05E+01 2.49E+00   16   1  1.53E-04 7.32E+00 8.10E-01
  98 4.41E+01 2.65E+04 3.40E+14 1.07E+01 2.54E+00   16   1  1.63E-04 7.24E+00 8.06E-01
  99 4.70E+01 2.55E+04 3.46E+14 1.09E+01 2.58E+00   16   2  1.74E-04 7.17E+00 8.02E-01
 100 5.00E+01 2.45E+04 3.53E+14 1.11E+01 2.64E+00   16   2  1.85E-04 7.10E+00 7.99E-01
 ======================================================================================
   (1) Optical depth at 1.0E+01 microns
   (2) Bolometric flux at the inner radius 
   (3) Inner radius for L=1E4 Lsun
   (4) Ratio of the inner to the stellar radius
   (5) Angular size (in arcsec) when Fbol=1E-6 W/m2
   (6) Dust temperature at the outer edge (in K)
   (7) Maximum error in flux conservation (%)
   (8) Mass-loss rate (in Msun/yr)
   (9) Terminal outflow velocity (in km/s)
   (10) Upper limit of the stellar mass (in Msun)
 =================================================
  Everything is OK for all models
  Spectra are in files *.s##
 ========== THE END ==============================
