 ===========================
  Output from program Dusty 
  Version: 2.0
 ===========================
  
  INPUT parameters from file:
  year4_2900_800.inp                                                    
  
* ----------------------------------------------------------------------
* NOTES:
* This is a simple version of an input file producing a minimal output.
* ----------------------------------------------------------------------
  Central source spectrum described by a black body                       
  with temperature: 2900 K
  --------------------------------------------
  Abundances for supported grains:
  Sil-Ow Sil-Oc Sil-DL grf-DL amC-Hn SiC-Pg
  1.000  0.000  0.000  0.000  0.000  0.000
  MRN size distribution:
       Power q:  3.5
  Minimal size: 5.00E-03 microns
  Maximal size: 2.50E-01 microns
  --------------------------------------------
  Dust temperature on the inner boundary: 800  K
  --------------------------------------------
  Density for radiatively driven winds from
  full dynamic calculation.
  Relative thickness: 1.000E+04
  --------------------------------------------
  Optical depths at 1.0E+01 microns
  ranging from 1.00E-01 to 5.00E+01
  100 models with logarithmic grid           
  Required accuracy: 5%
  --------------------------------------------
  
  ====================================================  
  For compliance with the point-source assumption, the
  following results should only be applied to sources 
  whose effective temperature exceeds 1646 K.
  ====================================================
          
  RESULTS:
  --------
 ###   tau0   F1(W/m2)  r1(cm)    r1/rc   theta1  Td(Y) err   Mdot      Ve       M> 
 ###     1        2        3        4        5      6    7      8        9       10 
 ======================================================================================
   1 1.00E-01 2.13E+04 3.79E+14 1.37E+01 2.83E+00   20   0  2.57E-06 1.37E+01 1.96E+00
   2 1.06E-01 2.11E+04 3.81E+14 1.38E+01 2.84E+00   20   0  2.70E-06 1.38E+01 2.00E+00
   3 1.13E-01 2.08E+04 3.84E+14 1.39E+01 2.86E+00   20   0  2.87E-06 1.39E+01 2.05E+00
   4 1.21E-01 2.05E+04 3.86E+14 1.40E+01 2.88E+00   20   0  3.02E-06 1.39E+01 2.08E+00
   5 1.29E-01 2.03E+04 3.88E+14 1.41E+01 2.90E+00   19   0  3.17E-06 1.39E+01 2.12E+00
   6 1.37E-01 2.00E+04 3.91E+14 1.42E+01 2.91E+00   19   0  3.33E-06 1.40E+01 2.15E+00
   7 1.46E-01 1.98E+04 3.93E+14 1.42E+01 2.93E+00   19   0  3.50E-06 1.40E+01 2.18E+00
   8 1.55E-01 1.95E+04 3.96E+14 1.43E+01 2.95E+00   19   0  3.68E-06 1.39E+01 2.21E+00
   9 1.65E-01 1.93E+04 3.98E+14 1.44E+01 2.97E+00   19   0  3.86E-06 1.39E+01 2.24E+00
  10 1.76E-01 1.90E+04 4.01E+14 1.45E+01 2.99E+00   19   0  4.06E-06 1.39E+01 2.27E+00
  11 1.87E-01 1.87E+04 4.04E+14 1.46E+01 3.01E+00   19   0  4.26E-06 1.39E+01 2.30E+00
  12 1.99E-01 1.85E+04 4.07E+14 1.47E+01 3.03E+00   19   0  4.47E-06 1.38E+01 2.32E+00
  13 2.12E-01 1.82E+04 4.10E+14 1.48E+01 3.06E+00   19   0  4.69E-06 1.37E+01 2.34E+00
  14 2.26E-01 1.79E+04 4.13E+14 1.50E+01 3.08E+00   19   0  4.91E-06 1.36E+01 2.36E+00
  15 2.41E-01 1.77E+04 4.16E+14 1.51E+01 3.10E+00   19   0  5.15E-06 1.36E+01 2.38E+00
  16 2.56E-01 1.74E+04 4.19E+14 1.52E+01 3.13E+00   19   0  5.40E-06 1.34E+01 2.40E+00
  17 2.73E-01 1.72E+04 4.22E+14 1.53E+01 3.15E+00   18   0  5.66E-06 1.33E+01 2.41E+00
  18 2.91E-01 1.69E+04 4.25E+14 1.54E+01 3.17E+00   18   0  5.92E-06 1.32E+01 2.42E+00
  19 3.10E-01 1.66E+04 4.29E+14 1.55E+01 3.20E+00   18   0  6.20E-06 1.30E+01 2.43E+00
  20 3.30E-01 1.64E+04 4.32E+14 1.57E+01 3.22E+00   18   0  6.48E-06 1.29E+01 2.43E+00
  21 3.51E-01 1.61E+04 4.36E+14 1.58E+01 3.25E+00   18   0  6.78E-06 1.27E+01 2.43E+00
  22 3.74E-01 1.59E+04 4.39E+14 1.59E+01 3.27E+00   18   0  7.09E-06 1.25E+01 2.43E+00
  23 3.98E-01 1.56E+04 4.42E+14 1.60E+01 3.30E+00   18   0  7.40E-06 1.23E+01 2.42E+00
  24 4.24E-01 1.54E+04 4.46E+14 1.61E+01 3.33E+00   18   0  7.73E-06 1.21E+01 2.42E+00
  25 4.51E-01 1.52E+04 4.49E+14 1.63E+01 3.35E+00   18   0  8.07E-06 1.19E+01 2.41E+00
  26 4.80E-01 1.49E+04 4.53E+14 1.64E+01 3.38E+00   18   0  8.42E-06 1.17E+01 2.39E+00
  27 5.11E-01 1.47E+04 4.56E+14 1.65E+01 3.40E+00   17   0  8.77E-06 1.15E+01 2.38E+00
  28 5.45E-01 1.45E+04 4.60E+14 1.67E+01 3.43E+00   17   0  9.14E-06 1.12E+01 2.36E+00
  29 5.80E-01 1.43E+04 4.63E+14 1.68E+01 3.46E+00   17   0  9.52E-06 1.09E+01 2.34E+00
  30 6.17E-01 1.41E+04 4.67E+14 1.69E+01 3.48E+00   17   0  9.91E-06 1.07E+01 2.31E+00
  31 6.57E-01 1.38E+04 4.70E+14 1.70E+01 3.51E+00   17   0  1.03E-05 1.04E+01 2.29E+00
  32 7.00E-01 1.36E+04 4.73E+14 1.72E+01 3.53E+00   17   0  1.08E-05 1.02E+01 2.27E+00
  33 7.45E-01 1.34E+04 4.77E+14 1.73E+01 3.56E+00   17   0  1.13E-05 1.01E+01 2.25E+00
  34 7.94E-01 1.32E+04 4.80E+14 1.74E+01 3.58E+00   17   0  1.18E-05 9.93E+00 2.23E+00
  35 8.45E-01 1.31E+04 4.84E+14 1.75E+01 3.61E+00   17   0  1.23E-05 9.77E+00 2.21E+00
  36 9.00E-01 1.29E+04 4.87E+14 1.77E+01 3.64E+00   17   0  1.29E-05 9.61E+00 2.19E+00
  37 9.58E-01 1.27E+04 4.91E+14 1.78E+01 3.66E+00   16   0  1.35E-05 9.45E+00 2.16E+00
  38 1.02E+00 1.25E+04 4.94E+14 1.79E+01 3.69E+00   16   0  1.41E-05 9.29E+00 2.13E+00
  39 1.09E+00 1.23E+04 4.98E+14 1.80E+01 3.71E+00   16   0  1.47E-05 9.12E+00 2.10E+00
  40 1.16E+00 1.22E+04 5.01E+14 1.82E+01 3.74E+00   16   0  1.53E-05 8.96E+00 2.08E+00
  41 1.23E+00 1.20E+04 5.05E+14 1.83E+01 3.76E+00   16   0  1.60E-05 8.79E+00 2.04E+00
  42 1.31E+00 1.19E+04 5.07E+14 1.84E+01 3.78E+00   16   0  1.66E-05 8.66E+00 2.02E+00
  43 1.40E+00 1.17E+04 5.10E+14 1.85E+01 3.81E+00   16   0  1.73E-05 8.49E+00 1.99E+00
  44 1.49E+00 1.16E+04 5.14E+14 1.86E+01 3.83E+00   16   0  1.81E-05 8.33E+00 1.96E+00
  45 1.58E+00 1.14E+04 5.17E+14 1.87E+01 3.86E+00   16   0  1.89E-05 8.17E+00 1.92E+00
  46 1.69E+00 1.12E+04 5.22E+14 1.89E+01 3.89E+00   16   0  1.98E-05 8.08E+00 1.87E+00
  47 1.80E+00 1.11E+04 5.25E+14 1.90E+01 3.92E+00   16   0  2.07E-05 7.93E+00 1.84E+00
  48 1.91E+00 1.10E+04 5.28E+14 1.91E+01 3.94E+00   15   0  2.16E-05 7.78E+00 1.81E+00
  49 2.04E+00 1.08E+04 5.32E+14 1.93E+01 3.97E+00   15   0  2.26E-05 7.64E+00 1.77E+00
  50 2.17E+00 1.07E+04 5.35E+14 1.94E+01 3.99E+00   15   0  2.36E-05 7.50E+00 1.74E+00
  51 2.31E+00 1.05E+04 5.39E+14 1.95E+01 4.03E+00   15   0  2.46E-05 7.39E+00 1.70E+00
  52 2.46E+00 1.04E+04 5.43E+14 1.97E+01 4.05E+00   15   0  2.57E-05 7.26E+00 1.66E+00
  53 2.62E+00 1.02E+04 5.46E+14 1.98E+01 4.08E+00   15   0  2.69E-05 7.12E+00 1.63E+00
  54 2.79E+00 1.02E+04 5.49E+14 1.99E+01 4.10E+00   15   0  2.78E-05 7.04E+00 1.60E+00
  55 2.97E+00 1.00E+04 5.52E+14 2.00E+01 4.12E+00   15   0  2.90E-05 6.92E+00 1.57E+00
  56 3.16E+00 9.89E+03 5.56E+14 2.01E+01 4.15E+00   15   0  3.03E-05 6.80E+00 1.54E+00
  57 3.36E+00 9.76E+03 5.60E+14 2.03E+01 4.18E+00   15   0  3.17E-05 6.69E+00 1.51E+00
  58 3.58E+00 9.64E+03 5.63E+14 2.04E+01 4.20E+00   15   0  3.31E-05 6.59E+00 1.47E+00
  59 3.81E+00 9.49E+03 5.68E+14 2.06E+01 4.24E+00   15   0  3.48E-05 6.55E+00 1.43E+00
  60 4.06E+00 9.37E+03 5.71E+14 2.07E+01 4.26E+00   14   0  3.64E-05 6.45E+00 1.40E+00
  61 4.32E+00 9.27E+03 5.74E+14 2.08E+01 4.29E+00   14   0  3.79E-05 6.53E+00 1.35E+00
  62 4.60E+00 9.15E+03 5.78E+14 2.09E+01 4.31E+00   14   0  3.96E-05 6.43E+00 1.32E+00
  63 4.90E+00 9.03E+03 5.82E+14 2.11E+01 4.34E+00   14   0  4.14E-05 6.35E+00 1.30E+00
  64 5.22E+00 8.91E+03 5.86E+14 2.12E+01 4.37E+00   14   0  4.33E-05 6.26E+00 1.27E+00
  65 5.56E+00 8.80E+03 5.90E+14 2.14E+01 4.40E+00   14   0  4.53E-05 6.18E+00 1.24E+00
  66 5.92E+00 8.68E+03 5.94E+14 2.15E+01 4.43E+00   14   0  4.74E-05 6.10E+00 1.22E+00
  67 6.30E+00 8.56E+03 5.98E+14 2.16E+01 4.46E+00   14   0  4.95E-05 6.03E+00 1.19E+00
  68 6.71E+00 8.45E+03 6.02E+14 2.18E+01 4.49E+00   14   0  5.18E-05 5.96E+00 1.17E+00
  69 7.14E+00 8.33E+03 6.06E+14 2.19E+01 4.52E+00   14   0  5.43E-05 5.89E+00 1.15E+00
  70 7.61E+00 8.26E+03 6.09E+14 2.20E+01 4.54E+00   14   0  5.61E-05 5.85E+00 1.13E+00
  71 8.10E+00 8.14E+03 6.13E+14 2.22E+01 4.57E+00   14   0  5.87E-05 5.79E+00 1.10E+00
  72 8.62E+00 8.03E+03 6.17E+14 2.24E+01 4.60E+00   14   0  6.15E-05 5.73E+00 1.08E+00
  73 9.18E+00 7.91E+03 6.22E+14 2.25E+01 4.64E+00   14   0  6.45E-05 5.67E+00 1.06E+00
  74 9.78E+00 7.80E+03 6.26E+14 2.27E+01 4.67E+00   14   0  6.76E-05 5.62E+00 1.04E+00
  75 1.04E+01 7.68E+03 6.31E+14 2.29E+01 4.71E+00   13   0  7.09E-05 5.57E+00 1.02E+00
  76 1.11E+01 7.57E+03 6.36E+14 2.30E+01 4.74E+00   13   0  7.43E-05 5.51E+00 1.00E+00
  77 1.18E+01 7.45E+03 6.41E+14 2.32E+01 4.78E+00   13   0  7.80E-05 5.46E+00 9.86E-01
  78 1.26E+01 7.34E+03 6.46E+14 2.34E+01 4.82E+00   13   0  8.18E-05 5.42E+00 9.69E-01
  79 1.34E+01 7.22E+03 6.51E+14 2.36E+01 4.86E+00   13   0  8.59E-05 5.38E+00 9.53E-01
  80 1.42E+01 7.10E+03 6.56E+14 2.38E+01 4.90E+00   13   0  9.02E-05 5.34E+00 9.37E-01
  81 1.52E+01 6.98E+03 6.62E+14 2.40E+01 4.94E+00   13   0  9.48E-05 5.30E+00 9.22E-01
  82 1.62E+01 6.86E+03 6.68E+14 2.42E+01 4.98E+00   13   0  9.96E-05 5.26E+00 9.08E-01
  83 1.72E+01 6.74E+03 6.74E+14 2.44E+01 5.03E+00   13   0  1.05E-04 5.22E+00 8.94E-01
  84 1.83E+01 6.58E+03 6.82E+14 2.47E+01 5.09E+00   13   1  1.10E-04 5.19E+00 8.76E-01
  85 1.95E+01 6.46E+03 6.88E+14 2.49E+01 5.13E+00   13   1  1.16E-04 5.16E+00 8.64E-01
  86 2.08E+01 6.34E+03 6.95E+14 2.52E+01 5.18E+00   13   1  1.22E-04 5.13E+00 8.52E-01
  87 2.21E+01 6.24E+03 7.00E+14 2.54E+01 5.22E+00   13   1  1.27E-04 5.13E+00 8.37E-01
  88 2.35E+01 6.11E+03 7.07E+14 2.56E+01 5.28E+00   13   1  1.34E-04 5.10E+00 8.27E-01
  89 2.51E+01 5.98E+03 7.15E+14 2.59E+01 5.33E+00   13   1  1.42E-04 5.06E+00 8.17E-01
  90 2.67E+01 5.85E+03 7.23E+14 2.62E+01 5.39E+00   12   1  1.49E-04 5.03E+00 8.07E-01
  91 2.84E+01 5.72E+03 7.31E+14 2.65E+01 5.45E+00   12   1  1.58E-04 5.00E+00 7.99E-01
  92 3.03E+01 5.59E+03 7.40E+14 2.68E+01 5.52E+00   12   1  1.67E-04 4.97E+00 7.90E-01
  93 3.22E+01 5.46E+03 7.48E+14 2.71E+01 5.58E+00   12   1  1.76E-04 4.94E+00 7.82E-01
  94 3.43E+01 5.32E+03 7.58E+14 2.75E+01 5.66E+00   12   1  1.86E-04 4.90E+00 7.75E-01
  95 3.65E+01 5.19E+03 7.68E+14 2.78E+01 5.73E+00   12   2  1.97E-04 4.87E+00 7.67E-01
  96 3.89E+01 5.05E+03 7.78E+14 2.82E+01 5.81E+00   12   2  2.09E-04 4.83E+00 7.61E-01
  97 4.14E+01 4.91E+03 7.89E+14 2.86E+01 5.89E+00   12   2  2.22E-04 4.80E+00 7.54E-01
  98 4.41E+01 4.77E+03 8.01E+14 2.90E+01 5.97E+00   12   2  2.35E-04 4.76E+00 7.49E-01
  99 4.70E+01 4.63E+03 8.12E+14 2.94E+01 6.06E+00   12   2  2.49E-04 4.73E+00 7.43E-01
 100 5.00E+01 4.49E+03 8.25E+14 2.99E+01 6.16E+00   12   2  2.65E-04 4.69E+00 7.38E-01
 ======================================================================================
   (1) Optical depth at 1.0E+01 microns
   (2) Bolometric flux at the inner radius 
   (3) Inner radius for L=1E4 Lsun
   (4) Ratio of the inner to the stellar radius
   (5) Angular size (in arcsec) when Fbol=1E-6 W/m2
   (6) Dust temperature at the outer edge (in K)
   (7) Maximum error in flux conservation (%)
   (8) Mass-loss rate (in Msun/yr)
   (9) Terminal outflow velocity (in km/s)
   (10) Upper limit of the stellar mass (in Msun)
 =================================================
  Everything is OK for all models
  Spectra are in files *.s##
 ========== THE END ==============================
