 ===========================
  Output from program Dusty 
  Version: 2.0
 ===========================
  
  INPUT parameters from file:
  year4_3100_800.inp                                                    
  
* ----------------------------------------------------------------------
* NOTES:
* This is a simple version of an input file producing a minimal output.
* ----------------------------------------------------------------------
  Central source spectrum described by a black body                       
  with temperature: 3100 K
  --------------------------------------------
  Abundances for supported grains:
  Sil-Ow Sil-Oc Sil-DL grf-DL amC-Hn SiC-Pg
  1.000  0.000  0.000  0.000  0.000  0.000
  MRN size distribution:
       Power q:  3.5
  Minimal size: 5.00E-03 microns
  Maximal size: 2.50E-01 microns
  --------------------------------------------
  Dust temperature on the inner boundary: 800  K
  --------------------------------------------
  Density for radiatively driven winds from
  full dynamic calculation.
  Relative thickness: 1.000E+04
  --------------------------------------------
  Optical depths at 1.0E+01 microns
  ranging from 1.00E-01 to 5.00E+01
  100 models with logarithmic grid           
  Required accuracy: 5%
  --------------------------------------------
  
  ====================================================  
  For compliance with the point-source assumption, the
  following results should only be applied to sources 
  whose effective temperature exceeds 1605 K.
  ====================================================
          
  RESULTS:
  --------
 ###   tau0   F1(W/m2)  r1(cm)    r1/rc   theta1  Td(Y) err   Mdot      Ve       M> 
 ###     1        2        3        4        5      6    7      8        9       10 
 ======================================================================================
   1 1.00E-01 1.89E+04 4.03E+14 1.67E+01 3.00E+00   20   0  2.82E-06 1.41E+01 2.23E+00
   2 1.06E-01 1.86E+04 4.05E+14 1.68E+01 3.02E+00   20   0  2.97E-06 1.42E+01 2.27E+00
   3 1.13E-01 1.83E+04 4.08E+14 1.69E+01 3.05E+00   19   0  3.16E-06 1.43E+01 2.32E+00
   4 1.21E-01 1.81E+04 4.11E+14 1.70E+01 3.06E+00   19   0  3.32E-06 1.43E+01 2.36E+00
   5 1.29E-01 1.79E+04 4.13E+14 1.71E+01 3.08E+00   19   0  3.48E-06 1.43E+01 2.39E+00
   6 1.37E-01 1.77E+04 4.16E+14 1.72E+01 3.10E+00   19   0  3.66E-06 1.43E+01 2.43E+00
   7 1.46E-01 1.74E+04 4.19E+14 1.73E+01 3.13E+00   19   0  3.84E-06 1.43E+01 2.46E+00
   8 1.55E-01 1.72E+04 4.22E+14 1.75E+01 3.15E+00   19   0  4.03E-06 1.43E+01 2.50E+00
   9 1.65E-01 1.69E+04 4.25E+14 1.76E+01 3.17E+00   19   0  4.23E-06 1.42E+01 2.53E+00
  10 1.76E-01 1.67E+04 4.28E+14 1.77E+01 3.19E+00   19   0  4.44E-06 1.42E+01 2.55E+00
  11 1.87E-01 1.65E+04 4.31E+14 1.78E+01 3.22E+00   19   0  4.66E-06 1.41E+01 2.58E+00
  12 1.99E-01 1.62E+04 4.34E+14 1.80E+01 3.24E+00   19   0  4.89E-06 1.40E+01 2.60E+00
  13 2.12E-01 1.60E+04 4.37E+14 1.81E+01 3.26E+00   19   0  5.12E-06 1.39E+01 2.63E+00
  14 2.26E-01 1.57E+04 4.41E+14 1.82E+01 3.29E+00   19   0  5.37E-06 1.38E+01 2.64E+00
  15 2.41E-01 1.55E+04 4.44E+14 1.84E+01 3.31E+00   18   0  5.62E-06 1.37E+01 2.66E+00
  16 2.56E-01 1.53E+04 4.48E+14 1.85E+01 3.34E+00   18   0  5.89E-06 1.36E+01 2.67E+00
  17 2.73E-01 1.50E+04 4.51E+14 1.87E+01 3.37E+00   18   0  6.16E-06 1.34E+01 2.68E+00
  18 2.91E-01 1.48E+04 4.55E+14 1.88E+01 3.39E+00   18   0  6.45E-06 1.33E+01 2.69E+00
  19 3.10E-01 1.46E+04 4.58E+14 1.90E+01 3.42E+00   18   0  6.74E-06 1.31E+01 2.69E+00
  20 3.30E-01 1.43E+04 4.62E+14 1.91E+01 3.45E+00   18   0  7.05E-06 1.29E+01 2.69E+00
  21 3.51E-01 1.41E+04 4.65E+14 1.93E+01 3.47E+00   18   0  7.36E-06 1.27E+01 2.69E+00
  22 3.74E-01 1.39E+04 4.69E+14 1.94E+01 3.50E+00   18   0  7.68E-06 1.25E+01 2.68E+00
  23 3.98E-01 1.37E+04 4.73E+14 1.96E+01 3.53E+00   18   0  8.02E-06 1.23E+01 2.67E+00
  24 4.24E-01 1.35E+04 4.76E+14 1.97E+01 3.55E+00   17   0  8.36E-06 1.21E+01 2.65E+00
  25 4.51E-01 1.33E+04 4.80E+14 1.99E+01 3.58E+00   17   0  8.71E-06 1.18E+01 2.64E+00
  26 4.80E-01 1.31E+04 4.83E+14 2.00E+01 3.61E+00   17   0  9.08E-06 1.16E+01 2.62E+00
  27 5.11E-01 1.29E+04 4.87E+14 2.02E+01 3.63E+00   17   0  9.45E-06 1.13E+01 2.59E+00
  28 5.45E-01 1.27E+04 4.91E+14 2.03E+01 3.66E+00   17   0  9.83E-06 1.10E+01 2.57E+00
  29 5.80E-01 1.25E+04 4.94E+14 2.05E+01 3.69E+00   17   0  1.02E-05 1.08E+01 2.54E+00
  30 6.17E-01 1.23E+04 4.98E+14 2.06E+01 3.72E+00   17   0  1.06E-05 1.05E+01 2.51E+00
  31 6.57E-01 1.22E+04 5.02E+14 2.08E+01 3.74E+00   17   0  1.11E-05 1.04E+01 2.49E+00
  32 7.00E-01 1.20E+04 5.05E+14 2.09E+01 3.77E+00   17   0  1.16E-05 1.02E+01 2.47E+00
  33 7.45E-01 1.18E+04 5.09E+14 2.11E+01 3.80E+00   17   0  1.21E-05 1.00E+01 2.45E+00
  34 7.94E-01 1.17E+04 5.12E+14 2.12E+01 3.82E+00   16   0  1.27E-05 9.85E+00 2.42E+00
  35 8.45E-01 1.15E+04 5.16E+14 2.14E+01 3.85E+00   16   0  1.33E-05 9.68E+00 2.39E+00
  36 9.00E-01 1.13E+04 5.19E+14 2.15E+01 3.87E+00   16   0  1.38E-05 9.51E+00 2.36E+00
  37 9.58E-01 1.12E+04 5.23E+14 2.16E+01 3.90E+00   16   0  1.44E-05 9.34E+00 2.33E+00
  38 1.02E+00 1.10E+04 5.26E+14 2.18E+01 3.93E+00   16   0  1.51E-05 9.17E+00 2.29E+00
  39 1.09E+00 1.09E+04 5.30E+14 2.19E+01 3.95E+00   16   0  1.57E-05 9.00E+00 2.26E+00
  40 1.16E+00 1.08E+04 5.33E+14 2.21E+01 3.98E+00   16   0  1.64E-05 8.83E+00 2.22E+00
  41 1.23E+00 1.06E+04 5.37E+14 2.22E+01 4.00E+00   16   0  1.71E-05 8.65E+00 2.19E+00
  42 1.31E+00 1.05E+04 5.39E+14 2.23E+01 4.02E+00   16   0  1.77E-05 8.52E+00 2.16E+00
  43 1.40E+00 1.04E+04 5.42E+14 2.25E+01 4.05E+00   16   0  1.85E-05 8.35E+00 2.12E+00
  44 1.49E+00 1.02E+04 5.47E+14 2.26E+01 4.08E+00   16   0  1.93E-05 8.21E+00 2.08E+00
  45 1.58E+00 1.01E+04 5.50E+14 2.28E+01 4.11E+00   15   0  2.01E-05 8.05E+00 2.04E+00
  46 1.69E+00 9.95E+03 5.54E+14 2.30E+01 4.14E+00   15   0  2.11E-05 7.96E+00 1.98E+00
  47 1.80E+00 9.83E+03 5.58E+14 2.31E+01 4.16E+00   15   0  2.20E-05 7.80E+00 1.94E+00
  48 1.91E+00 9.71E+03 5.61E+14 2.32E+01 4.19E+00   15   0  2.30E-05 7.66E+00 1.90E+00
  49 2.04E+00 9.59E+03 5.65E+14 2.34E+01 4.21E+00   15   0  2.40E-05 7.51E+00 1.86E+00
  50 2.17E+00 9.47E+03 5.68E+14 2.35E+01 4.24E+00   15   0  2.50E-05 7.37E+00 1.82E+00
  51 2.31E+00 9.36E+03 5.72E+14 2.37E+01 4.27E+00   15   0  2.61E-05 7.24E+00 1.79E+00
  52 2.46E+00 9.24E+03 5.75E+14 2.38E+01 4.29E+00   15   0  2.72E-05 7.09E+00 1.75E+00
  53 2.62E+00 9.13E+03 5.79E+14 2.40E+01 4.32E+00   15   0  2.84E-05 6.97E+00 1.71E+00
  54 2.79E+00 9.06E+03 5.81E+14 2.41E+01 4.34E+00   15   0  2.93E-05 6.88E+00 1.68E+00
  55 2.97E+00 8.95E+03 5.85E+14 2.42E+01 4.36E+00   15   0  3.06E-05 6.76E+00 1.64E+00
  56 3.16E+00 8.84E+03 5.88E+14 2.43E+01 4.39E+00   15   0  3.20E-05 6.65E+00 1.61E+00
  57 3.36E+00 8.73E+03 5.92E+14 2.45E+01 4.41E+00   14   0  3.34E-05 6.54E+00 1.57E+00
  58 3.58E+00 8.63E+03 5.95E+14 2.46E+01 4.44E+00   14   0  3.49E-05 6.43E+00 1.54E+00
  59 3.81E+00 8.50E+03 6.00E+14 2.48E+01 4.47E+00   14   1  3.66E-05 6.40E+00 1.49E+00
  60 4.06E+00 8.40E+03 6.03E+14 2.50E+01 4.50E+00   14   1  3.83E-05 6.31E+00 1.46E+00
  61 4.32E+00 8.32E+03 6.06E+14 2.51E+01 4.52E+00   14   0  3.98E-05 6.38E+00 1.40E+00
  62 4.60E+00 8.22E+03 6.10E+14 2.53E+01 4.55E+00   14   0  4.16E-05 6.29E+00 1.37E+00
  63 4.90E+00 8.12E+03 6.14E+14 2.54E+01 4.58E+00   14   0  4.34E-05 6.21E+00 1.34E+00
  64 5.22E+00 8.02E+03 6.17E+14 2.56E+01 4.61E+00   14   0  4.54E-05 6.12E+00 1.31E+00
  65 5.56E+00 7.92E+03 6.21E+14 2.57E+01 4.64E+00   14   0  4.74E-05 6.04E+00 1.28E+00
  66 5.92E+00 7.83E+03 6.25E+14 2.59E+01 4.66E+00   14   0  4.96E-05 5.97E+00 1.26E+00
  67 6.30E+00 7.73E+03 6.29E+14 2.60E+01 4.69E+00   14   0  5.18E-05 5.90E+00 1.23E+00
  68 6.71E+00 7.63E+03 6.33E+14 2.62E+01 4.72E+00   14   0  5.42E-05 5.83E+00 1.20E+00
  69 7.14E+00 7.54E+03 6.37E+14 2.64E+01 4.75E+00   14   0  5.67E-05 5.76E+00 1.18E+00
  70 7.61E+00 7.47E+03 6.40E+14 2.65E+01 4.77E+00   14   0  5.85E-05 5.72E+00 1.16E+00
  71 8.10E+00 7.37E+03 6.44E+14 2.67E+01 4.80E+00   13   0  6.13E-05 5.66E+00 1.13E+00
  72 8.62E+00 7.28E+03 6.48E+14 2.68E+01 4.84E+00   13   0  6.41E-05 5.60E+00 1.11E+00
  73 9.18E+00 7.18E+03 6.53E+14 2.70E+01 4.87E+00   13   0  6.72E-05 5.55E+00 1.09E+00
  74 9.78E+00 7.08E+03 6.57E+14 2.72E+01 4.90E+00   13   0  7.03E-05 5.49E+00 1.07E+00
  75 1.04E+01 6.99E+03 6.62E+14 2.74E+01 4.94E+00   13   0  7.37E-05 5.44E+00 1.05E+00
  76 1.11E+01 6.89E+03 6.66E+14 2.76E+01 4.97E+00   13   0  7.73E-05 5.39E+00 1.03E+00
  77 1.18E+01 6.79E+03 6.71E+14 2.78E+01 5.01E+00   13   0  8.10E-05 5.34E+00 1.01E+00
  78 1.26E+01 6.69E+03 6.76E+14 2.80E+01 5.04E+00   13   0  8.49E-05 5.30E+00 9.89E-01
  79 1.34E+01 6.59E+03 6.81E+14 2.82E+01 5.08E+00   13   0  8.91E-05 5.26E+00 9.72E-01
  80 1.42E+01 6.49E+03 6.86E+14 2.84E+01 5.12E+00   13   0  9.35E-05 5.22E+00 9.55E-01
  81 1.52E+01 6.39E+03 6.92E+14 2.86E+01 5.16E+00   13   0  9.82E-05 5.18E+00 9.39E-01
  82 1.62E+01 6.29E+03 6.97E+14 2.89E+01 5.20E+00   13   0  1.03E-04 5.15E+00 9.24E-01
  83 1.72E+01 6.18E+03 7.03E+14 2.91E+01 5.25E+00   13   1  1.08E-04 5.11E+00 9.10E-01
  84 1.83E+01 6.08E+03 7.09E+14 2.94E+01 5.29E+00   13   1  1.14E-04 5.08E+00 8.96E-01
  85 1.95E+01 5.97E+03 7.15E+14 2.96E+01 5.34E+00   13   1  1.20E-04 5.05E+00 8.82E-01
  86 2.08E+01 5.87E+03 7.22E+14 2.99E+01 5.39E+00   13   1  1.26E-04 5.02E+00 8.70E-01
  87 2.21E+01 5.79E+03 7.27E+14 3.01E+01 5.42E+00   12   1  1.32E-04 5.02E+00 8.53E-01
  88 2.35E+01 5.64E+03 7.36E+14 3.05E+01 5.49E+00   12   1  1.38E-04 5.00E+00 8.37E-01
  89 2.51E+01 5.53E+03 7.43E+14 3.08E+01 5.55E+00   12   1  1.46E-04 4.97E+00 8.27E-01
  90 2.67E+01 5.42E+03 7.51E+14 3.11E+01 5.60E+00   12   1  1.54E-04 4.94E+00 8.17E-01
  91 2.84E+01 5.31E+03 7.59E+14 3.14E+01 5.66E+00   12   1  1.62E-04 4.91E+00 8.07E-01
  92 3.03E+01 5.20E+03 7.67E+14 3.18E+01 5.72E+00   12   1  1.71E-04 4.88E+00 7.98E-01
  93 3.22E+01 5.08E+03 7.76E+14 3.21E+01 5.79E+00   12   1  1.81E-04 4.85E+00 7.90E-01
  94 3.43E+01 4.96E+03 7.85E+14 3.25E+01 5.86E+00   12   1  1.91E-04 4.82E+00 7.82E-01
  95 3.65E+01 4.84E+03 7.95E+14 3.29E+01 5.93E+00   12   2  2.02E-04 4.78E+00 7.74E-01
  96 3.89E+01 4.72E+03 8.05E+14 3.33E+01 6.00E+00   12   2  2.14E-04 4.75E+00 7.67E-01
  97 4.14E+01 4.60E+03 8.15E+14 3.37E+01 6.08E+00   12   2  2.27E-04 4.72E+00 7.60E-01
  98 4.41E+01 4.48E+03 8.26E+14 3.42E+01 6.16E+00   12   2  2.40E-04 4.69E+00 7.54E-01
  99 4.70E+01 4.36E+03 8.38E+14 3.47E+01 6.25E+00   12   2  2.55E-04 4.65E+00 7.48E-01
 100 5.00E+01 4.23E+03 8.50E+14 3.52E+01 6.34E+00   11   2  2.70E-04 4.62E+00 7.42E-01
 ======================================================================================
   (1) Optical depth at 1.0E+01 microns
   (2) Bolometric flux at the inner radius 
   (3) Inner radius for L=1E4 Lsun
   (4) Ratio of the inner to the stellar radius
   (5) Angular size (in arcsec) when Fbol=1E-6 W/m2
   (6) Dust temperature at the outer edge (in K)
   (7) Maximum error in flux conservation (%)
   (8) Mass-loss rate (in Msun/yr)
   (9) Terminal outflow velocity (in km/s)
   (10) Upper limit of the stellar mass (in Msun)
 =================================================
  Everything is OK for all models
  Spectra are in files *.s##
 ========== THE END ==============================
