 ===========================
  Output from program Dusty 
  Version: 2.0
 ===========================
  
  INPUT parameters from file:
  year4_3000_600.inp                                                    
  
* ----------------------------------------------------------------------
* NOTES:
* This is a simple version of an input file producing a minimal output.
* ----------------------------------------------------------------------
  Central source spectrum described by a black body                       
  with temperature: 3000 K
  --------------------------------------------
  Abundances for supported grains:
  Sil-Ow Sil-Oc Sil-DL grf-DL amC-Hn SiC-Pg
  1.000  0.000  0.000  0.000  0.000  0.000
  MRN size distribution:
       Power q:  3.5
  Minimal size: 5.00E-03 microns
  Maximal size: 2.50E-01 microns
  --------------------------------------------
  Dust temperature on the inner boundary: 600  K
  --------------------------------------------
  Density for radiatively driven winds from
  full dynamic calculation.
  Relative thickness: 1.000E+04
  --------------------------------------------
  Optical depths at 1.0E+01 microns
  ranging from 1.00E-01 to 5.00E+01
  100 models with logarithmic grid           
  Required accuracy: 5%
  --------------------------------------------
  
  ====================================================  
  For compliance with the point-source assumption, the
  following results should only be applied to sources 
  whose effective temperature exceeds 1243 K.
  ====================================================
          
  RESULTS:
  --------
 ###   tau0   F1(W/m2)  r1(cm)    r1/rc   theta1  Td(Y) err   Mdot      Ve       M> 
 ###     1        2        3        4        5      6    7      8        9       10 
 ======================================================================================
   1 1.00E-01 6.84E+03 6.69E+14 2.59E+01 4.99E+00   16   0  3.53E-06 1.07E+01 2.10E+00
   2 1.06E-01 6.76E+03 6.72E+14 2.61E+01 5.02E+00   16   0  3.71E-06 1.07E+01 2.14E+00
   3 1.13E-01 6.66E+03 6.78E+14 2.63E+01 5.06E+00   16   0  3.95E-06 1.08E+01 2.18E+00
   4 1.21E-01 6.58E+03 6.82E+14 2.64E+01 5.09E+00   16   0  4.15E-06 1.08E+01 2.22E+00
   5 1.29E-01 6.49E+03 6.86E+14 2.66E+01 5.12E+00   16   0  4.36E-06 1.08E+01 2.26E+00
   6 1.37E-01 6.41E+03 6.91E+14 2.68E+01 5.15E+00   16   0  4.58E-06 1.08E+01 2.29E+00
   7 1.46E-01 6.33E+03 6.95E+14 2.70E+01 5.19E+00   16   0  4.81E-06 1.08E+01 2.32E+00
   8 1.55E-01 6.24E+03 7.00E+14 2.71E+01 5.22E+00   16   0  5.05E-06 1.08E+01 2.36E+00
   9 1.65E-01 6.15E+03 7.05E+14 2.73E+01 5.26E+00   16   0  5.30E-06 1.08E+01 2.39E+00
  10 1.76E-01 6.06E+03 7.10E+14 2.75E+01 5.30E+00   16   0  5.57E-06 1.07E+01 2.42E+00
  11 1.87E-01 5.98E+03 7.15E+14 2.77E+01 5.34E+00   16   0  5.84E-06 1.07E+01 2.44E+00
  12 1.99E-01 5.89E+03 7.21E+14 2.79E+01 5.38E+00   16   0  6.13E-06 1.06E+01 2.47E+00
  13 2.12E-01 5.80E+03 7.26E+14 2.82E+01 5.42E+00   16   0  6.43E-06 1.06E+01 2.49E+00
  14 2.26E-01 5.71E+03 7.32E+14 2.84E+01 5.46E+00   16   0  6.74E-06 1.05E+01 2.51E+00
  15 2.41E-01 5.62E+03 7.37E+14 2.86E+01 5.50E+00   16   0  7.06E-06 1.04E+01 2.52E+00
  16 2.56E-01 5.53E+03 7.43E+14 2.88E+01 5.55E+00   15   0  7.40E-06 1.03E+01 2.54E+00
  17 2.73E-01 5.45E+03 7.49E+14 2.90E+01 5.59E+00   15   0  7.75E-06 1.02E+01 2.55E+00
  18 2.91E-01 5.36E+03 7.55E+14 2.93E+01 5.63E+00   15   0  8.11E-06 1.01E+01 2.56E+00
  19 3.10E-01 5.28E+03 7.61E+14 2.95E+01 5.68E+00   15   0  8.49E-06 1.00E+01 2.56E+00
  20 3.30E-01 5.19E+03 7.67E+14 2.98E+01 5.73E+00   15   0  8.88E-06 9.88E+00 2.57E+00
  21 3.51E-01 5.11E+03 7.74E+14 3.00E+01 5.77E+00   15   0  9.28E-06 9.74E+00 2.57E+00
  22 3.74E-01 5.03E+03 7.80E+14 3.02E+01 5.82E+00   15   0  9.70E-06 9.59E+00 2.56E+00
  23 3.98E-01 4.95E+03 7.86E+14 3.05E+01 5.87E+00   15   0  1.01E-05 9.43E+00 2.56E+00
  24 4.24E-01 4.87E+03 7.92E+14 3.07E+01 5.91E+00   15   0  1.06E-05 9.27E+00 2.55E+00
  25 4.51E-01 4.79E+03 7.99E+14 3.10E+01 5.96E+00   15   0  1.10E-05 9.09E+00 2.53E+00
  26 4.80E-01 4.72E+03 8.05E+14 3.12E+01 6.01E+00   15   0  1.15E-05 8.91E+00 2.52E+00
  27 5.11E-01 4.64E+03 8.11E+14 3.15E+01 6.05E+00   14   0  1.20E-05 8.72E+00 2.50E+00
  28 5.45E-01 4.57E+03 8.18E+14 3.17E+01 6.10E+00   14   0  1.25E-05 8.52E+00 2.48E+00
  29 5.80E-01 4.50E+03 8.24E+14 3.20E+01 6.15E+00   14   0  1.30E-05 8.32E+00 2.45E+00
  30 6.17E-01 4.43E+03 8.31E+14 3.22E+01 6.20E+00   14   0  1.35E-05 8.11E+00 2.43E+00
  31 6.57E-01 4.37E+03 8.37E+14 3.24E+01 6.24E+00   14   0  1.41E-05 7.94E+00 2.40E+00
  32 7.00E-01 4.30E+03 8.43E+14 3.27E+01 6.29E+00   14   0  1.47E-05 7.82E+00 2.38E+00
  33 7.45E-01 4.23E+03 8.50E+14 3.29E+01 6.34E+00   14   0  1.54E-05 7.70E+00 2.36E+00
  34 7.94E-01 4.17E+03 8.56E+14 3.32E+01 6.39E+00   14   0  1.61E-05 7.57E+00 2.34E+00
  35 8.45E-01 4.11E+03 8.63E+14 3.34E+01 6.44E+00   14   0  1.68E-05 7.45E+00 2.32E+00
  36 9.00E-01 4.05E+03 8.69E+14 3.37E+01 6.48E+00   14   0  1.76E-05 7.32E+00 2.29E+00
  37 9.58E-01 3.99E+03 8.75E+14 3.39E+01 6.53E+00   14   0  1.84E-05 7.19E+00 2.26E+00
  38 1.02E+00 3.93E+03 8.82E+14 3.42E+01 6.58E+00   14   0  1.92E-05 7.07E+00 2.23E+00
  39 1.09E+00 3.88E+03 8.88E+14 3.44E+01 6.63E+00   13   0  2.01E-05 6.94E+00 2.20E+00
  40 1.16E+00 3.82E+03 8.95E+14 3.47E+01 6.67E+00   13   0  2.10E-05 6.81E+00 2.17E+00
  41 1.23E+00 3.77E+03 9.01E+14 3.49E+01 6.72E+00   13   0  2.19E-05 6.68E+00 2.14E+00
  42 1.31E+00 3.73E+03 9.05E+14 3.51E+01 6.75E+00   13   0  2.27E-05 6.58E+00 2.12E+00
  43 1.40E+00 3.68E+03 9.12E+14 3.53E+01 6.80E+00   13   0  2.37E-05 6.45E+00 2.08E+00
  44 1.49E+00 3.63E+03 9.18E+14 3.56E+01 6.85E+00   13   0  2.47E-05 6.33E+00 2.05E+00
  45 1.58E+00 3.57E+03 9.25E+14 3.59E+01 6.90E+00   13   0  2.58E-05 6.21E+00 2.01E+00
  46 1.69E+00 3.51E+03 9.33E+14 3.62E+01 6.96E+00   13   0  2.71E-05 6.14E+00 1.96E+00
  47 1.80E+00 3.46E+03 9.40E+14 3.64E+01 7.01E+00   13   0  2.84E-05 6.02E+00 1.92E+00
  48 1.91E+00 3.42E+03 9.46E+14 3.67E+01 7.06E+00   13   0  2.96E-05 5.91E+00 1.88E+00
  49 2.04E+00 3.37E+03 9.53E+14 3.69E+01 7.11E+00   13   0  3.09E-05 5.80E+00 1.85E+00
  50 2.17E+00 3.31E+03 9.61E+14 3.72E+01 7.17E+00   13   0  3.23E-05 5.71E+00 1.81E+00
  51 2.31E+00 3.27E+03 9.67E+14 3.75E+01 7.22E+00   13   0  3.37E-05 5.61E+00 1.77E+00
  52 2.46E+00 3.22E+03 9.74E+14 3.78E+01 7.27E+00   12   0  3.53E-05 5.51E+00 1.74E+00
  53 2.62E+00 3.18E+03 9.81E+14 3.80E+01 7.32E+00   12   0  3.69E-05 5.40E+00 1.70E+00
  54 2.79E+00 3.15E+03 9.86E+14 3.82E+01 7.35E+00   12   0  3.81E-05 5.33E+00 1.68E+00
  55 2.97E+00 3.10E+03 9.92E+14 3.85E+01 7.41E+00   12   0  3.98E-05 5.24E+00 1.64E+00
  56 3.16E+00 3.06E+03 1.00E+15 3.88E+01 7.46E+00   12   0  4.16E-05 5.15E+00 1.61E+00
  57 3.36E+00 3.02E+03 1.01E+15 3.90E+01 7.51E+00   12   0  4.35E-05 5.07E+00 1.57E+00
  58 3.58E+00 2.98E+03 1.01E+15 3.93E+01 7.56E+00   12   0  4.55E-05 4.98E+00 1.54E+00
  59 3.81E+00 2.92E+03 1.02E+15 3.96E+01 7.63E+00   12   0  4.79E-05 4.96E+00 1.50E+00
  60 4.06E+00 2.88E+03 1.03E+15 3.99E+01 7.69E+00   12   0  5.01E-05 4.88E+00 1.47E+00
  61 4.32E+00 2.85E+03 1.04E+15 4.02E+01 7.73E+00   12   0  5.22E-05 4.94E+00 1.42E+00
  62 4.60E+00 2.81E+03 1.04E+15 4.05E+01 7.79E+00   12   0  5.46E-05 4.86E+00 1.39E+00
  63 4.90E+00 2.77E+03 1.05E+15 4.08E+01 7.84E+00   12   0  5.71E-05 4.80E+00 1.36E+00
  64 5.22E+00 2.73E+03 1.06E+15 4.11E+01 7.90E+00   12   0  5.97E-05 4.73E+00 1.33E+00
  65 5.56E+00 2.69E+03 1.07E+15 4.14E+01 7.96E+00   12   0  6.25E-05 4.67E+00 1.30E+00
  66 5.92E+00 2.65E+03 1.07E+15 4.17E+01 8.02E+00   11   0  6.54E-05 4.60E+00 1.28E+00
  67 6.30E+00 2.61E+03 1.08E+15 4.20E+01 8.08E+00   11   0  6.85E-05 4.55E+00 1.25E+00
  68 6.71E+00 2.57E+03 1.09E+15 4.23E+01 8.14E+00   11   0  7.17E-05 4.49E+00 1.23E+00
  69 7.14E+00 2.53E+03 1.10E+15 4.26E+01 8.21E+00   11   0  7.51E-05 4.44E+00 1.20E+00
  70 7.61E+00 2.50E+03 1.11E+15 4.29E+01 8.25E+00   11   0  7.77E-05 4.40E+00 1.18E+00
  71 8.10E+00 2.46E+03 1.11E+15 4.32E+01 8.31E+00   11   0  8.15E-05 4.35E+00 1.16E+00
  72 8.62E+00 2.42E+03 1.12E+15 4.36E+01 8.38E+00   11   0  8.54E-05 4.30E+00 1.14E+00
  73 9.18E+00 2.38E+03 1.13E+15 4.39E+01 8.45E+00   11   0  8.96E-05 4.25E+00 1.12E+00
  74 9.78E+00 2.35E+03 1.14E+15 4.43E+01 8.52E+00   11   0  9.40E-05 4.21E+00 1.10E+00
  75 1.04E+01 2.31E+03 1.15E+15 4.46E+01 8.59E+00   11   0  9.86E-05 4.16E+00 1.08E+00
  76 1.11E+01 2.27E+03 1.16E+15 4.50E+01 8.66E+00   11   0  1.04E-04 4.12E+00 1.06E+00
  77 1.18E+01 2.23E+03 1.17E+15 4.54E+01 8.74E+00   11   0  1.09E-04 4.08E+00 1.04E+00
  78 1.26E+01 2.19E+03 1.18E+15 4.58E+01 8.82E+00   11   0  1.14E-04 4.04E+00 1.02E+00
  79 1.34E+01 2.15E+03 1.19E+15 4.62E+01 8.90E+00   11   0  1.20E-04 4.01E+00 1.00E+00
  80 1.42E+01 2.11E+03 1.20E+15 4.66E+01 8.98E+00   11   0  1.26E-04 3.97E+00 9.86E-01
  81 1.52E+01 2.06E+03 1.22E+15 4.72E+01 9.08E+00   11   0  1.32E-04 3.94E+00 9.64E-01
  82 1.62E+01 2.02E+03 1.23E+15 4.77E+01 9.17E+00   10   1  1.39E-04 3.91E+00 9.49E-01
  83 1.72E+01 1.99E+03 1.24E+15 4.81E+01 9.26E+00   10   1  1.46E-04 3.88E+00 9.34E-01
  84 1.83E+01 1.95E+03 1.25E+15 4.86E+01 9.35E+00   10   1  1.54E-04 3.85E+00 9.20E-01
  85 1.95E+01 1.91E+03 1.27E+15 4.91E+01 9.45E+00   10   1  1.62E-04 3.82E+00 9.07E-01
  86 2.08E+01 1.87E+03 1.28E+15 4.96E+01 9.54E+00   10   1  1.70E-04 3.79E+00 8.94E-01
  87 2.21E+01 1.84E+03 1.29E+15 5.00E+01 9.62E+00   10   1  1.78E-04 3.79E+00 8.78E-01
  88 2.35E+01 1.80E+03 1.30E+15 5.05E+01 9.73E+00   10   1  1.88E-04 3.76E+00 8.66E-01
  89 2.51E+01 1.76E+03 1.32E+15 5.11E+01 9.83E+00   10   1  1.98E-04 3.73E+00 8.55E-01
  90 2.67E+01 1.72E+03 1.33E+15 5.17E+01 9.94E+00   10   1  2.09E-04 3.70E+00 8.44E-01
  91 2.84E+01 1.68E+03 1.35E+15 5.23E+01 1.01E+01   10   1  2.21E-04 3.67E+00 8.34E-01
  92 3.03E+01 1.64E+03 1.36E+15 5.29E+01 1.02E+01   10   1  2.33E-04 3.65E+00 8.24E-01
  93 3.22E+01 1.60E+03 1.38E+15 5.35E+01 1.03E+01   10   1  2.46E-04 3.62E+00 8.15E-01
  94 3.43E+01 1.56E+03 1.40E+15 5.42E+01 1.04E+01   10   1  2.60E-04 3.59E+00 8.06E-01
  95 3.65E+01 1.52E+03 1.42E+15 5.49E+01 1.06E+01   10   2  2.75E-04 3.56E+00 7.97E-01
  96 3.89E+01 1.48E+03 1.44E+15 5.57E+01 1.07E+01    9   2 2.91E-04 3.53E+00 7.89E-01
  97 4.14E+01 1.44E+03 1.46E+15 5.64E+01 1.09E+01    9   2 3.08E-04 3.50E+00 7.81E-01
  98 4.41E+01 1.40E+03 1.48E+15 5.72E+01 1.10E+01    9   2 3.27E-04 3.47E+00 7.73E-01
  99 4.70E+01 1.36E+03 1.50E+15 5.81E+01 1.12E+01    9   2 3.46E-04 3.45E+00 7.66E-01
 100 5.00E+01 1.32E+03 1.52E+15 5.89E+01 1.13E+01    9   2 3.68E-04 3.41E+00 7.59E-01
 ======================================================================================
   (1) Optical depth at 1.0E+01 microns
   (2) Bolometric flux at the inner radius 
   (3) Inner radius for L=1E4 Lsun
   (4) Ratio of the inner to the stellar radius
   (5) Angular size (in arcsec) when Fbol=1E-6 W/m2
   (6) Dust temperature at the outer edge (in K)
   (7) Maximum error in flux conservation (%)
   (8) Mass-loss rate (in Msun/yr)
   (9) Terminal outflow velocity (in km/s)
   (10) Upper limit of the stellar mass (in Msun)
 =================================================
  Everything is OK for all models
  Spectra are in files *.s##
 ========== THE END ==============================
