 ===========================
  Output from program Dusty 
  Version: 2.0
 ===========================
  
  INPUT parameters from file:
  year4_3500_600.inp                                                    
  
* ----------------------------------------------------------------------
* NOTES:
* This is a simple version of an input file producing a minimal output.
* ----------------------------------------------------------------------
  Central source spectrum described by a black body                       
  with temperature: 3500 K
  --------------------------------------------
  Abundances for supported grains:
  Sil-Ow Sil-Oc Sil-DL grf-DL amC-Hn SiC-Pg
  1.000  0.000  0.000  0.000  0.000  0.000
  MRN size distribution:
       Power q:  3.5
  Minimal size: 5.00E-03 microns
  Maximal size: 2.50E-01 microns
  --------------------------------------------
  Dust temperature on the inner boundary: 600  K
  --------------------------------------------
  Density for radiatively driven winds from
  full dynamic calculation.
  Relative thickness: 1.000E+04
  --------------------------------------------
  Optical depths at 1.0E+01 microns
  ranging from 1.00E-01 to 5.00E+01
  100 models with logarithmic grid           
  Required accuracy: 5%
  --------------------------------------------
  
  ====================================================  
  For compliance with the point-source assumption, the
  following results should only be applied to sources 
  whose effective temperature exceeds 1200 K.
  ====================================================
          
  RESULTS:
  --------
 ###   tau0   F1(W/m2)  r1(cm)    r1/rc   theta1  Td(Y) err   Mdot      Ve       M> 
 ###     1        2        3        4        5      6    7      8        9       10 
 ======================================================================================
   1 1.00E-01 5.11E+03 7.73E+14 4.08E+01 5.77E+00   16   0  4.37E-06 1.13E+01 2.78E+00
   2 1.06E-01 5.05E+03 7.78E+14 4.11E+01 5.81E+00   16   0  4.59E-06 1.13E+01 2.83E+00
   3 1.13E-01 4.96E+03 7.85E+14 4.14E+01 5.86E+00   16   0  4.88E-06 1.14E+01 2.88E+00
   4 1.21E-01 4.89E+03 7.91E+14 4.17E+01 5.90E+00   16   0  5.12E-06 1.14E+01 2.92E+00
   5 1.29E-01 4.82E+03 7.96E+14 4.20E+01 5.94E+00   16   0  5.38E-06 1.14E+01 2.96E+00
   6 1.37E-01 4.75E+03 8.02E+14 4.23E+01 5.98E+00   16   0  5.64E-06 1.13E+01 3.00E+00
   7 1.46E-01 4.68E+03 8.08E+14 4.26E+01 6.03E+00   16   0  5.92E-06 1.13E+01 3.04E+00
   8 1.55E-01 4.61E+03 8.14E+14 4.30E+01 6.07E+00   16   0  6.21E-06 1.12E+01 3.07E+00
   9 1.65E-01 4.55E+03 8.20E+14 4.33E+01 6.12E+00   16   0  6.51E-06 1.12E+01 3.10E+00
  10 1.76E-01 4.48E+03 8.27E+14 4.36E+01 6.17E+00   15   0  6.83E-06 1.11E+01 3.13E+00
  11 1.87E-01 4.41E+03 8.33E+14 4.40E+01 6.22E+00   15   0  7.15E-06 1.10E+01 3.15E+00
  12 1.99E-01 4.34E+03 8.40E+14 4.43E+01 6.26E+00   15   0  7.49E-06 1.09E+01 3.17E+00
  13 2.12E-01 4.27E+03 8.46E+14 4.47E+01 6.31E+00   15   0  7.84E-06 1.08E+01 3.19E+00
  14 2.26E-01 4.20E+03 8.53E+14 4.50E+01 6.36E+00   15   0  8.21E-06 1.07E+01 3.20E+00
  15 2.41E-01 4.14E+03 8.60E+14 4.54E+01 6.42E+00   15   0  8.59E-06 1.06E+01 3.21E+00
  16 2.56E-01 4.07E+03 8.67E+14 4.57E+01 6.47E+00   15   0  8.98E-06 1.05E+01 3.21E+00
  17 2.73E-01 4.01E+03 8.74E+14 4.61E+01 6.52E+00   15   0  9.38E-06 1.03E+01 3.22E+00
  18 2.91E-01 3.94E+03 8.81E+14 4.65E+01 6.57E+00   15   0  9.79E-06 1.02E+01 3.21E+00
  19 3.10E-01 3.88E+03 8.88E+14 4.68E+01 6.62E+00   15   0  1.02E-05 1.00E+01 3.20E+00
  20 3.30E-01 3.82E+03 8.95E+14 4.72E+01 6.68E+00   15   0  1.07E-05 9.84E+00 3.19E+00
  21 3.51E-01 3.76E+03 9.02E+14 4.76E+01 6.73E+00   14   0  1.11E-05 9.65E+00 3.18E+00
  22 3.74E-01 3.70E+03 9.09E+14 4.80E+01 6.78E+00   14   0  1.16E-05 9.46E+00 3.16E+00
  23 3.98E-01 3.65E+03 9.16E+14 4.83E+01 6.83E+00   14   0  1.21E-05 9.26E+00 3.14E+00
  24 4.24E-01 3.59E+03 9.23E+14 4.87E+01 6.88E+00   14   0  1.26E-05 9.05E+00 3.11E+00
  25 4.51E-01 3.54E+03 9.30E+14 4.91E+01 6.94E+00   14   0  1.31E-05 8.83E+00 3.08E+00
  26 4.80E-01 3.49E+03 9.36E+14 4.94E+01 6.99E+00   14   0  1.36E-05 8.61E+00 3.04E+00
  27 5.11E-01 3.44E+03 9.43E+14 4.98E+01 7.04E+00   14   0  1.41E-05 8.38E+00 3.01E+00
  28 5.45E-01 3.39E+03 9.50E+14 5.01E+01 7.09E+00   14   0  1.47E-05 8.21E+00 2.98E+00
  29 5.80E-01 3.34E+03 9.57E+14 5.05E+01 7.14E+00   14   0  1.53E-05 8.08E+00 2.95E+00
  30 6.17E-01 3.29E+03 9.64E+14 5.09E+01 7.19E+00   14   0  1.60E-05 7.94E+00 2.92E+00
  31 6.57E-01 3.25E+03 9.71E+14 5.12E+01 7.24E+00   14   0  1.67E-05 7.80E+00 2.89E+00
  32 7.00E-01 3.20E+03 9.77E+14 5.16E+01 7.29E+00   13   0  1.74E-05 7.66E+00 2.85E+00
  33 7.45E-01 3.16E+03 9.84E+14 5.19E+01 7.34E+00   13   0  1.82E-05 7.52E+00 2.82E+00
  34 7.94E-01 3.12E+03 9.91E+14 5.23E+01 7.39E+00   13   0  1.90E-05 7.38E+00 2.78E+00
  35 8.45E-01 3.08E+03 9.97E+14 5.26E+01 7.44E+00   13   0  1.98E-05 7.24E+00 2.74E+00
  36 9.00E-01 3.04E+03 1.00E+15 5.30E+01 7.49E+00   13   0  2.06E-05 7.10E+00 2.69E+00
  37 9.58E-01 3.00E+03 1.01E+15 5.33E+01 7.54E+00   13   0  2.15E-05 6.96E+00 2.65E+00
  38 1.02E+00 2.96E+03 1.02E+15 5.37E+01 7.59E+00   13   0  2.24E-05 6.82E+00 2.60E+00
  39 1.09E+00 2.92E+03 1.02E+15 5.40E+01 7.63E+00   13   0  2.34E-05 6.69E+00 2.56E+00
  40 1.16E+00 2.88E+03 1.03E+15 5.44E+01 7.69E+00   13   0  2.43E-05 6.56E+00 2.51E+00
  41 1.23E+00 2.84E+03 1.04E+15 5.48E+01 7.74E+00   13   0  2.54E-05 6.43E+00 2.46E+00
  42 1.31E+00 2.82E+03 1.04E+15 5.50E+01 7.77E+00   13   0  2.62E-05 6.33E+00 2.42E+00
  43 1.40E+00 2.78E+03 1.05E+15 5.53E+01 7.82E+00   13   0  2.73E-05 6.19E+00 2.37E+00
  44 1.49E+00 2.75E+03 1.06E+15 5.57E+01 7.87E+00   13   0  2.84E-05 6.06E+00 2.32E+00
  45 1.58E+00 2.71E+03 1.06E+15 5.60E+01 7.92E+00   12   0  2.96E-05 5.94E+00 2.28E+00
  46 1.69E+00 2.67E+03 1.07E+15 5.64E+01 7.98E+00   12   0  3.11E-05 5.88E+00 2.21E+00
  47 1.80E+00 2.64E+03 1.08E+15 5.68E+01 8.03E+00   12   0  3.24E-05 5.76E+00 2.16E+00
  48 1.91E+00 2.61E+03 1.08E+15 5.71E+01 8.07E+00   12   0  3.37E-05 5.65E+00 2.11E+00
  49 2.04E+00 2.58E+03 1.09E+15 5.75E+01 8.12E+00   12   0  3.52E-05 5.54E+00 2.06E+00
  50 2.17E+00 2.55E+03 1.10E+15 5.78E+01 8.17E+00   12   0  3.67E-05 5.43E+00 2.02E+00
  51 2.31E+00 2.52E+03 1.10E+15 5.81E+01 8.22E+00   12   0  3.82E-05 5.33E+00 1.97E+00
  52 2.46E+00 2.49E+03 1.11E+15 5.85E+01 8.27E+00   12   0  3.99E-05 5.22E+00 1.93E+00
  53 2.62E+00 2.46E+03 1.12E+15 5.88E+01 8.32E+00   12   0  4.16E-05 5.12E+00 1.88E+00
  54 2.79E+00 2.44E+03 1.12E+15 5.91E+01 8.35E+00   12   1  4.29E-05 5.06E+00 1.85E+00
  55 2.97E+00 2.41E+03 1.13E+15 5.94E+01 8.40E+00   12   1  4.48E-05 4.97E+00 1.80E+00
  56 3.16E+00 2.38E+03 1.13E+15 5.98E+01 8.45E+00   12   1  4.68E-05 4.88E+00 1.76E+00
  57 3.36E+00 2.35E+03 1.14E+15 6.02E+01 8.51E+00   12   1  4.88E-05 4.80E+00 1.72E+00
  58 3.58E+00 2.32E+03 1.15E+15 6.05E+01 8.56E+00   12   1  5.10E-05 4.72E+00 1.68E+00
  59 3.81E+00 2.29E+03 1.16E+15 6.10E+01 8.62E+00   11   1  5.34E-05 4.70E+00 1.63E+00
  60 4.06E+00 2.26E+03 1.16E+15 6.14E+01 8.68E+00   11   1  5.58E-05 4.62E+00 1.59E+00
  61 4.32E+00 2.24E+03 1.17E+15 6.17E+01 8.72E+00   11   0  5.80E-05 4.69E+00 1.53E+00
  62 4.60E+00 2.21E+03 1.18E+15 6.20E+01 8.77E+00   11   0  6.06E-05 4.62E+00 1.49E+00
  63 4.90E+00 2.19E+03 1.18E+15 6.24E+01 8.83E+00   11   0  6.33E-05 4.55E+00 1.46E+00
  64 5.22E+00 2.16E+03 1.19E+15 6.28E+01 8.88E+00   11   0  6.61E-05 4.49E+00 1.43E+00
  65 5.56E+00 2.13E+03 1.20E+15 6.32E+01 8.94E+00   11   0  6.91E-05 4.43E+00 1.39E+00
  66 5.92E+00 2.10E+03 1.21E+15 6.36E+01 9.00E+00   11   0  7.22E-05 4.37E+00 1.36E+00
  67 6.30E+00 2.08E+03 1.21E+15 6.40E+01 9.05E+00   11   0  7.55E-05 4.31E+00 1.33E+00
  68 6.71E+00 2.05E+03 1.22E+15 6.45E+01 9.11E+00   11   0  7.89E-05 4.26E+00 1.30E+00
  69 7.14E+00 2.02E+03 1.23E+15 6.49E+01 9.17E+00   11   0  8.26E-05 4.21E+00 1.28E+00
  70 7.61E+00 2.00E+03 1.24E+15 6.52E+01 9.22E+00   11   0  8.53E-05 4.17E+00 1.25E+00
  71 8.10E+00 1.98E+03 1.24E+15 6.56E+01 9.28E+00   11   0  8.93E-05 4.12E+00 1.23E+00
  72 8.62E+00 1.95E+03 1.25E+15 6.61E+01 9.34E+00   11   0  9.35E-05 4.08E+00 1.20E+00
  73 9.18E+00 1.92E+03 1.26E+15 6.66E+01 9.41E+00   11   0  9.79E-05 4.03E+00 1.18E+00
  74 9.78E+00 1.90E+03 1.27E+15 6.70E+01 9.48E+00   11   0  1.03E-04 3.99E+00 1.15E+00
  75 1.04E+01 1.87E+03 1.28E+15 6.75E+01 9.55E+00   10   0  1.08E-04 3.95E+00 1.13E+00
  76 1.11E+01 1.84E+03 1.29E+15 6.80E+01 9.62E+00   10   0  1.13E-04 3.91E+00 1.11E+00
  77 1.18E+01 1.81E+03 1.30E+15 6.85E+01 9.69E+00   10   0  1.18E-04 3.87E+00 1.09E+00
  78 1.26E+01 1.79E+03 1.31E+15 6.91E+01 9.76E+00   10   0  1.24E-04 3.84E+00 1.07E+00
  79 1.34E+01 1.76E+03 1.32E+15 6.96E+01 9.84E+00   10   0  1.30E-04 3.80E+00 1.05E+00
  80 1.42E+01 1.73E+03 1.33E+15 7.02E+01 9.92E+00   10   0  1.36E-04 3.77E+00 1.03E+00
  81 1.52E+01 1.70E+03 1.34E+15 7.07E+01 1.00E+01   10   0  1.43E-04 3.74E+00 1.01E+00
  82 1.62E+01 1.67E+03 1.35E+15 7.13E+01 1.01E+01   10   0  1.50E-04 3.71E+00 9.94E-01
  83 1.72E+01 1.65E+03 1.36E+15 7.19E+01 1.02E+01   10   1  1.58E-04 3.68E+00 9.77E-01
  84 1.83E+01 1.62E+03 1.37E+15 7.25E+01 1.03E+01   10   1  1.66E-04 3.66E+00 9.61E-01
  85 1.95E+01 1.59E+03 1.39E+15 7.32E+01 1.03E+01   10   1  1.75E-04 3.63E+00 9.45E-01
  86 2.08E+01 1.56E+03 1.40E+15 7.38E+01 1.04E+01   10   1  1.84E-04 3.60E+00 9.31E-01
  87 2.21E+01 1.54E+03 1.41E+15 7.43E+01 1.05E+01   10   1  1.92E-04 3.60E+00 9.12E-01
  88 2.35E+01 1.51E+03 1.42E+15 7.50E+01 1.06E+01   10   1  2.02E-04 3.57E+00 8.98E-01
  89 2.51E+01 1.49E+03 1.43E+15 7.57E+01 1.07E+01   10   1  2.13E-04 3.55E+00 8.86E-01
  90 2.67E+01 1.46E+03 1.45E+15 7.65E+01 1.08E+01   10   1  2.24E-04 3.52E+00 8.73E-01
  91 2.84E+01 1.43E+03 1.46E+15 7.72E+01 1.09E+01   10   1  2.36E-04 3.50E+00 8.61E-01
  92 3.03E+01 1.40E+03 1.48E+15 7.80E+01 1.10E+01    9   1 2.49E-04 3.47E+00 8.50E-01
  93 3.22E+01 1.37E+03 1.49E+15 7.89E+01 1.12E+01    9   1 2.62E-04 3.45E+00 8.39E-01
  94 3.43E+01 1.33E+03 1.52E+15 8.00E+01 1.13E+01    9   1 2.76E-04 3.44E+00 8.24E-01
  95 3.65E+01 1.30E+03 1.53E+15 8.09E+01 1.14E+01    9   2 2.92E-04 3.41E+00 8.15E-01
  96 3.89E+01 1.27E+03 1.55E+15 8.19E+01 1.16E+01    9   2 3.08E-04 3.38E+00 8.05E-01
  97 4.14E+01 1.24E+03 1.57E+15 8.29E+01 1.17E+01    9   2 3.26E-04 3.36E+00 7.97E-01
  98 4.41E+01 1.21E+03 1.59E+15 8.39E+01 1.19E+01    9   2 3.45E-04 3.33E+00 7.88E-01
  99 4.70E+01 1.18E+03 1.61E+15 8.50E+01 1.20E+01    9   2 3.65E-04 3.31E+00 7.80E-01
 100 5.00E+01 1.15E+03 1.63E+15 8.61E+01 1.22E+01    9   2 3.87E-04 3.28E+00 7.73E-01
 ======================================================================================
   (1) Optical depth at 1.0E+01 microns
   (2) Bolometric flux at the inner radius 
   (3) Inner radius for L=1E4 Lsun
   (4) Ratio of the inner to the stellar radius
   (5) Angular size (in arcsec) when Fbol=1E-6 W/m2
   (6) Dust temperature at the outer edge (in K)
   (7) Maximum error in flux conservation (%)
   (8) Mass-loss rate (in Msun/yr)
   (9) Terminal outflow velocity (in km/s)
   (10) Upper limit of the stellar mass (in Msun)
 =================================================
  Everything is OK for all models
  Spectra are in files *.s##
 ========== THE END ==============================
