 ===========================
  Output from program Dusty 
  Version: 2.0
 ===========================
  
  INPUT parameters from file:
  year4_2800_800.inp                                                    
  
* ----------------------------------------------------------------------
* NOTES:
* This is a simple version of an input file producing a minimal output.
* ----------------------------------------------------------------------
  Central source spectrum described by a black body                       
  with temperature: 2800 K
  --------------------------------------------
  Abundances for supported grains:
  Sil-Ow Sil-Oc Sil-DL grf-DL amC-Hn SiC-Pg
  1.000  0.000  0.000  0.000  0.000  0.000
  MRN size distribution:
       Power q:  3.5
  Minimal size: 5.00E-03 microns
  Maximal size: 2.50E-01 microns
  --------------------------------------------
  Dust temperature on the inner boundary: 800  K
  --------------------------------------------
  Density for radiatively driven winds from
  full dynamic calculation.
  Relative thickness: 1.000E+04
  --------------------------------------------
  Optical depths at 1.0E+01 microns
  ranging from 1.00E-01 to 5.00E+01
  100 models with logarithmic grid           
  Required accuracy: 5%
  --------------------------------------------
  
  ====================================================  
  For compliance with the point-source assumption, the
  following results should only be applied to sources 
  whose effective temperature exceeds 1668 K.
  ====================================================
          
  RESULTS:
  --------
 ###   tau0   F1(W/m2)  r1(cm)    r1/rc   theta1  Td(Y) err   Mdot      Ve       M> 
 ###     1        2        3        4        5      6    7      8        9       10 
 ======================================================================================
   1 1.00E-01 2.27E+04 3.67E+14 1.24E+01 2.74E+00   20   0  2.44E-06 1.35E+01 1.83E+00
   2 1.06E-01 2.25E+04 3.69E+14 1.25E+01 2.75E+00   20   0  2.57E-06 1.36E+01 1.87E+00
   3 1.13E-01 2.22E+04 3.72E+14 1.25E+01 2.77E+00   20   0  2.73E-06 1.37E+01 1.91E+00
   4 1.21E-01 2.19E+04 3.74E+14 1.26E+01 2.79E+00   20   0  2.87E-06 1.37E+01 1.94E+00
   5 1.29E-01 2.17E+04 3.76E+14 1.27E+01 2.80E+00   20   0  3.02E-06 1.37E+01 1.98E+00
   6 1.37E-01 2.14E+04 3.78E+14 1.28E+01 2.82E+00   19   0  3.17E-06 1.38E+01 2.01E+00
   7 1.46E-01 2.11E+04 3.80E+14 1.28E+01 2.84E+00   19   0  3.33E-06 1.38E+01 2.04E+00
   8 1.55E-01 2.09E+04 3.83E+14 1.29E+01 2.86E+00   19   0  3.50E-06 1.38E+01 2.07E+00
   9 1.65E-01 2.06E+04 3.85E+14 1.30E+01 2.87E+00   19   0  3.68E-06 1.38E+01 2.10E+00
  10 1.76E-01 2.03E+04 3.88E+14 1.31E+01 2.89E+00   19   0  3.86E-06 1.37E+01 2.13E+00
  11 1.87E-01 2.01E+04 3.90E+14 1.32E+01 2.91E+00   19   0  4.06E-06 1.37E+01 2.15E+00
  12 1.99E-01 1.98E+04 3.93E+14 1.33E+01 2.93E+00   19   0  4.26E-06 1.37E+01 2.18E+00
  13 2.12E-01 1.95E+04 3.96E+14 1.34E+01 2.95E+00   19   0  4.47E-06 1.36E+01 2.20E+00
  14 2.26E-01 1.92E+04 3.99E+14 1.35E+01 2.98E+00   19   0  4.69E-06 1.35E+01 2.22E+00
  15 2.41E-01 1.89E+04 4.02E+14 1.36E+01 3.00E+00   19   0  4.91E-06 1.34E+01 2.24E+00
  16 2.56E-01 1.87E+04 4.05E+14 1.37E+01 3.02E+00   19   0  5.15E-06 1.34E+01 2.26E+00
  17 2.73E-01 1.84E+04 4.08E+14 1.38E+01 3.04E+00   19   0  5.40E-06 1.32E+01 2.27E+00
  18 2.91E-01 1.81E+04 4.11E+14 1.39E+01 3.07E+00   19   0  5.66E-06 1.31E+01 2.28E+00
  19 3.10E-01 1.78E+04 4.14E+14 1.40E+01 3.09E+00   18   0  5.92E-06 1.30E+01 2.29E+00
  20 3.30E-01 1.76E+04 4.17E+14 1.41E+01 3.11E+00   18   0  6.20E-06 1.28E+01 2.30E+00
  21 3.51E-01 1.73E+04 4.21E+14 1.42E+01 3.14E+00   18   0  6.49E-06 1.27E+01 2.30E+00
  22 3.74E-01 1.70E+04 4.24E+14 1.43E+01 3.16E+00   18   0  6.79E-06 1.25E+01 2.30E+00
  23 3.98E-01 1.68E+04 4.27E+14 1.44E+01 3.19E+00   18   0  7.09E-06 1.23E+01 2.30E+00
  24 4.24E-01 1.65E+04 4.31E+14 1.45E+01 3.21E+00   18   0  7.41E-06 1.21E+01 2.30E+00
  25 4.51E-01 1.62E+04 4.34E+14 1.47E+01 3.24E+00   18   0  7.74E-06 1.19E+01 2.29E+00
  26 4.80E-01 1.60E+04 4.37E+14 1.48E+01 3.26E+00   18   0  8.08E-06 1.17E+01 2.28E+00
  27 5.11E-01 1.57E+04 4.41E+14 1.49E+01 3.29E+00   18   0  8.43E-06 1.15E+01 2.27E+00
  28 5.45E-01 1.55E+04 4.44E+14 1.50E+01 3.31E+00   18   0  8.79E-06 1.13E+01 2.25E+00
  29 5.80E-01 1.53E+04 4.47E+14 1.51E+01 3.34E+00   17   0  9.16E-06 1.10E+01 2.23E+00
  30 6.17E-01 1.50E+04 4.51E+14 1.52E+01 3.36E+00   17   0  9.54E-06 1.08E+01 2.21E+00
  31 6.57E-01 1.48E+04 4.54E+14 1.53E+01 3.39E+00   17   0  9.93E-06 1.05E+01 2.19E+00
  32 7.00E-01 1.46E+04 4.58E+14 1.55E+01 3.41E+00   17   0  1.03E-05 1.03E+01 2.17E+00
  33 7.45E-01 1.44E+04 4.61E+14 1.56E+01 3.44E+00   17   0  1.08E-05 1.01E+01 2.15E+00
  34 7.94E-01 1.42E+04 4.64E+14 1.57E+01 3.47E+00   17   0  1.13E-05 9.96E+00 2.14E+00
  35 8.45E-01 1.40E+04 4.68E+14 1.58E+01 3.49E+00   17   0  1.18E-05 9.81E+00 2.12E+00
  36 9.00E-01 1.38E+04 4.71E+14 1.59E+01 3.52E+00   17   0  1.24E-05 9.65E+00 2.10E+00
  37 9.58E-01 1.36E+04 4.75E+14 1.60E+01 3.54E+00   17   0  1.29E-05 9.49E+00 2.07E+00
  38 1.02E+00 1.34E+04 4.78E+14 1.61E+01 3.57E+00   17   0  1.35E-05 9.34E+00 2.05E+00
  39 1.09E+00 1.32E+04 4.82E+14 1.63E+01 3.59E+00   16   0  1.41E-05 9.18E+00 2.02E+00
  40 1.16E+00 1.30E+04 4.85E+14 1.64E+01 3.62E+00   16   0  1.48E-05 9.01E+00 2.00E+00
  41 1.23E+00 1.28E+04 4.88E+14 1.65E+01 3.64E+00   16   0  1.55E-05 8.85E+00 1.97E+00
  42 1.31E+00 1.27E+04 4.91E+14 1.66E+01 3.66E+00   16   0  1.60E-05 8.72E+00 1.95E+00
  43 1.40E+00 1.25E+04 4.94E+14 1.67E+01 3.69E+00   16   0  1.67E-05 8.56E+00 1.92E+00
  44 1.49E+00 1.24E+04 4.98E+14 1.68E+01 3.71E+00   16   0  1.75E-05 8.40E+00 1.89E+00
  45 1.58E+00 1.22E+04 5.01E+14 1.69E+01 3.74E+00   16   0  1.82E-05 8.25E+00 1.86E+00
  46 1.69E+00 1.20E+04 5.05E+14 1.71E+01 3.77E+00   16   0  1.92E-05 8.15E+00 1.81E+00
  47 1.80E+00 1.18E+04 5.09E+14 1.72E+01 3.80E+00   16   0  2.00E-05 8.01E+00 1.78E+00
  48 1.91E+00 1.17E+04 5.12E+14 1.73E+01 3.82E+00   16   0  2.09E-05 7.86E+00 1.75E+00
  49 2.04E+00 1.15E+04 5.16E+14 1.74E+01 3.85E+00   16   0  2.19E-05 7.72E+00 1.72E+00
  50 2.17E+00 1.13E+04 5.19E+14 1.75E+01 3.87E+00   15   0  2.29E-05 7.58E+00 1.69E+00
  51 2.31E+00 1.12E+04 5.23E+14 1.77E+01 3.90E+00   15   0  2.39E-05 7.45E+00 1.65E+00
  52 2.46E+00 1.10E+04 5.26E+14 1.78E+01 3.93E+00   15   0  2.50E-05 7.32E+00 1.62E+00
  53 2.62E+00 1.09E+04 5.30E+14 1.79E+01 3.95E+00   15   0  2.61E-05 7.19E+00 1.59E+00
  54 2.79E+00 1.08E+04 5.33E+14 1.80E+01 3.97E+00   15   0  2.69E-05 7.12E+00 1.56E+00
  55 2.97E+00 1.06E+04 5.36E+14 1.81E+01 4.00E+00   15   0  2.82E-05 7.00E+00 1.53E+00
  56 3.16E+00 1.05E+04 5.40E+14 1.82E+01 4.03E+00   15   0  2.95E-05 6.88E+00 1.50E+00
  57 3.36E+00 1.04E+04 5.43E+14 1.84E+01 4.05E+00   15   0  3.08E-05 6.77E+00 1.47E+00
  58 3.58E+00 1.02E+04 5.47E+14 1.85E+01 4.08E+00   15   0  3.22E-05 6.67E+00 1.44E+00
  59 3.81E+00 1.01E+04 5.52E+14 1.86E+01 4.12E+00   15   0  3.39E-05 6.63E+00 1.40E+00
  60 4.06E+00 9.92E+03 5.55E+14 1.88E+01 4.14E+00   15   0  3.54E-05 6.53E+00 1.37E+00
  61 4.32E+00 9.81E+03 5.58E+14 1.89E+01 4.17E+00   15   0  3.69E-05 6.60E+00 1.33E+00
  62 4.60E+00 9.68E+03 5.62E+14 1.90E+01 4.19E+00   14   0  3.86E-05 6.51E+00 1.30E+00
  63 4.90E+00 9.55E+03 5.66E+14 1.91E+01 4.22E+00   14   0  4.04E-05 6.42E+00 1.27E+00
  64 5.22E+00 9.42E+03 5.70E+14 1.92E+01 4.25E+00   14   0  4.22E-05 6.34E+00 1.25E+00
  65 5.56E+00 9.29E+03 5.74E+14 1.94E+01 4.28E+00   14   0  4.42E-05 6.25E+00 1.22E+00
  66 5.92E+00 9.17E+03 5.78E+14 1.95E+01 4.31E+00   14   0  4.62E-05 6.18E+00 1.20E+00
  67 6.30E+00 9.04E+03 5.82E+14 1.96E+01 4.34E+00   14   0  4.84E-05 6.10E+00 1.17E+00
  68 6.71E+00 8.91E+03 5.86E+14 1.98E+01 4.37E+00   14   0  5.06E-05 6.03E+00 1.15E+00
  69 7.14E+00 8.79E+03 5.90E+14 1.99E+01 4.40E+00   14   0  5.30E-05 5.96E+00 1.13E+00
  70 7.61E+00 8.70E+03 5.93E+14 2.00E+01 4.42E+00   14   0  5.48E-05 5.92E+00 1.11E+00
  71 8.10E+00 8.58E+03 5.97E+14 2.02E+01 4.45E+00   14   0  5.74E-05 5.86E+00 1.09E+00
  72 8.62E+00 8.45E+03 6.01E+14 2.03E+01 4.49E+00   14   0  6.02E-05 5.80E+00 1.07E+00
  73 9.18E+00 8.33E+03 6.06E+14 2.05E+01 4.52E+00   14   0  6.31E-05 5.74E+00 1.05E+00
  74 9.78E+00 8.20E+03 6.11E+14 2.06E+01 4.56E+00   14   0  6.62E-05 5.68E+00 1.03E+00
  75 1.04E+01 8.08E+03 6.15E+14 2.08E+01 4.59E+00   14   0  6.94E-05 5.63E+00 1.01E+00
  76 1.11E+01 7.95E+03 6.20E+14 2.09E+01 4.63E+00   13   0  7.28E-05 5.58E+00 9.91E-01
  77 1.18E+01 7.82E+03 6.25E+14 2.11E+01 4.66E+00   13   0  7.64E-05 5.53E+00 9.74E-01
  78 1.26E+01 7.70E+03 6.30E+14 2.13E+01 4.70E+00   13   0  8.02E-05 5.48E+00 9.58E-01
  79 1.34E+01 7.57E+03 6.36E+14 2.15E+01 4.74E+00   13   0  8.43E-05 5.44E+00 9.42E-01
  80 1.42E+01 7.44E+03 6.41E+14 2.17E+01 4.78E+00   13   0  8.85E-05 5.40E+00 9.27E-01
  81 1.52E+01 7.31E+03 6.47E+14 2.18E+01 4.83E+00   13   0  9.30E-05 5.36E+00 9.13E-01
  82 1.62E+01 7.15E+03 6.54E+14 2.21E+01 4.88E+00   13   0  9.76E-05 5.32E+00 8.94E-01
  83 1.72E+01 7.01E+03 6.60E+14 2.23E+01 4.93E+00   13   1  1.03E-04 5.28E+00 8.81E-01
  84 1.83E+01 6.88E+03 6.67E+14 2.25E+01 4.97E+00   13   1  1.08E-04 5.25E+00 8.69E-01
  85 1.95E+01 6.75E+03 6.73E+14 2.27E+01 5.02E+00   13   1  1.14E-04 5.21E+00 8.57E-01
  86 2.08E+01 6.61E+03 6.80E+14 2.30E+01 5.07E+00   13   1  1.20E-04 5.18E+00 8.46E-01
  87 2.21E+01 6.51E+03 6.86E+14 2.32E+01 5.12E+00   13   1  1.25E-04 5.18E+00 8.31E-01
  88 2.35E+01 6.37E+03 6.93E+14 2.34E+01 5.17E+00   13   1  1.32E-04 5.15E+00 8.21E-01
  89 2.51E+01 6.23E+03 7.01E+14 2.37E+01 5.23E+00   13   1  1.40E-04 5.11E+00 8.11E-01
  90 2.67E+01 6.09E+03 7.09E+14 2.39E+01 5.29E+00   13   1  1.47E-04 5.08E+00 8.02E-01
  91 2.84E+01 5.95E+03 7.17E+14 2.42E+01 5.35E+00   12   1  1.56E-04 5.05E+00 7.94E-01
  92 3.03E+01 5.81E+03 7.26E+14 2.45E+01 5.41E+00   12   1  1.64E-04 5.02E+00 7.86E-01
  93 3.22E+01 5.66E+03 7.35E+14 2.48E+01 5.48E+00   12   1  1.74E-04 4.98E+00 7.78E-01
  94 3.43E+01 5.52E+03 7.44E+14 2.51E+01 5.55E+00   12   1  1.84E-04 4.95E+00 7.71E-01
  95 3.65E+01 5.37E+03 7.54E+14 2.55E+01 5.63E+00   12   2  1.95E-04 4.91E+00 7.64E-01
  96 3.89E+01 5.23E+03 7.65E+14 2.58E+01 5.71E+00   12   2  2.07E-04 4.88E+00 7.57E-01
  97 4.14E+01 5.08E+03 7.76E+14 2.62E+01 5.79E+00   12   2  2.19E-04 4.84E+00 7.51E-01
  98 4.41E+01 4.93E+03 7.88E+14 2.66E+01 5.88E+00   12   2  2.32E-04 4.80E+00 7.46E-01
  99 4.70E+01 4.78E+03 8.00E+14 2.70E+01 5.97E+00   12   2  2.47E-04 4.76E+00 7.40E-01
 100 5.00E+01 4.63E+03 8.13E+14 2.74E+01 6.06E+00   12   2  2.62E-04 4.73E+00 7.35E-01
 ======================================================================================
   (1) Optical depth at 1.0E+01 microns
   (2) Bolometric flux at the inner radius 
   (3) Inner radius for L=1E4 Lsun
   (4) Ratio of the inner to the stellar radius
   (5) Angular size (in arcsec) when Fbol=1E-6 W/m2
   (6) Dust temperature at the outer edge (in K)
   (7) Maximum error in flux conservation (%)
   (8) Mass-loss rate (in Msun/yr)
   (9) Terminal outflow velocity (in km/s)
   (10) Upper limit of the stellar mass (in Msun)
 =================================================
  Everything is OK for all models
  Spectra are in files *.s##
 ========== THE END ==============================
